=== CPM-80\CB80.dcproject
*** CPM-80\CB80.dcproject
020A: warning: Call target address 172D is invalid.
0224: warning: Call target address 177D is invalid.
0105: warning: Call target address 1729 is invalid.
1239: warning: Procedure fn100A previously had a return address of 2 bytes on the stack, but now seems to have a return address of 0 bytes on the stack.
1239: warning: Procedure fn100A previously had a return address of 2 bytes on the stack, but now seems to have a return address of 0 bytes on the stack.
1052: warning: Procedure fn100A previously had a return address of 2 bytes on the stack, but now seems to have a return address of 0 bytes on the stack.
1052: warning: Procedure fn100A previously had a return address of 2 bytes on the stack, but now seems to have a return address of 0 bytes on the stack.
08E9: warning: Procedure fn082F previously had a return address of 2 bytes on the stack, but now seems to have a return address of 0 bytes on the stack.
08FC: warning: Procedure fn082F previously had a return address of 2 bytes on the stack, but now seems to have a return address of 0 bytes on the stack.
08DA: warning: Procedure fn082F previously had a return address of 2 bytes on the stack, but now seems to have a return address of 0 bytes on the stack.
0904: warning: Procedure fn082F previously had a return address of 2 bytes on the stack, but now seems to have a return address of 0 bytes on the stack.
0916: warning: Procedure fn082F previously had a return address of 2 bytes on the stack, but now seems to have a return address of 0 bytes on the stack.
091F: warning: Procedure fn082F previously had a return address of 2 bytes on the stack, but now seems to have a return address of 0 bytes on the stack.
130B: warning: Procedure fn12D8 previously had a return address of 2 bytes on the stack, but now seems to have a return address of 0 bytes on the stack.
130B: warning: Procedure fn12D8 previously had a return address of 2 bytes on the stack, but now seems to have a return address of 0 bytes on the stack.
092C: error: An error occurred while processing instruction at address 092C.
    The given key was not present in the dictionary.
       at System.ThrowHelper.ThrowKeyNotFoundException()
   at System.Collections.Generic.Dictionary`2.get_Item(TKey key)
   at Reko.Analysis.ExpressionPropagator.GetStackDepthBeforeCall() in D:\dev\uxmal\reko\master\src\Decompiler\Analysis\ExpressionPropagator.cs:line 152
   at Reko.Analysis.ExpressionPropagator.VisitCallInstruction(CallInstruction ci) in D:\dev\uxmal\reko\master\src\Decompiler\Analysis\ExpressionPropagator.cs:line 108
   at Reko.Core.Code.CallInstruction.Accept[T](InstructionVisitor`1 visitor) in D:\dev\uxmal\reko\master\src\Core\Code\CallInstruction.cs:line 66
   at Reko.Analysis.TrashedRegisterFinder.RewriteBlock(Block block) in D:\dev\uxmal\reko\master\src\Decompiler\Analysis\TrashedRegisterFinder.cs:line 219
092C: error: An error occurred while processing instruction at address 092C.
    The given key was not present in the dictionary.
       at System.ThrowHelper.ThrowKeyNotFoundException()
   at System.Collections.Generic.Dictionary`2.get_Item(TKey key)
   at Reko.Analysis.ExpressionPropagator.GetStackDepthBeforeCall() in D:\dev\uxmal\reko\master\src\Decompiler\Analysis\ExpressionPropagator.cs:line 152
   at Reko.Analysis.ExpressionPropagator.VisitCallInstruction(CallInstruction ci) in D:\dev\uxmal\reko\master\src\Decompiler\Analysis\ExpressionPropagator.cs:line 108
   at Reko.Core.Code.CallInstruction.Accept[T](InstructionVisitor`1 visitor) in D:\dev\uxmal\reko\master\src\Core\Code\CallInstruction.cs:line 66
   at Reko.Analysis.TrashedRegisterFinder.RewriteBlock(Block block) in D:\dev\uxmal\reko\master\src\Decompiler\Analysis\TrashedRegisterFinder.cs:line 219
1691: error: An error occurred while processing instruction at address 1691.
    The given key was not present in the dictionary.
       at System.ThrowHelper.ThrowKeyNotFoundException()
   at System.Collections.Generic.Dictionary`2.get_Item(TKey key)
   at Reko.Analysis.ExpressionPropagator.GetStackDepthBeforeCall() in D:\dev\uxmal\reko\master\src\Decompiler\Analysis\ExpressionPropagator.cs:line 152
   at Reko.Analysis.ExpressionPropagator.VisitCallInstruction(CallInstruction ci) in D:\dev\uxmal\reko\master\src\Decompiler\Analysis\ExpressionPropagator.cs:line 108
   at Reko.Core.Code.CallInstruction.Accept[T](InstructionVisitor`1 visitor) in D:\dev\uxmal\reko\master\src\Core\Code\CallInstruction.cs:line 66
   at Reko.Analysis.TrashedRegisterFinder.RewriteBlock(Block block) in D:\dev\uxmal\reko\master\src\Decompiler\Analysis\TrashedRegisterFinder.cs:line 219
fn092A: error: An error occurred during data flow analysis.
    The given key was not present in the dictionary.
       at System.ThrowHelper.ThrowKeyNotFoundException()
   at System.Collections.Generic.Dictionary`2.get_Item(TKey key)
   at Reko.Analysis.SsaIdentifierCollection.get_Item(Identifier id) in D:\dev\uxmal\reko\master\src\Decompiler\Analysis\SsaIdentifierCollection.cs:line 55
   at Reko.Analysis.DeadCode.VisitIdentifier(Identifier id) in D:\dev\uxmal\reko\master\src\Decompiler\Analysis\DeadCode.cs:line 148
   at Reko.Core.Expressions.Identifier.Accept(IExpressionVisitor v) in D:\dev\uxmal\reko\master\src\Core\Expressions\Identifier.cs:line 91
   at Reko.Core.Code.InstructionVisitorBase.VisitApplication(Application appl) in D:\dev\uxmal\reko\master\src\Core\Code\InstructionVisitor.cs:line 152
   at Reko.Core.Expressions.Application.Accept(IExpressionVisitor v) in D:\dev\uxmal\reko\master\src\Core\Expressions\Application.cs:line 60
   at Reko.Analysis.DeadCode.VisitAssignment(Assignment a) in D:\dev\uxmal\reko\master\src\Decompiler\Analysis\DeadCode.cs:line 143
   at Reko.Core.Code.Assignment.Accept(InstructionVisitor v) in D:\dev\uxmal\reko\master\src\Core\Code\Assignment.cs:line 56
   at Reko.Analysis.DeadCode.Eliminate() in D:\dev\uxmal\reko\master\src\Decompiler\Analysis\DeadCode.cs:line 100
   at Reko.Analysis.DeadCode.Eliminate(Procedure proc, SsaState ssa) in D:\dev\uxmal\reko\master\src\Decompiler\Analysis\DeadCode.cs:line 82
   at Reko.Analysis.DataFlowAnalysis.BuildExpressionTrees() in D:\dev\uxmal\reko\master\src\Decompiler\Analysis\DataFlowAnalysis.cs:line 100
fn092A_exit: warning: Phi functions will be ignored by type analysis. This may be caused by a failure in a previous stage of the decompilation.
=== Elf\ARM\angr-685\RTOSDemo.axf
*** Elf\ARM\angr-685\RTOSDemo.axf
00008200: error: The method or operation is not implemented.
0000951A: error: An error occurred while processing the statement Mem29[r3_24 + 0x00000000:word32] = Mem0[r3_24 - r4_10 + 0x00000000:word32].
    Not handling (ptr32 (struct (0 T_7667 t0000))) and (ptr32 (struct (0 (arr T_9980) a0000))) yet
       at Reko.Typing.ExpressionTypeDescender.PushMinuendDataType(DataType dtDiff, DataType dtSub) in D:\dev\uxmal\reko\master\src\Decompiler\Typing\ExpressionTypeDescender.cs:line 376
   at Reko.Typing.ExpressionTypeDescender.VisitBinaryExpression(BinaryExpression binExp, TypeVariable tv) in D:\dev\uxmal\reko\master\src\Decompiler\Typing\ExpressionTypeDescender.cs:line 227
   at Reko.Core.Expressions.BinaryExpression.Accept[T,C](ExpressionVisitor`2 v, C context) in D:\dev\uxmal\reko\master\src\Core\Expressions\BinaryExpression.cs:line 54
   at Reko.Typing.ExpressionTypeDescender.VisitMemoryAccess(Expression basePointer, TypeVariable tvAccess, Expression effectiveAddress, Expression globals) in D:\dev\uxmal\reko\master\src\Decompiler\Typing\ExpressionTypeDescender.cs:line 553
   at Reko.Typing.ExpressionTypeDescender.VisitMemoryAccess(MemoryAccess access, TypeVariable tv) in D:\dev\uxmal\reko\master\src\Decompiler\Typing\ExpressionTypeDescender.cs:line 496
   at Reko.Core.Expressions.MemoryAccess.Accept[T,C](ExpressionVisitor`2 v, C context) in D:\dev\uxmal\reko\master\src\Core\Expressions\MemoryAccess.cs:line 71
   at Reko.Typing.TypeCollector.VisitStore(Store store) in D:\dev\uxmal\reko\master\src\Decompiler\Typing\TypeCollector.cs:line 227
   at Reko.Core.Code.Store.Accept(InstructionVisitor v) in D:\dev\uxmal\reko\master\src\Core\Code\Assignment.cs:line 90
   at Reko.Typing.TypeCollector.CollectTypes() in D:\dev\uxmal\reko\master\src\Decompiler\Typing\TypeCollector.cs:line 84
0000A284: warning: Expected sizes of arrays to have been determined by now
20000000: warning: Expected sizes of arrays to have been determined by now
0000A2A4: warning: Expected sizes of arrays to have been determined by now
0000A554: warning: Expected sizes of arrays to have been determined by now
0000A284: warning: Expected sizes of arrays to have been determined by now
0000A2A4: warning: Expected sizes of arrays to have been determined by now
0000A554: warning: Expected sizes of arrays to have been determined by now
20000000: warning: Expected sizes of arrays to have been determined by now
=== Elf\ARM\switch\switch
=== Elf\MIPS\redir\redir
=== Elf\MIPS\swlswr\test
=== Elf\RiscV\ipcalc\ipcalc.dcproject
=== Elf\Sparc\from_boomerang\subject.exe
=== Elf\Sparc\rtems\sparc-rtems-unprotoize
*** Elf\Sparc\rtems\sparc-rtems-unprotoize
00011610: warning: Unable to resolve imported reference __register_frame_info.
00016E9C: warning: Call target address 00000014 is invalid.
00016B94: warning: Call target address 00000001 is invalid.
00027EB4: warning: Unable to resolve imported reference __udiv64.
00027EA8: warning: Unable to resolve imported reference __urem64.
00011570: warning: Call target address 02800019 is invalid.
000115A8: warning: Unable to resolve imported reference __deregister_frame_info.
00016D1C: warning: Unable to resolve imported reference __urem64.
00016D38: warning: Unable to resolve imported reference __udiv64.
00016D4C: warning: Unable to resolve imported reference __urem64.
00016D68: warning: Unable to resolve imported reference __udiv64.
00016D7C: warning: Unable to resolve imported reference __urem64.
00016D98: warning: Unable to resolve imported reference __udiv64.
00016DAC: warning: Unable to resolve imported reference __urem64.
00016DC8: warning: Unable to resolve imported reference __udiv64.
00016DDC: warning: Unable to resolve imported reference __urem64.
00016DF8: warning: Unable to resolve imported reference __udiv64.
00016E04: warning: Unable to resolve imported reference __urem64.
00015508: warning: Call target address 00000FE8 is invalid.
00015440: warning: Call target address 00000FE8 is invalid.
00027EB4: warning: Unable to resolve imported reference __udiv64.
00027EA8: warning: Unable to resolve imported reference __urem64.
safe_read: error: An error occurred while rewriting procedure to high-level language.
    Index was out of range. Must be non-negative and less than the size of the collection.
Parameter name: index
       at System.ThrowHelper.ThrowArgumentOutOfRangeException(ExceptionArgument argument, ExceptionResource resource)
   at System.Collections.Generic.List`1.get_Item(Int32 index)
   at Reko.Core.Block.get_ThenBlock() in D:\dev\uxmal\reko\master\src\Core\Block.cs:line 68
   at Reko.Structure.CompoundConditionCoalescer.MaybeCoalesce(Block block) in D:\dev\uxmal\reko\master\src\Decompiler\Structure\CompoundConditionCoalescer.cs:line 96
   at Reko.Structure.CompoundConditionCoalescer.Transform() in D:\dev\uxmal\reko\master\src\Decompiler\Structure\CompoundConditionCoalescer.cs:line 62
   at Reko.Structure.StructureAnalysis.Structure() in D:\dev\uxmal\reko\master\src\Decompiler\Structure\StructureAnalysis.cs:line 69
   at Reko.DecompilerDriver.StructureProgram() in D:\dev\uxmal\reko\master\src\Decompiler\Decompiler.cs:line 481
00017540: warning: Expected sizes of arrays to have been determined by now
00017540: warning: Expected sizes of arrays to have been determined by now
=== Elf\x86-64\ais3_crackme\ais3_crackme
=== Elf\x86-64\ls\ls
*** Elf\x86-64\ls\ls
000000000040E941: warning: Procedure fn000000000040E930 previously had a return address of 8 bytes on the stack, but now seems to have a return address of 0 bytes on the stack.
000000000041182F: warning: Procedure fn0000000000411820 previously had a return address of 8 bytes on the stack, but now seems to have a return address of 0 bytes on the stack.
000000000040D69A: warning: Procedure fn000000000040D690 previously had a return address of 8 bytes on the stack, but now seems to have a return address of 0 bytes on the stack.
0000000000406A75: warning: Procedure fn0000000000406A30 previously had a return address of 8 bytes on the stack, but now seems to have a return address of 0 bytes on the stack.
000000000040D43E: warning: Procedure fn000000000040D420 previously had a return address of 8 bytes on the stack, but now seems to have a return address of 0 bytes on the stack.
0000000000402178: warning: Unable to resolve imported reference __gmon_start__.
00000000004061A2: error: An error occurred while processing instruction at address 00000000004061A2.
    The given key was not present in the dictionary.
       at System.ThrowHelper.ThrowKeyNotFoundException()
   at System.Collections.Generic.Dictionary`2.get_Item(TKey key)
   at Reko.Analysis.ExpressionPropagator.GetStackDepthBeforeCall() in D:\dev\uxmal\reko\master\src\Decompiler\Analysis\ExpressionPropagator.cs:line 152
   at Reko.Analysis.ExpressionPropagator.VisitCallInstruction(CallInstruction ci) in D:\dev\uxmal\reko\master\src\Decompiler\Analysis\ExpressionPropagator.cs:line 108
   at Reko.Core.Code.CallInstruction.Accept[T](InstructionVisitor`1 visitor) in D:\dev\uxmal\reko\master\src\Core\Code\CallInstruction.cs:line 66
   at Reko.Analysis.TrashedRegisterFinder.RewriteBlock(Block block) in D:\dev\uxmal\reko\master\src\Decompiler\Analysis\TrashedRegisterFinder.cs:line 219
000000000040A628: error: An error occurred while processing instruction at address 000000000040A628.
    The given key was not present in the dictionary.
       at System.ThrowHelper.ThrowKeyNotFoundException()
   at System.Collections.Generic.Dictionary`2.get_Item(TKey key)
   at Reko.Analysis.ExpressionPropagator.GetStackDepthBeforeCall() in D:\dev\uxmal\reko\master\src\Decompiler\Analysis\ExpressionPropagator.cs:line 152
   at Reko.Analysis.ExpressionPropagator.VisitCallInstruction(CallInstruction ci) in D:\dev\uxmal\reko\master\src\Decompiler\Analysis\ExpressionPropagator.cs:line 108
   at Reko.Core.Code.CallInstruction.Accept[T](InstructionVisitor`1 visitor) in D:\dev\uxmal\reko\master\src\Core\Code\CallInstruction.cs:line 66
   at Reko.Analysis.TrashedRegisterFinder.RewriteBlock(Block block) in D:\dev\uxmal\reko\master\src\Decompiler\Analysis\TrashedRegisterFinder.cs:line 219
fn00000000004061B0: error: An error occurred during data flow analysis.
    Offset must be non-negative.
Parameter name: bitOffset
       at Reko.Core.Expressions.Slice..ctor(DataType dt, Expression i, Int32 bitOffset) in D:\dev\uxmal\reko\master\src\Core\Expressions\Slice.cs:line 41
   at Reko.Analysis.Aliases.CreateAliasInstruction(Identifier varFrom, Identifier varTo) in D:\dev\uxmal\reko\master\src\Decompiler\Analysis\Aliases.cs:line 248
   at Reko.Analysis.Aliases.Def(Identifier idar) in D:\dev\uxmal\reko\master\src\Decompiler\Analysis\Aliases.cs:line 95
   at Reko.Analysis.Aliases.VisitAssignment(Assignment ass) in D:\dev\uxmal\reko\master\src\Decompiler\Analysis\Aliases.cs:line 184
   at Reko.Core.Code.Assignment.Accept(InstructionVisitor v) in D:\dev\uxmal\reko\master\src\Core\Code\Assignment.cs:line 56
   at Reko.Analysis.Aliases.Transform() in D:\dev\uxmal\reko\master\src\Decompiler\Analysis\Aliases.cs:line 177
   at Reko.Analysis.DataFlowAnalysis.BuildSsaTransform(Procedure proc) in D:\dev\uxmal\reko\master\src\Decompiler\Analysis\DataFlowAnalysis.cs:line 160
   at Reko.Analysis.DataFlowAnalysis.BuildExpressionTrees() in D:\dev\uxmal\reko\master\src\Decompiler\Analysis\DataFlowAnalysis.cs:line 80
fn0000000000406B70: error: An error occurred during data flow analysis.
    Offset must be non-negative.
Parameter name: bitOffset
       at Reko.Core.Expressions.Slice..ctor(DataType dt, Expression i, Int32 bitOffset) in D:\dev\uxmal\reko\master\src\Core\Expressions\Slice.cs:line 41
   at Reko.Analysis.Aliases.CreateAliasInstruction(Identifier varFrom, Identifier varTo) in D:\dev\uxmal\reko\master\src\Decompiler\Analysis\Aliases.cs:line 248
   at Reko.Analysis.Aliases.Def(Identifier idar) in D:\dev\uxmal\reko\master\src\Decompiler\Analysis\Aliases.cs:line 95
   at Reko.Analysis.Aliases.VisitAssignment(Assignment ass) in D:\dev\uxmal\reko\master\src\Decompiler\Analysis\Aliases.cs:line 184
   at Reko.Core.Code.Assignment.Accept(InstructionVisitor v) in D:\dev\uxmal\reko\master\src\Core\Code\Assignment.cs:line 56
   at Reko.Analysis.Aliases.Transform() in D:\dev\uxmal\reko\master\src\Decompiler\Analysis\Aliases.cs:line 177
   at Reko.Analysis.DataFlowAnalysis.BuildSsaTransform(Procedure proc) in D:\dev\uxmal\reko\master\src\Decompiler\Analysis\DataFlowAnalysis.cs:line 160
   at Reko.Analysis.DataFlowAnalysis.BuildExpressionTrees() in D:\dev\uxmal\reko\master\src\Decompiler\Analysis\DataFlowAnalysis.cs:line 80
fn0000000000407EA0: error: An error occurred during data flow analysis.
    Offset must be non-negative.
Parameter name: bitOffset
       at Reko.Core.Expressions.Slice..ctor(DataType dt, Expression i, Int32 bitOffset) in D:\dev\uxmal\reko\master\src\Core\Expressions\Slice.cs:line 41
   at Reko.Analysis.Aliases.CreateAliasInstruction(Identifier varFrom, Identifier varTo) in D:\dev\uxmal\reko\master\src\Decompiler\Analysis\Aliases.cs:line 248
   at Reko.Analysis.Aliases.Def(Identifier idar) in D:\dev\uxmal\reko\master\src\Decompiler\Analysis\Aliases.cs:line 95
   at Reko.Analysis.Aliases.VisitAssignment(Assignment ass) in D:\dev\uxmal\reko\master\src\Decompiler\Analysis\Aliases.cs:line 184
   at Reko.Core.Code.Assignment.Accept(InstructionVisitor v) in D:\dev\uxmal\reko\master\src\Core\Code\Assignment.cs:line 56
   at Reko.Analysis.Aliases.Transform() in D:\dev\uxmal\reko\master\src\Decompiler\Analysis\Aliases.cs:line 177
   at Reko.Analysis.DataFlowAnalysis.BuildSsaTransform(Procedure proc) in D:\dev\uxmal\reko\master\src\Decompiler\Analysis\DataFlowAnalysis.cs:line 160
   at Reko.Analysis.DataFlowAnalysis.BuildExpressionTrees() in D:\dev\uxmal\reko\master\src\Decompiler\Analysis\DataFlowAnalysis.cs:line 80
fn000000000040BD70: error: An error occurred during data flow analysis.
    Case PE not handled.
       at Reko.Analysis.ConditionCodeEliminator.ComparisonFromConditionCode(ConditionCode cc, BinaryExpression bin, Boolean isNegated) in D:\dev\uxmal\reko\master\src\Decompiler\Analysis\ConditionCodeEliminator.cs:line 452
   at Reko.Analysis.ConditionCodeEliminator.UseGrfConditionally(SsaIdentifier sid, ConditionCode cc) in D:\dev\uxmal\reko\master\src\Decompiler\Analysis\ConditionCodeEliminator.cs:line 183
   at Reko.Analysis.ConditionCodeEliminator.VisitTestCondition(TestCondition tc) in D:\dev\uxmal\reko\master\src\Decompiler\Analysis\ConditionCodeEliminator.cs:line 412
   at Reko.Core.Expressions.TestCondition.Accept[T](ExpressionVisitor`1 visitor) in D:\dev\uxmal\reko\master\src\Core\Expressions\TestCondition.cs:line 61
   at Reko.Analysis.ConditionCodeEliminator.TransformAssignment(Assignment a) in D:\dev\uxmal\reko\master\src\Decompiler\Analysis\ConditionCodeEliminator.cs:line 195
   at Reko.Core.Code.Assignment.Accept(InstructionTransformer xform) in D:\dev\uxmal\reko\master\src\Core\Code\Assignment.cs:line 46
   at Reko.Analysis.ConditionCodeEliminator.Transform() in D:\dev\uxmal\reko\master\src\Decompiler\Analysis\ConditionCodeEliminator.cs:line 89
   at Reko.Analysis.DataFlowAnalysis.BuildExpressionTrees() in D:\dev\uxmal\reko\master\src\Decompiler\Analysis\DataFlowAnalysis.cs:line 96
fn000000000040D450: error: An error occurred during data flow analysis.
    The given key was not present in the dictionary.
       at System.ThrowHelper.ThrowKeyNotFoundException()
   at System.Collections.Generic.Dictionary`2.get_Item(TKey key)
   at Reko.Analysis.Aliases.Def(Identifier idar) in D:\dev\uxmal\reko\master\src\Decompiler\Analysis\Aliases.cs:line 91
   at Reko.Analysis.Aliases.VisitAssignment(Assignment ass) in D:\dev\uxmal\reko\master\src\Decompiler\Analysis\Aliases.cs:line 184
   at Reko.Core.Code.Assignment.Accept(InstructionVisitor v) in D:\dev\uxmal\reko\master\src\Core\Code\Assignment.cs:line 56
   at Reko.Analysis.Aliases.Transform() in D:\dev\uxmal\reko\master\src\Decompiler\Analysis\Aliases.cs:line 177
   at Reko.Analysis.DataFlowAnalysis.BuildSsaTransform(Procedure proc) in D:\dev\uxmal\reko\master\src\Decompiler\Analysis\DataFlowAnalysis.cs:line 160
   at Reko.Analysis.DataFlowAnalysis.BuildExpressionTrees() in D:\dev\uxmal\reko\master\src\Decompiler\Analysis\DataFlowAnalysis.cs:line 80
fn0000000000411900: error: An error occurred during data flow analysis.
    Offset must be non-negative.
Parameter name: bitOffset
       at Reko.Core.Expressions.Slice..ctor(DataType dt, Expression i, Int32 bitOffset) in D:\dev\uxmal\reko\master\src\Core\Expressions\Slice.cs:line 41
   at Reko.Analysis.Aliases.CreateAliasInstruction(Identifier varFrom, Identifier varTo) in D:\dev\uxmal\reko\master\src\Decompiler\Analysis\Aliases.cs:line 248
   at Reko.Analysis.Aliases.Def(Identifier idar) in D:\dev\uxmal\reko\master\src\Decompiler\Analysis\Aliases.cs:line 95
   at Reko.Analysis.Aliases.VisitAssignment(Assignment ass) in D:\dev\uxmal\reko\master\src\Decompiler\Analysis\Aliases.cs:line 184
   at Reko.Core.Code.Assignment.Accept(InstructionVisitor v) in D:\dev\uxmal\reko\master\src\Core\Code\Assignment.cs:line 56
   at Reko.Analysis.Aliases.Transform() in D:\dev\uxmal\reko\master\src\Decompiler\Analysis\Aliases.cs:line 177
   at Reko.Analysis.DataFlowAnalysis.BuildSsaTransform(Procedure proc) in D:\dev\uxmal\reko\master\src\Decompiler\Analysis\DataFlowAnalysis.cs:line 160
   at Reko.Analysis.DataFlowAnalysis.BuildExpressionTrees() in D:\dev\uxmal\reko\master\src\Decompiler\Analysis\DataFlowAnalysis.cs:line 80
000000000040401D: error: An error occurred while processing the statement word64 rax_1605 = Mem1603[rax_1582 - 0x0000000000000008 + 0x0000000000000000:word64].
    Not handling (ptr64 (struct (0 T_2873 t0000))) and (union (int64 u0) (ptr64 u1)) yet
       at Reko.Typing.ExpressionTypeDescender.PushSubtrahendDataType(DataType dtDiff, DataType dtMin) in D:\dev\uxmal\reko\master\src\Decompiler\Typing\ExpressionTypeDescender.cs:line 395
   at Reko.Typing.ExpressionTypeDescender.VisitBinaryExpression(BinaryExpression binExp, TypeVariable tv) in D:\dev\uxmal\reko\master\src\Decompiler\Typing\ExpressionTypeDescender.cs:line 229
   at Reko.Core.Expressions.BinaryExpression.Accept[T,C](ExpressionVisitor`2 v, C context) in D:\dev\uxmal\reko\master\src\Core\Expressions\BinaryExpression.cs:line 54
   at Reko.Typing.ExpressionTypeDescender.VisitMemoryAccess(Expression basePointer, TypeVariable tvAccess, Expression effectiveAddress, Expression globals) in D:\dev\uxmal\reko\master\src\Decompiler\Typing\ExpressionTypeDescender.cs:line 553
   at Reko.Typing.ExpressionTypeDescender.VisitMemoryAccess(MemoryAccess access, TypeVariable tv) in D:\dev\uxmal\reko\master\src\Decompiler\Typing\ExpressionTypeDescender.cs:line 496
   at Reko.Core.Expressions.MemoryAccess.Accept[T,C](ExpressionVisitor`2 v, C context) in D:\dev\uxmal\reko\master\src\Core\Expressions\MemoryAccess.cs:line 71
   at Reko.Typing.TypeCollector.VisitDeclaration(Declaration decl) in D:\dev\uxmal\reko\master\src\Decompiler\Typing\TypeCollector.cs:line 170
   at Reko.Core.Code.Declaration.Accept(InstructionVisitor v) in D:\dev\uxmal\reko\master\src\Core\Code\Declaration.cs:line 49
   at Reko.Typing.TypeCollector.CollectTypes() in D:\dev\uxmal\reko\master\src\Decompiler\Typing\TypeCollector.cs:line 84
0000000000406158: error: An error occurred while processing the statement branch Mem0[rax_142 - 0x0000000000000018 + 0x0000000000000000:byte] != 0x00 l0000000000406164.
    Not handling (ptr64 (struct (0 T_6807 t0000))) and (union (ui64 u0) (ptr64 u1)) yet
       at Reko.Typing.ExpressionTypeDescender.PushSubtrahendDataType(DataType dtDiff, DataType dtMin) in D:\dev\uxmal\reko\master\src\Decompiler\Typing\ExpressionTypeDescender.cs:line 395
   at Reko.Typing.ExpressionTypeDescender.VisitBinaryExpression(BinaryExpression binExp, TypeVariable tv) in D:\dev\uxmal\reko\master\src\Decompiler\Typing\ExpressionTypeDescender.cs:line 229
   at Reko.Core.Expressions.BinaryExpression.Accept[T,C](ExpressionVisitor`2 v, C context) in D:\dev\uxmal\reko\master\src\Core\Expressions\BinaryExpression.cs:line 54
   at Reko.Typing.ExpressionTypeDescender.VisitMemoryAccess(Expression basePointer, TypeVariable tvAccess, Expression effectiveAddress, Expression globals) in D:\dev\uxmal\reko\master\src\Decompiler\Typing\ExpressionTypeDescender.cs:line 553
   at Reko.Typing.ExpressionTypeDescender.VisitMemoryAccess(MemoryAccess access, TypeVariable tv) in D:\dev\uxmal\reko\master\src\Decompiler\Typing\ExpressionTypeDescender.cs:line 496
   at Reko.Core.Expressions.MemoryAccess.Accept[T,C](ExpressionVisitor`2 v, C context) in D:\dev\uxmal\reko\master\src\Core\Expressions\MemoryAccess.cs:line 71
   at Reko.Typing.ExpressionTypeDescender.VisitBinaryExpression(BinaryExpression binExp, TypeVariable tv) in D:\dev\uxmal\reko\master\src\Decompiler\Typing\ExpressionTypeDescender.cs:line 324
   at Reko.Core.Expressions.BinaryExpression.Accept[T,C](ExpressionVisitor`2 v, C context) in D:\dev\uxmal\reko\master\src\Core\Expressions\BinaryExpression.cs:line 54
   at Reko.Typing.TypeCollector.VisitBranch(Branch branch) in D:\dev\uxmal\reko\master\src\Decompiler\Typing\TypeCollector.cs:line 144
   at Reko.Core.Code.Branch.Accept(InstructionVisitor v) in D:\dev\uxmal\reko\master\src\Core\Code\Branch.cs:line 55
   at Reko.Typing.TypeCollector.CollectTypes() in D:\dev\uxmal\reko\master\src\Decompiler\Typing\TypeCollector.cs:line 84
0000000000406D12: error: An error occurred while processing the statement rbp = rbp - (fp - 0x0000000000000E88).
    Pulling difference (union ((ptr64 (struct (0 T_7883 t0000) (9 T_7891 t0009) (A0 T_7865 t00A0) (B0 T_7855 t00B0) (413728 T_7880 t413728))) u1) ((ptr64 char) u0)) and ptr64
       at Reko.Core.Expressions.ExpressionTypeAscenderBase.PullDiffDataType(DataType dtLeft, DataType dtRight) in D:\dev\uxmal\reko\master\src\Core\Expressions\ExpressionTypeAscenderBase.cs:line 272
   at Reko.Core.Expressions.ExpressionTypeAscenderBase.VisitBinaryExpression(BinaryExpression binExp) in D:\dev\uxmal\reko\master\src\Core\Expressions\ExpressionTypeAscenderBase.cs:line 97
   at Reko.Core.Expressions.BinaryExpression.Accept[T](ExpressionVisitor`1 v) in D:\dev\uxmal\reko\master\src\Core\Expressions\BinaryExpression.cs:line 59
   at Reko.Typing.TypeCollector.VisitAssignment(Assignment ass) in D:\dev\uxmal\reko\master\src\Decompiler\Typing\TypeCollector.cs:line 130
   at Reko.Core.Code.Assignment.Accept(InstructionVisitor v) in D:\dev\uxmal\reko\master\src\Core\Code\Assignment.cs:line 56
   at Reko.Typing.TypeCollector.CollectTypes() in D:\dev\uxmal\reko\master\src\Decompiler\Typing\TypeCollector.cs:line 84
0000000000406FC3: error: An error occurred while processing the statement r13 = r13 - (fp - 0x0000000000000E88).
    Pulling difference (union (bool u0) ((ptr64 char) u2) ((ptr64 (struct (0 T_7883 t0000) (9 T_7891 t0009) (A0 T_7865 t00A0) (B0 T_7855 t00B0) (413728 T_7880 t413728))) u1) ((union (bool u1) (byte u0)) u3)) and ptr64
       at Reko.Core.Expressions.ExpressionTypeAscenderBase.PullDiffDataType(DataType dtLeft, DataType dtRight) in D:\dev\uxmal\reko\master\src\Core\Expressions\ExpressionTypeAscenderBase.cs:line 272
   at Reko.Core.Expressions.ExpressionTypeAscenderBase.VisitBinaryExpression(BinaryExpression binExp) in D:\dev\uxmal\reko\master\src\Core\Expressions\ExpressionTypeAscenderBase.cs:line 97
   at Reko.Core.Expressions.BinaryExpression.Accept[T](ExpressionVisitor`1 v) in D:\dev\uxmal\reko\master\src\Core\Expressions\BinaryExpression.cs:line 59
   at Reko.Typing.TypeCollector.VisitAssignment(Assignment ass) in D:\dev\uxmal\reko\master\src\Decompiler\Typing\TypeCollector.cs:line 130
   at Reko.Core.Code.Assignment.Accept(InstructionVisitor v) in D:\dev\uxmal\reko\master\src\Core\Code\Assignment.cs:line 56
   at Reko.Typing.TypeCollector.CollectTypes() in D:\dev\uxmal\reko\master\src\Decompiler\Typing\TypeCollector.cs:line 84
0000000000407FC2: error: An error occurred while processing the statement r15 = (uint64) Mem0[r13 - 0x0000000000000384 + 0x0000000000000000:word32].
    Not handling (ptr64 (struct (0 T_10247 t0000))) and (union (uint64 u0) (ptr64 u1)) yet
       at Reko.Typing.ExpressionTypeDescender.PushSubtrahendDataType(DataType dtDiff, DataType dtMin) in D:\dev\uxmal\reko\master\src\Decompiler\Typing\ExpressionTypeDescender.cs:line 395
   at Reko.Typing.ExpressionTypeDescender.VisitBinaryExpression(BinaryExpression binExp, TypeVariable tv) in D:\dev\uxmal\reko\master\src\Decompiler\Typing\ExpressionTypeDescender.cs:line 229
   at Reko.Core.Expressions.BinaryExpression.Accept[T,C](ExpressionVisitor`2 v, C context) in D:\dev\uxmal\reko\master\src\Core\Expressions\BinaryExpression.cs:line 54
   at Reko.Typing.ExpressionTypeDescender.VisitMemoryAccess(Expression basePointer, TypeVariable tvAccess, Expression effectiveAddress, Expression globals) in D:\dev\uxmal\reko\master\src\Decompiler\Typing\ExpressionTypeDescender.cs:line 553
   at Reko.Typing.ExpressionTypeDescender.VisitMemoryAccess(MemoryAccess access, TypeVariable tv) in D:\dev\uxmal\reko\master\src\Decompiler\Typing\ExpressionTypeDescender.cs:line 496
   at Reko.Core.Expressions.MemoryAccess.Accept[T,C](ExpressionVisitor`2 v, C context) in D:\dev\uxmal\reko\master\src\Core\Expressions\MemoryAccess.cs:line 71
   at Reko.Typing.ExpressionTypeDescender.VisitCast(Cast cast, TypeVariable tv) in D:\dev\uxmal\reko\master\src\Decompiler\Typing\ExpressionTypeDescender.cs:line 426
   at Reko.Core.Expressions.Cast.Accept[T,C](ExpressionVisitor`2 v, C context) in D:\dev\uxmal\reko\master\src\Core\Expressions\Cast.cs:line 47
   at Reko.Typing.TypeCollector.VisitAssignment(Assignment ass) in D:\dev\uxmal\reko\master\src\Decompiler\Typing\TypeCollector.cs:line 132
   at Reko.Core.Code.Assignment.Accept(InstructionVisitor v) in D:\dev\uxmal\reko\master\src\Core\Code\Assignment.cs:line 56
   at Reko.Typing.TypeCollector.CollectTypes() in D:\dev\uxmal\reko\master\src\Decompiler\Typing\TypeCollector.cs:line 84
00000000004086E0: error: An error occurred while processing the statement Mem0[r8 - 0x0000000000000001 + 0x0000000000000000:byte] = r15b.
    Not handling (ptr64 (struct (0 T_11703 t0000))) and (union (uint64 u0) (ptr64 u1)) yet
       at Reko.Typing.ExpressionTypeDescender.PushSubtrahendDataType(DataType dtDiff, DataType dtMin) in D:\dev\uxmal\reko\master\src\Decompiler\Typing\ExpressionTypeDescender.cs:line 395
   at Reko.Typing.ExpressionTypeDescender.VisitBinaryExpression(BinaryExpression binExp, TypeVariable tv) in D:\dev\uxmal\reko\master\src\Decompiler\Typing\ExpressionTypeDescender.cs:line 229
   at Reko.Core.Expressions.BinaryExpression.Accept[T,C](ExpressionVisitor`2 v, C context) in D:\dev\uxmal\reko\master\src\Core\Expressions\BinaryExpression.cs:line 54
   at Reko.Typing.ExpressionTypeDescender.VisitMemoryAccess(Expression basePointer, TypeVariable tvAccess, Expression effectiveAddress, Expression globals) in D:\dev\uxmal\reko\master\src\Decompiler\Typing\ExpressionTypeDescender.cs:line 553
   at Reko.Typing.ExpressionTypeDescender.VisitMemoryAccess(MemoryAccess access, TypeVariable tv) in D:\dev\uxmal\reko\master\src\Decompiler\Typing\ExpressionTypeDescender.cs:line 496
   at Reko.Core.Expressions.MemoryAccess.Accept[T,C](ExpressionVisitor`2 v, C context) in D:\dev\uxmal\reko\master\src\Core\Expressions\MemoryAccess.cs:line 71
   at Reko.Typing.TypeCollector.VisitStore(Store store) in D:\dev\uxmal\reko\master\src\Decompiler\Typing\TypeCollector.cs:line 231
   at Reko.Core.Code.Store.Accept(InstructionVisitor v) in D:\dev\uxmal\reko\master\src\Core\Code\Assignment.cs:line 90
   at Reko.Typing.TypeCollector.CollectTypes() in D:\dev\uxmal\reko\master\src\Decompiler\Typing\TypeCollector.cs:line 84
000000000040A2DA: error: An error occurred while processing the statement branch Mem0[rax_20 - 0x0000000000000001 + 0x0000000000000000:byte] == 0x2F l000000000040A2EE.
    Not handling (ptr64 (struct (0 T_12627 t0000))) and (union (ui64 u0) (ptr64 u1)) yet
       at Reko.Typing.ExpressionTypeDescender.PushSubtrahendDataType(DataType dtDiff, DataType dtMin) in D:\dev\uxmal\reko\master\src\Decompiler\Typing\ExpressionTypeDescender.cs:line 395
   at Reko.Typing.ExpressionTypeDescender.VisitBinaryExpression(BinaryExpression binExp, TypeVariable tv) in D:\dev\uxmal\reko\master\src\Decompiler\Typing\ExpressionTypeDescender.cs:line 229
   at Reko.Core.Expressions.BinaryExpression.Accept[T,C](ExpressionVisitor`2 v, C context) in D:\dev\uxmal\reko\master\src\Core\Expressions\BinaryExpression.cs:line 54
   at Reko.Typing.ExpressionTypeDescender.VisitMemoryAccess(Expression basePointer, TypeVariable tvAccess, Expression effectiveAddress, Expression globals) in D:\dev\uxmal\reko\master\src\Decompiler\Typing\ExpressionTypeDescender.cs:line 553
   at Reko.Typing.ExpressionTypeDescender.VisitMemoryAccess(MemoryAccess access, TypeVariable tv) in D:\dev\uxmal\reko\master\src\Decompiler\Typing\ExpressionTypeDescender.cs:line 496
   at Reko.Core.Expressions.MemoryAccess.Accept[T,C](ExpressionVisitor`2 v, C context) in D:\dev\uxmal\reko\master\src\Core\Expressions\MemoryAccess.cs:line 71
   at Reko.Typing.ExpressionTypeDescender.VisitBinaryExpression(BinaryExpression binExp, TypeVariable tv) in D:\dev\uxmal\reko\master\src\Decompiler\Typing\ExpressionTypeDescender.cs:line 324
   at Reko.Core.Expressions.BinaryExpression.Accept[T,C](ExpressionVisitor`2 v, C context) in D:\dev\uxmal\reko\master\src\Core\Expressions\BinaryExpression.cs:line 54
   at Reko.Typing.TypeCollector.VisitBranch(Branch branch) in D:\dev\uxmal\reko\master\src\Decompiler\Typing\TypeCollector.cs:line 144
   at Reko.Core.Code.Branch.Accept(InstructionVisitor v) in D:\dev\uxmal\reko\master\src\Core\Code\Branch.cs:line 55
   at Reko.Typing.TypeCollector.CollectTypes() in D:\dev\uxmal\reko\master\src\Decompiler\Typing\TypeCollector.cs:line 84
l000000000040BE0A: warning: Phi functions will be ignored by type analysis. This may be caused by a failure in a previous stage of the decompilation.
000000000040C57B: error: An error occurred while processing the statement Mem1329[rax_1328 - 0x0000000000000001 + 0x0000000000000000:byte] = 0x30.
    Not handling (ptr64 (struct (0 T_17998 t0000))) and (union (uint64 u0) (ptr64 u1)) yet
       at Reko.Typing.ExpressionTypeDescender.PushSubtrahendDataType(DataType dtDiff, DataType dtMin) in D:\dev\uxmal\reko\master\src\Decompiler\Typing\ExpressionTypeDescender.cs:line 395
   at Reko.Typing.ExpressionTypeDescender.VisitBinaryExpression(BinaryExpression binExp, TypeVariable tv) in D:\dev\uxmal\reko\master\src\Decompiler\Typing\ExpressionTypeDescender.cs:line 229
   at Reko.Core.Expressions.BinaryExpression.Accept[T,C](ExpressionVisitor`2 v, C context) in D:\dev\uxmal\reko\master\src\Core\Expressions\BinaryExpression.cs:line 54
   at Reko.Typing.ExpressionTypeDescender.VisitMemoryAccess(Expression basePointer, TypeVariable tvAccess, Expression effectiveAddress, Expression globals) in D:\dev\uxmal\reko\master\src\Decompiler\Typing\ExpressionTypeDescender.cs:line 553
   at Reko.Typing.ExpressionTypeDescender.VisitMemoryAccess(MemoryAccess access, TypeVariable tv) in D:\dev\uxmal\reko\master\src\Decompiler\Typing\ExpressionTypeDescender.cs:line 496
   at Reko.Core.Expressions.MemoryAccess.Accept[T,C](ExpressionVisitor`2 v, C context) in D:\dev\uxmal\reko\master\src\Core\Expressions\MemoryAccess.cs:line 71
   at Reko.Typing.TypeCollector.VisitStore(Store store) in D:\dev\uxmal\reko\master\src\Decompiler\Typing\TypeCollector.cs:line 231
   at Reko.Core.Code.Store.Accept(InstructionVisitor v) in D:\dev\uxmal\reko\master\src\Core\Code\Assignment.cs:line 90
   at Reko.Typing.TypeCollector.CollectTypes() in D:\dev\uxmal\reko\master\src\Decompiler\Typing\TypeCollector.cs:line 84
000000000040DBC3: error: An error occurred while processing the statement word64 rdx_437 = qwLoc98_1508 - rbx_1491.
    Pulling difference (ptr64 (struct (0 T_20513 t0000))) and (union (int64 u1) (uint64 u0))
       at Reko.Core.Expressions.ExpressionTypeAscenderBase.PullDiffDataType(DataType dtLeft, DataType dtRight) in D:\dev\uxmal\reko\master\src\Core\Expressions\ExpressionTypeAscenderBase.cs:line 260
   at Reko.Core.Expressions.ExpressionTypeAscenderBase.VisitBinaryExpression(BinaryExpression binExp) in D:\dev\uxmal\reko\master\src\Core\Expressions\ExpressionTypeAscenderBase.cs:line 97
   at Reko.Core.Expressions.BinaryExpression.Accept[T](ExpressionVisitor`1 v) in D:\dev\uxmal\reko\master\src\Core\Expressions\BinaryExpression.cs:line 59
   at Reko.Typing.TypeCollector.VisitDeclaration(Declaration decl) in D:\dev\uxmal\reko\master\src\Decompiler\Typing\TypeCollector.cs:line 168
   at Reko.Core.Code.Declaration.Accept(InstructionVisitor v) in D:\dev\uxmal\reko\master\src\Core\Code\Declaration.cs:line 49
   at Reko.Typing.TypeCollector.CollectTypes() in D:\dev\uxmal\reko\master\src\Decompiler\Typing\TypeCollector.cs:line 84
0000000000411B41: error: An error occurred while processing the statement rdx = rdx - (fp - 0x00000000000000B8).
    Pulling difference (union ((union (bool u0) (byte u1)) u2) (byte u3) ((ptr64 (struct (0 char b0000))) u0) (size_t u1)) and ptr64
       at Reko.Core.Expressions.ExpressionTypeAscenderBase.PullDiffDataType(DataType dtLeft, DataType dtRight) in D:\dev\uxmal\reko\master\src\Core\Expressions\ExpressionTypeAscenderBase.cs:line 272
   at Reko.Core.Expressions.ExpressionTypeAscenderBase.VisitBinaryExpression(BinaryExpression binExp) in D:\dev\uxmal\reko\master\src\Core\Expressions\ExpressionTypeAscenderBase.cs:line 97
   at Reko.Core.Expressions.BinaryExpression.Accept[T](ExpressionVisitor`1 v) in D:\dev\uxmal\reko\master\src\Core\Expressions\BinaryExpression.cs:line 59
   at Reko.Typing.TypeCollector.VisitAssignment(Assignment ass) in D:\dev\uxmal\reko\master\src\Decompiler\Typing\TypeCollector.cs:line 130
   at Reko.Core.Code.Assignment.Accept(InstructionVisitor v) in D:\dev\uxmal\reko\master\src\Core\Code\Assignment.cs:line 56
   at Reko.Typing.TypeCollector.CollectTypes() in D:\dev\uxmal\reko\master\src\Decompiler\Typing\TypeCollector.cs:line 84
0000000000411B78: error: An error occurred while processing the statement r10 = r10 - 0x03 - C.
    Pulling difference ptr64 and (union (bool u4) ((union (bool u1) (byte u0)) u3) ((ptr64 (struct (0 char b0000))) u0) (size_t u1))
       at Reko.Core.Expressions.ExpressionTypeAscenderBase.PullDiffDataType(DataType dtLeft, DataType dtRight) in D:\dev\uxmal\reko\master\src\Core\Expressions\ExpressionTypeAscenderBase.cs:line 260
   at Reko.Core.Expressions.ExpressionTypeAscenderBase.VisitBinaryExpression(BinaryExpression binExp) in D:\dev\uxmal\reko\master\src\Core\Expressions\ExpressionTypeAscenderBase.cs:line 97
   at Reko.Core.Expressions.BinaryExpression.Accept[T](ExpressionVisitor`1 v) in D:\dev\uxmal\reko\master\src\Core\Expressions\BinaryExpression.cs:line 59
   at Reko.Typing.TypeCollector.VisitAssignment(Assignment ass) in D:\dev\uxmal\reko\master\src\Decompiler\Typing\TypeCollector.cs:line 130
   at Reko.Core.Code.Assignment.Accept(InstructionVisitor v) in D:\dev\uxmal\reko\master\src\Core\Code\Assignment.cs:line 56
   at Reko.Typing.TypeCollector.CollectTypes() in D:\dev\uxmal\reko\master\src\Decompiler\Typing\TypeCollector.cs:line 84
: warning: Recursion too deep in PtrPrimitiveReplacer
: warning: Recursion too deep in PtrPrimitiveReplacer
: warning: Recursion too deep in PtrPrimitiveReplacer
: warning: Recursion too deep in PtrPrimitiveReplacer
: warning: Recursion too deep in PtrPrimitiveReplacer
: warning: Recursion too deep in PtrPrimitiveReplacer
: warning: Recursion too deep in PtrPrimitiveReplacer
: warning: Recursion too deep in PtrPrimitiveReplacer
: warning: Recursion too deep in PtrPrimitiveReplacer
: warning: Recursion too deep in PtrPrimitiveReplacer
: warning: Recursion too deep in PtrPrimitiveReplacer
: warning: Recursion too deep in PtrPrimitiveReplacer
: warning: Recursion too deep in PtrPrimitiveReplacer
: warning: Recursion too deep in PtrPrimitiveReplacer
: warning: Recursion too deep in PtrPrimitiveReplacer
: warning: Recursion too deep in PtrPrimitiveReplacer
: warning: Recursion too deep in PtrPrimitiveReplacer
: warning: Recursion too deep in PtrPrimitiveReplacer
: warning: Recursion too deep in PtrPrimitiveReplacer
: warning: Recursion too deep in PtrPrimitiveReplacer
: warning: Recursion too deep in PtrPrimitiveReplacer
: warning: Recursion too deep in PtrPrimitiveReplacer
: warning: Recursion too deep in PtrPrimitiveReplacer
: warning: Recursion too deep in PtrPrimitiveReplacer
: warning: Recursion too deep in PtrPrimitiveReplacer
: warning: Recursion too deep in PtrPrimitiveReplacer
: warning: Recursion too deep in PtrPrimitiveReplacer
: warning: Recursion too deep in PtrPrimitiveReplacer
: warning: Recursion too deep in PtrPrimitiveReplacer
: warning: Recursion too deep in PtrPrimitiveReplacer
: warning: Recursion too deep in PtrPrimitiveReplacer
: warning: Recursion too deep in PtrPrimitiveReplacer
: warning: Recursion too deep in PtrPrimitiveReplacer
: warning: Recursion too deep in PtrPrimitiveReplacer
: warning: Recursion too deep in PtrPrimitiveReplacer
: warning: Recursion too deep in PtrPrimitiveReplacer
: warning: Recursion too deep in PtrPrimitiveReplacer
: warning: Recursion too deep in PtrPrimitiveReplacer
: warning: Recursion too deep in PtrPrimitiveReplacer
: warning: Recursion too deep in PtrPrimitiveReplacer
: warning: Recursion too deep in PtrPrimitiveReplacer
: warning: Recursion too deep in PtrPrimitiveReplacer
: warning: Recursion too deep in PtrPrimitiveReplacer
: warning: Recursion too deep in PtrPrimitiveReplacer
: warning: Recursion too deep in PtrPrimitiveReplacer
: warning: Recursion too deep in PtrPrimitiveReplacer
: warning: Recursion too deep in PtrPrimitiveReplacer
: warning: Recursion too deep in PtrPrimitiveReplacer
: warning: Recursion too deep in PtrPrimitiveReplacer
: warning: Recursion too deep in PtrPrimitiveReplacer
: warning: Recursion too deep in PtrPrimitiveReplacer
: warning: Recursion too deep in PtrPrimitiveReplacer
: warning: Recursion too deep in PtrPrimitiveReplacer
: warning: Recursion too deep in PtrPrimitiveReplacer
: warning: Recursion too deep in PtrPrimitiveReplacer
: warning: Recursion too deep in PtrPrimitiveReplacer
: warning: Recursion too deep in PtrPrimitiveReplacer
: warning: Recursion too deep in PtrPrimitiveReplacer
: warning: Recursion too deep in PtrPrimitiveReplacer
: warning: Recursion too deep in PtrPrimitiveReplacer
: warning: Recursion too deep in PtrPrimitiveReplacer
: warning: Recursion too deep in PtrPrimitiveReplacer
: warning: Recursion too deep in PtrPrimitiveReplacer
: warning: Recursion too deep in PtrPrimitiveReplacer
: warning: Recursion too deep in PtrPrimitiveReplacer
: warning: Recursion too deep in PtrPrimitiveReplacer
: warning: Recursion too deep in PtrPrimitiveReplacer
: warning: Recursion too deep in PtrPrimitiveReplacer
: warning: Recursion too deep in PtrPrimitiveReplacer
: warning: Recursion too deep in PtrPrimitiveReplacer
: warning: Recursion too deep in PtrPrimitiveReplacer
: warning: Recursion too deep in PtrPrimitiveReplacer
: warning: Recursion too deep in PtrPrimitiveReplacer
: warning: Recursion too deep in PtrPrimitiveReplacer
: warning: Recursion too deep in PtrPrimitiveReplacer
: warning: Recursion too deep in PtrPrimitiveReplacer
: warning: Recursion too deep in PtrPrimitiveReplacer
: warning: Recursion too deep in PtrPrimitiveReplacer
: warning: Recursion too deep in PtrPrimitiveReplacer
: warning: Recursion too deep in PtrPrimitiveReplacer
: warning: Recursion too deep in PtrPrimitiveReplacer
: warning: Recursion too deep in PtrPrimitiveReplacer
: warning: Recursion too deep in PtrPrimitiveReplacer
: warning: Recursion too deep in PtrPrimitiveReplacer
: warning: Recursion too deep in PtrPrimitiveReplacer
: warning: Recursion too deep in PtrPrimitiveReplacer
: warning: Recursion too deep in PtrPrimitiveReplacer
: warning: Recursion too deep in PtrPrimitiveReplacer
: warning: Recursion too deep in PtrPrimitiveReplacer
: warning: Recursion too deep in PtrPrimitiveReplacer
: warning: Recursion too deep in PtrPrimitiveReplacer
: warning: Recursion too deep in PtrPrimitiveReplacer
: warning: Recursion too deep in PtrPrimitiveReplacer
: warning: Recursion too deep in PtrPrimitiveReplacer
: warning: Recursion too deep in PtrPrimitiveReplacer
: warning: Recursion too deep in PtrPrimitiveReplacer
: warning: Recursion too deep in PtrPrimitiveReplacer
: warning: Recursion too deep in PtrPrimitiveReplacer
: warning: Recursion too deep in PtrPrimitiveReplacer
: warning: Recursion too deep in PtrPrimitiveReplacer
: warning: Recursion too deep in PtrPrimitiveReplacer
: warning: Recursion too deep in PtrPrimitiveReplacer
: warning: Recursion too deep in PtrPrimitiveReplacer
: warning: Recursion too deep in PtrPrimitiveReplacer
: warning: Recursion too deep in PtrPrimitiveReplacer
: warning: Recursion too deep in PtrPrimitiveReplacer
: warning: Recursion too deep in PtrPrimitiveReplacer
: warning: Recursion too deep in PtrPrimitiveReplacer
: warning: Recursion too deep in PtrPrimitiveReplacer
: warning: Recursion too deep in PtrPrimitiveReplacer
: warning: Recursion too deep in PtrPrimitiveReplacer
: warning: Recursion too deep in PtrPrimitiveReplacer
: warning: Recursion too deep in PtrPrimitiveReplacer
: warning: Recursion too deep in PtrPrimitiveReplacer
: warning: Recursion too deep in PtrPrimitiveReplacer
: warning: Recursion too deep in PtrPrimitiveReplacer
: warning: Recursion too deep in PtrPrimitiveReplacer
: warning: Recursion too deep in PtrPrimitiveReplacer
: warning: Recursion too deep in PtrPrimitiveReplacer
: warning: Recursion too deep in PtrPrimitiveReplacer
: warning: Recursion too deep in PtrPrimitiveReplacer
: warning: Recursion too deep in PtrPrimitiveReplacer
: warning: Recursion too deep in PtrPrimitiveReplacer
: warning: Recursion too deep in PtrPrimitiveReplacer
: warning: Recursion too deep in PtrPrimitiveReplacer
: warning: Recursion too deep in PtrPrimitiveReplacer
: warning: Recursion too deep in PtrPrimitiveReplacer
: warning: Recursion too deep in PtrPrimitiveReplacer
: warning: Recursion too deep in PtrPrimitiveReplacer
: warning: Recursion too deep in PtrPrimitiveReplacer
: warning: Recursion too deep in PtrPrimitiveReplacer
: warning: Recursion too deep in PtrPrimitiveReplacer
: warning: Recursion too deep in PtrPrimitiveReplacer
: warning: Recursion too deep in PtrPrimitiveReplacer
: warning: Recursion too deep in PtrPrimitiveReplacer
: warning: Recursion too deep in PtrPrimitiveReplacer
: warning: Recursion too deep in PtrPrimitiveReplacer
: warning: Recursion too deep in PtrPrimitiveReplacer
: warning: Recursion too deep in PtrPrimitiveReplacer
: warning: Recursion too deep in PtrPrimitiveReplacer
: warning: Recursion too deep in PtrPrimitiveReplacer
: warning: Recursion too deep in PtrPrimitiveReplacer
: warning: Recursion too deep in PtrPrimitiveReplacer
: warning: Recursion too deep in PtrPrimitiveReplacer
: warning: Recursion too deep in PtrPrimitiveReplacer
: warning: Recursion too deep in PtrPrimitiveReplacer
: warning: Recursion too deep in PtrPrimitiveReplacer
: warning: Recursion too deep in PtrPrimitiveReplacer
: warning: Recursion too deep in PtrPrimitiveReplacer
: warning: Recursion too deep in PtrPrimitiveReplacer
: warning: Recursion too deep in PtrPrimitiveReplacer
: warning: Recursion too deep in PtrPrimitiveReplacer
: warning: Recursion too deep in PtrPrimitiveReplacer
: warning: Recursion too deep in PtrPrimitiveReplacer
: warning: Recursion too deep in PtrPrimitiveReplacer
: warning: Recursion too deep in PtrPrimitiveReplacer
: warning: Recursion too deep in PtrPrimitiveReplacer
: warning: Recursion too deep in PtrPrimitiveReplacer
: warning: Recursion too deep in PtrPrimitiveReplacer
: warning: Recursion too deep in PtrPrimitiveReplacer
: warning: Recursion too deep in PtrPrimitiveReplacer
fn000000000040E450: warning: Structure analysis stopped making progress, quitting. Please report this issue at https://github.com/uxmal/reko
00411F40: warning: Expected sizes of arrays to have been determined by now
00412C00: warning: Expected sizes of arrays to have been determined by now
00412C60: warning: Expected sizes of arrays to have been determined by now
00412EC0: warning: Expected sizes of arrays to have been determined by now
00412F50: warning: Expected sizes of arrays to have been determined by now
00412FB0: warning: Expected sizes of arrays to have been determined by now
00413010: warning: Expected sizes of arrays to have been determined by now
004135E0: warning: Expected sizes of arrays to have been determined by now
004136B0: warning: Expected sizes of arrays to have been determined by now
00413700: warning: Expected sizes of arrays to have been determined by now
00415F50: warning: Expected sizes of arrays to have been determined by now
00416068: warning: Expected sizes of arrays to have been determined by now
00416460: warning: Expected sizes of arrays to have been determined by now
004164E8: warning: Expected sizes of arrays to have been determined by now
00416C18: warning: Expected sizes of arrays to have been determined by now
00416E38: warning: Expected sizes of arrays to have been determined by now
0061A3D0: warning: Expected sizes of arrays to have been determined by now
0061A3E0: warning: Expected sizes of arrays to have been determined by now
0061B040: warning: Expected sizes of arrays to have been determined by now
00411F40: warning: Expected sizes of arrays to have been determined by now
00412C00: warning: Expected sizes of arrays to have been determined by now
00412C60: warning: Expected sizes of arrays to have been determined by now
00412EC0: warning: Expected sizes of arrays to have been determined by now
00412F50: warning: Expected sizes of arrays to have been determined by now
00412FB0: warning: Expected sizes of arrays to have been determined by now
00413010: warning: Expected sizes of arrays to have been determined by now
004135E0: warning: Expected sizes of arrays to have been determined by now
004136B0: warning: Expected sizes of arrays to have been determined by now
00413700: warning: Expected sizes of arrays to have been determined by now
00415F50: warning: Expected sizes of arrays to have been determined by now
00416068: warning: Expected sizes of arrays to have been determined by now
00416460: warning: Expected sizes of arrays to have been determined by now
004164E8: warning: Expected sizes of arrays to have been determined by now
00416C18: warning: Expected sizes of arrays to have been determined by now
00416E38: warning: Expected sizes of arrays to have been determined by now
0061A3D0: warning: Expected sizes of arrays to have been determined by now
0061A3E0: warning: Expected sizes of arrays to have been determined by now
0061B040: warning: Expected sizes of arrays to have been determined by now
=== Elf\x86-64\pngpixel\pngpixel
*** Elf\x86-64\pngpixel\pngpixel
00000000004013B1: warning: Unable to resolve imported reference png_create_read_struct.
00000000004013CE: warning: Unable to resolve imported reference png_create_info_struct.
00000000004013F2: warning: Unable to resolve imported reference png_init_io.
0000000000401405: warning: Unable to resolve imported reference png_read_info.
0000000000401418: warning: Unable to resolve imported reference png_get_rowbytes.
000000000040142A: warning: Unable to resolve imported reference png_malloc.
0000000000401469: warning: Unable to resolve imported reference png_get_IHDR.
00000000004014A6: warning: Unable to resolve imported reference png_error.
00000000004014B2: warning: Unable to resolve imported reference png_start_read_image.
0000000000401695: warning: Unable to resolve imported reference png_free.
00000000004016A8: warning: Unable to resolve imported reference png_destroy_info_struct.
00000000004016EF: warning: Unable to resolve imported reference png_destroy_read_struct.
00000000004016BB: warning: Unable to resolve imported reference png_error.
000000000040160D: warning: Unable to resolve imported reference png_read_row.
0000000000400F22: warning: Unable to resolve imported reference png_get_bit_depth.
0000000000400F3B: warning: Unable to resolve imported reference png_get_color_type.
00000000004012D5: warning: Unable to resolve imported reference png_error.
0000000000400FD1: warning: Unable to resolve imported reference png_get_PLTE.
0000000000401021: warning: Unable to resolve imported reference png_get_tRNS.
0000000000400DBE: warning: Call target address 0000000000000000 is invalid.
0000000000400CC0: warning: Unable to resolve imported reference __gmon_start__.
0000000000400DAB: warning: Procedure frame_dummy previously had a return address of 8 bytes on the stack, but now seems to have a return address of 0 bytes on the stack.
0000000000400DC1: warning: Procedure frame_dummy previously had a return address of 8 bytes on the stack, but now seems to have a return address of 0 bytes on the stack.
l0000000000400E2D: warning: Non-integral switch expression
00401958: warning: Expected sizes of arrays to have been determined by now
00401958: warning: Expected sizes of arrays to have been determined by now
=== Elf\x86-64\retpoline\retpoline.elf
=== Elf\x86-64\retpoline\retpoline_stripped.elf
=== Elf\x86-64\simd_double\simd_double
=== Elf\zSeries\fib\example
*** Elf\zSeries\fib\example
00000702: warning: Unable to resolve imported reference __cxa_finalize.
000005C0: warning: Unable to resolve imported reference __cxa_finalize.
0000065E: error: An error occurred while processing the statement word64 r1_6 = 0x0000206F - r2_4.
    Pulling difference ptr32 and (union (ptr32 u1) (word64 u0))
       at Reko.Core.Expressions.ExpressionTypeAscenderBase.PullDiffDataType(DataType dtLeft, DataType dtRight) in D:\dev\uxmal\reko\master\src\Core\Expressions\ExpressionTypeAscenderBase.cs:line 260
   at Reko.Core.Expressions.ExpressionTypeAscenderBase.VisitBinaryExpression(BinaryExpression binExp) in D:\dev\uxmal\reko\master\src\Core\Expressions\ExpressionTypeAscenderBase.cs:line 97
   at Reko.Core.Expressions.BinaryExpression.Accept[T](ExpressionVisitor`1 v) in D:\dev\uxmal\reko\master\src\Core\Expressions\BinaryExpression.cs:line 59
   at Reko.Typing.TypeCollector.VisitDeclaration(Declaration decl) in D:\dev\uxmal\reko\master\src\Decompiler\Typing\TypeCollector.cs:line 168
   at Reko.Core.Code.Declaration.Accept(InstructionVisitor v) in D:\dev\uxmal\reko\master\src\Core\Code\Declaration.cs:line 49
   at Reko.Typing.TypeCollector.CollectTypes() in D:\dev\uxmal\reko\master\src\Decompiler\Typing\TypeCollector.cs:line 84
=== Hunk-m68k\BENCHFN
*** Hunk-m68k\BENCHFN
000011CE: warning: Procedure fn00001000 previously had a return address of 4 bytes on the stack, but now seems to have a return address of 0 bytes on the stack.
00001212: warning: Procedure fn00001000 previously had a return address of 4 bytes on the stack, but now seems to have a return address of 0 bytes on the stack.
00002FE6: error: An error occurred while processing the statement branch d0 - d5_2509 >=u 0x00000000 l00002F9E.
    Pulling difference (ptr32 (struct 0004 (0 (ptr32 (struct (0 T_4288 t0000))) ptr0000))) and (union (int32 u0) (uint32 u1))
       at Reko.Core.Expressions.ExpressionTypeAscenderBase.PullDiffDataType(DataType dtLeft, DataType dtRight) in D:\dev\uxmal\reko\master\src\Core\Expressions\ExpressionTypeAscenderBase.cs:line 260
   at Reko.Core.Expressions.ExpressionTypeAscenderBase.VisitBinaryExpression(BinaryExpression binExp) in D:\dev\uxmal\reko\master\src\Core\Expressions\ExpressionTypeAscenderBase.cs:line 97
   at Reko.Core.Expressions.BinaryExpression.Accept[T](ExpressionVisitor`1 v) in D:\dev\uxmal\reko\master\src\Core\Expressions\BinaryExpression.cs:line 59
   at Reko.Core.Expressions.ExpressionTypeAscenderBase.VisitBinaryExpression(BinaryExpression binExp) in D:\dev\uxmal\reko\master\src\Core\Expressions\ExpressionTypeAscenderBase.cs:line 84
   at Reko.Core.Expressions.BinaryExpression.Accept[T](ExpressionVisitor`1 v) in D:\dev\uxmal\reko\master\src\Core\Expressions\BinaryExpression.cs:line 59
   at Reko.Typing.TypeCollector.VisitBranch(Branch branch) in D:\dev\uxmal\reko\master\src\Decompiler\Typing\TypeCollector.cs:line 142
   at Reko.Core.Code.Branch.Accept(InstructionVisitor v) in D:\dev\uxmal\reko\master\src\Core\Code\Branch.cs:line 55
   at Reko.Typing.TypeCollector.CollectTypes() in D:\dev\uxmal\reko\master\src\Decompiler\Typing\TypeCollector.cs:line 84
0000288D: warning: Expected sizes of arrays to have been determined by now
00003EAC: warning: Expected sizes of arrays to have been determined by now
0000288D: warning: Expected sizes of arrays to have been determined by now
00003EAC: warning: Expected sizes of arrays to have been determined by now
=== Hunk-m68k\BENCHLNG
=== Hunk-m68k\BENCHMUL
*** Hunk-m68k\BENCHMUL
000011CE: warning: Procedure fn00001000 previously had a return address of 4 bytes on the stack, but now seems to have a return address of 0 bytes on the stack.
00001212: warning: Procedure fn00001000 previously had a return address of 4 bytes on the stack, but now seems to have a return address of 0 bytes on the stack.
0000326E: error: An error occurred while processing the statement branch d0 - d5_2510 >=u 0x00000000 l00003226.
    Pulling difference (ptr32 (struct 0004 (0 (ptr32 (struct (0 T_4815 t0000))) ptr0000))) and (union (int32 u0) (uint32 u1))
       at Reko.Core.Expressions.ExpressionTypeAscenderBase.PullDiffDataType(DataType dtLeft, DataType dtRight) in D:\dev\uxmal\reko\master\src\Core\Expressions\ExpressionTypeAscenderBase.cs:line 260
   at Reko.Core.Expressions.ExpressionTypeAscenderBase.VisitBinaryExpression(BinaryExpression binExp) in D:\dev\uxmal\reko\master\src\Core\Expressions\ExpressionTypeAscenderBase.cs:line 97
   at Reko.Core.Expressions.BinaryExpression.Accept[T](ExpressionVisitor`1 v) in D:\dev\uxmal\reko\master\src\Core\Expressions\BinaryExpression.cs:line 59
   at Reko.Core.Expressions.ExpressionTypeAscenderBase.VisitBinaryExpression(BinaryExpression binExp) in D:\dev\uxmal\reko\master\src\Core\Expressions\ExpressionTypeAscenderBase.cs:line 84
   at Reko.Core.Expressions.BinaryExpression.Accept[T](ExpressionVisitor`1 v) in D:\dev\uxmal\reko\master\src\Core\Expressions\BinaryExpression.cs:line 59
   at Reko.Typing.TypeCollector.VisitBranch(Branch branch) in D:\dev\uxmal\reko\master\src\Decompiler\Typing\TypeCollector.cs:line 142
   at Reko.Core.Code.Branch.Accept(InstructionVisitor v) in D:\dev\uxmal\reko\master\src\Core\Code\Branch.cs:line 55
   at Reko.Typing.TypeCollector.CollectTypes() in D:\dev\uxmal\reko\master\src\Decompiler\Typing\TypeCollector.cs:line 84
00002B15: warning: Expected sizes of arrays to have been determined by now
00004134: warning: Expected sizes of arrays to have been determined by now
00002B15: warning: Expected sizes of arrays to have been determined by now
00004134: warning: Expected sizes of arrays to have been determined by now
=== Hunk-m68k\BYTEOPS
=== Hunk-m68k\FIBO
*** Hunk-m68k\FIBO
000011CE: warning: Procedure fn00001000 previously had a return address of 4 bytes on the stack, but now seems to have a return address of 0 bytes on the stack.
00001212: warning: Procedure fn00001000 previously had a return address of 4 bytes on the stack, but now seems to have a return address of 0 bytes on the stack.
0000300A: error: An error occurred while processing the statement branch d0 - d5_2509 >=u 0x00000000 l00002FC2.
    Pulling difference (ptr32 (struct 0004 (0 (ptr32 (struct (0 T_4277 t0000))) ptr0000))) and (union (int32 u0) (uint32 u1))
       at Reko.Core.Expressions.ExpressionTypeAscenderBase.PullDiffDataType(DataType dtLeft, DataType dtRight) in D:\dev\uxmal\reko\master\src\Core\Expressions\ExpressionTypeAscenderBase.cs:line 260
   at Reko.Core.Expressions.ExpressionTypeAscenderBase.VisitBinaryExpression(BinaryExpression binExp) in D:\dev\uxmal\reko\master\src\Core\Expressions\ExpressionTypeAscenderBase.cs:line 97
   at Reko.Core.Expressions.BinaryExpression.Accept[T](ExpressionVisitor`1 v) in D:\dev\uxmal\reko\master\src\Core\Expressions\BinaryExpression.cs:line 59
   at Reko.Core.Expressions.ExpressionTypeAscenderBase.VisitBinaryExpression(BinaryExpression binExp) in D:\dev\uxmal\reko\master\src\Core\Expressions\ExpressionTypeAscenderBase.cs:line 84
   at Reko.Core.Expressions.BinaryExpression.Accept[T](ExpressionVisitor`1 v) in D:\dev\uxmal\reko\master\src\Core\Expressions\BinaryExpression.cs:line 59
   at Reko.Typing.TypeCollector.VisitBranch(Branch branch) in D:\dev\uxmal\reko\master\src\Decompiler\Typing\TypeCollector.cs:line 142
   at Reko.Core.Code.Branch.Accept(InstructionVisitor v) in D:\dev\uxmal\reko\master\src\Core\Code\Branch.cs:line 55
   at Reko.Typing.TypeCollector.CollectTypes() in D:\dev\uxmal\reko\master\src\Decompiler\Typing\TypeCollector.cs:line 84
000028B1: warning: Expected sizes of arrays to have been determined by now
00003ED0: warning: Expected sizes of arrays to have been determined by now
000028B1: warning: Expected sizes of arrays to have been determined by now
00003ED0: warning: Expected sizes of arrays to have been determined by now
=== Hunk-m68k\MATRIXMU
=== Hunk-m68k\MAX
*** Hunk-m68k\MAX
000011CE: warning: Procedure fn00001000 previously had a return address of 4 bytes on the stack, but now seems to have a return address of 0 bytes on the stack.
00001212: warning: Procedure fn00001000 previously had a return address of 4 bytes on the stack, but now seems to have a return address of 0 bytes on the stack.
0000184A: error: An error occurred while processing the statement branch d0 - d5_2509 >=u 0x00000000 l00001802.
    Pulling difference (ptr32 (struct 0004 (0 (ptr32 (struct (0 T_787 t0000))) ptr0000))) and (union (int32 u0) (uint32 u1))
       at Reko.Core.Expressions.ExpressionTypeAscenderBase.PullDiffDataType(DataType dtLeft, DataType dtRight) in D:\dev\uxmal\reko\master\src\Core\Expressions\ExpressionTypeAscenderBase.cs:line 260
   at Reko.Core.Expressions.ExpressionTypeAscenderBase.VisitBinaryExpression(BinaryExpression binExp) in D:\dev\uxmal\reko\master\src\Core\Expressions\ExpressionTypeAscenderBase.cs:line 97
   at Reko.Core.Expressions.BinaryExpression.Accept[T](ExpressionVisitor`1 v) in D:\dev\uxmal\reko\master\src\Core\Expressions\BinaryExpression.cs:line 59
   at Reko.Core.Expressions.ExpressionTypeAscenderBase.VisitBinaryExpression(BinaryExpression binExp) in D:\dev\uxmal\reko\master\src\Core\Expressions\ExpressionTypeAscenderBase.cs:line 84
   at Reko.Core.Expressions.BinaryExpression.Accept[T](ExpressionVisitor`1 v) in D:\dev\uxmal\reko\master\src\Core\Expressions\BinaryExpression.cs:line 59
   at Reko.Typing.TypeCollector.VisitBranch(Branch branch) in D:\dev\uxmal\reko\master\src\Decompiler\Typing\TypeCollector.cs:line 142
   at Reko.Core.Code.Branch.Accept(InstructionVisitor v) in D:\dev\uxmal\reko\master\src\Core\Code\Branch.cs:line 55
   at Reko.Typing.TypeCollector.CollectTypes() in D:\dev\uxmal\reko\master\src\Decompiler\Typing\TypeCollector.cs:line 84
00002BED: warning: Expected sizes of arrays to have been determined by now
00003DCC: warning: Expected sizes of arrays to have been determined by now
00002BED: warning: Expected sizes of arrays to have been determined by now
00003DCC: warning: Expected sizes of arrays to have been determined by now
=== Hunk-m68k\STRLEN
=== Hunk-m68k\TESTLONG
=== MZ-x86\BENCHFN.dcproject
*** MZ-x86\BENCHFN.dcproject
0800:1764: warning: Procedure __scanner previously had a return address of 2 bytes on the stack, but now seems to have a return address of 0 bytes on the stack.
0800:17AB: warning: Procedure __scanner previously had a return address of 2 bytes on the stack, but now seems to have a return address of 0 bytes on the stack.
0800:1788: warning: Procedure __scanner previously had a return address of 2 bytes on the stack, but now seems to have a return address of 0 bytes on the stack.
0800:1785: warning: Procedure __scanner previously had a return address of 2 bytes on the stack, but now seems to have a return address of 0 bytes on the stack.
0800:17E6: warning: Procedure __scanner previously had a return address of 2 bytes on the stack, but now seems to have a return address of 0 bytes on the stack.
0800:1895: warning: Procedure __scanner previously had a return address of 2 bytes on the stack, but now seems to have a return address of 0 bytes on the stack.
0800:196C: warning: Procedure __scanner previously had a return address of 2 bytes on the stack, but now seems to have a return address of 0 bytes on the stack.
0800:188F: warning: Procedure __scanner previously had a return address of 2 bytes on the stack, but now seems to have a return address of 0 bytes on the stack.
0800:1A03: warning: Procedure __scanner previously had a return address of 2 bytes on the stack, but now seems to have a return address of 0 bytes on the stack.
0800:1892: warning: Procedure __scanner previously had a return address of 2 bytes on the stack, but now seems to have a return address of 0 bytes on the stack.
0800:1A60: warning: Procedure __scanner previously had a return address of 2 bytes on the stack, but now seems to have a return address of 0 bytes on the stack.
0800:1969: warning: Procedure __scanner previously had a return address of 2 bytes on the stack, but now seems to have a return address of 0 bytes on the stack.
0800:1905: warning: Procedure __scanner previously had a return address of 2 bytes on the stack, but now seems to have a return address of 0 bytes on the stack.
0800:1ADD: warning: Procedure __scanner previously had a return address of 2 bytes on the stack, but now seems to have a return address of 0 bytes on the stack.
0800:1AE3: warning: Procedure __scanner previously had a return address of 2 bytes on the stack, but now seems to have a return address of 0 bytes on the stack.
0800:1AE8: warning: Procedure __scanner previously had a return address of 2 bytes on the stack, but now seems to have a return address of 0 bytes on the stack.
0800:036F: warning: Procedure __setargv previously had a return address of 2 bytes on the stack, but now seems to have a return address of 0 bytes on the stack.
0800:0385: warning: Procedure __setargv previously had a return address of 2 bytes on the stack, but now seems to have a return address of 0 bytes on the stack.
0800:03FF: warning: Procedure __setargv previously had a return address of 2 bytes on the stack, but now seems to have a return address of 0 bytes on the stack.
0800:0392: warning: Procedure __setargv previously had a return address of 2 bytes on the stack, but now seems to have a return address of 0 bytes on the stack.
0800:01F8: error: An error occurred while processing instruction at address 0800:01F8.
    The given key was not present in the dictionary.
       at System.ThrowHelper.ThrowKeyNotFoundException()
   at System.Collections.Generic.Dictionary`2.get_Item(TKey key)
   at Reko.Analysis.ExpressionPropagator.GetStackDepthBeforeCall() in D:\dev\uxmal\reko\master\src\Decompiler\Analysis\ExpressionPropagator.cs:line 152
   at Reko.Analysis.ExpressionPropagator.VisitCallInstruction(CallInstruction ci) in D:\dev\uxmal\reko\master\src\Decompiler\Analysis\ExpressionPropagator.cs:line 108
   at Reko.Core.Code.CallInstruction.Accept[T](InstructionVisitor`1 visitor) in D:\dev\uxmal\reko\master\src\Core\Code\CallInstruction.cs:line 66
   at Reko.Analysis.TrashedRegisterFinder.RewriteBlock(Block block) in D:\dev\uxmal\reko\master\src\Decompiler\Analysis\TrashedRegisterFinder.cs:line 219
0800:01F8: error: An error occurred while processing instruction at address 0800:01F8.
    The given key was not present in the dictionary.
       at System.ThrowHelper.ThrowKeyNotFoundException()
   at System.Collections.Generic.Dictionary`2.get_Item(TKey key)
   at Reko.Analysis.ExpressionPropagator.GetStackDepthBeforeCall() in D:\dev\uxmal\reko\master\src\Decompiler\Analysis\ExpressionPropagator.cs:line 152
   at Reko.Analysis.ExpressionPropagator.VisitCallInstruction(CallInstruction ci) in D:\dev\uxmal\reko\master\src\Decompiler\Analysis\ExpressionPropagator.cs:line 108
   at Reko.Core.Code.CallInstruction.Accept[T](InstructionVisitor`1 visitor) in D:\dev\uxmal\reko\master\src\Core\Code\CallInstruction.cs:line 66
   at Reko.Analysis.TrashedRegisterFinder.RewriteBlock(Block block) in D:\dev\uxmal\reko\master\src\Decompiler\Analysis\TrashedRegisterFinder.cs:line 219
0800:0BA1: error: An error occurred while processing the statement word16 di_165 = si_105 - (fp - 0x0084).
    Not handling mp16 and mp16 yet
       at Reko.Typing.ExpressionTypeDescender.PushMinuendDataType(DataType dtDiff, DataType dtSub) in D:\dev\uxmal\reko\master\src\Decompiler\Typing\ExpressionTypeDescender.cs:line 382
   at Reko.Typing.ExpressionTypeDescender.VisitBinaryExpression(BinaryExpression binExp, TypeVariable tv) in D:\dev\uxmal\reko\master\src\Decompiler\Typing\ExpressionTypeDescender.cs:line 227
   at Reko.Core.Expressions.BinaryExpression.Accept[T,C](ExpressionVisitor`2 v, C context) in D:\dev\uxmal\reko\master\src\Core\Expressions\BinaryExpression.cs:line 54
   at Reko.Typing.TypeCollector.VisitDeclaration(Declaration decl) in D:\dev\uxmal\reko\master\src\Decompiler\Typing\TypeCollector.cs:line 170
   at Reko.Core.Code.Declaration.Accept(InstructionVisitor v) in D:\dev\uxmal\reko\master\src\Core\Code\Declaration.cs:line 49
   at Reko.Typing.TypeCollector.CollectTypes() in D:\dev\uxmal\reko\master\src\Decompiler\Typing\TypeCollector.cs:line 84
l0800_112E: warning: Non-integral switch expression
=== MachO\const.o
=== Microchip\C18\PIC18Extd\PIC18EggExtd.hex
*** Microchip\C18\PIC18Extd\PIC18EggExtd.hex
00013A: error: PIC Hardware stack underflow.
=== Microchip\C18\PIC18\PIC18Legacy.hex
*** Microchip\C18\PIC18\PIC18Legacy.hex
00013A: error: PIC Hardware stack underflow.
=== PDP-11\lunar.lda
*** PDP-11\lunar.lda
0B70: warning: Procedure fn0B06 previously had a return address of 2 bytes on the stack, but now seems to have a return address of 0 bytes on the stack.
0AF2: warning: Procedure fn0A94 previously had a return address of 2 bytes on the stack, but now seems to have a return address of 0 bytes on the stack.
0896: warning: Unable to determine size of call or jump table; there may be more than 2 entries.
083E: error: An error occurred while processing instruction at address 083E.
    The given key was not present in the dictionary.
       at System.ThrowHelper.ThrowKeyNotFoundException()
   at System.Collections.Generic.Dictionary`2.get_Item(TKey key)
   at Reko.Analysis.ExpressionPropagator.GetStackDepthBeforeCall() in D:\dev\uxmal\reko\master\src\Decompiler\Analysis\ExpressionPropagator.cs:line 152
   at Reko.Analysis.ExpressionPropagator.VisitCallInstruction(CallInstruction ci) in D:\dev\uxmal\reko\master\src\Decompiler\Analysis\ExpressionPropagator.cs:line 108
   at Reko.Core.Code.CallInstruction.Accept[T](InstructionVisitor`1 visitor) in D:\dev\uxmal\reko\master\src\Core\Code\CallInstruction.cs:line 66
   at Reko.Analysis.TrashedRegisterFinder.RewriteBlock(Block block) in D:\dev\uxmal\reko\master\src\Decompiler\Analysis\TrashedRegisterFinder.cs:line 219
0B6C: error: An error occurred while processing instruction at address 0B6C.
    The given key was not present in the dictionary.
       at System.ThrowHelper.ThrowKeyNotFoundException()
   at System.Collections.Generic.Dictionary`2.get_Item(TKey key)
   at Reko.Analysis.ExpressionPropagator.GetStackDepthBeforeCall() in D:\dev\uxmal\reko\master\src\Decompiler\Analysis\ExpressionPropagator.cs:line 152
   at Reko.Analysis.ExpressionPropagator.VisitCallInstruction(CallInstruction ci) in D:\dev\uxmal\reko\master\src\Decompiler\Analysis\ExpressionPropagator.cs:line 108
   at Reko.Core.Code.CallInstruction.Accept[T](InstructionVisitor`1 visitor) in D:\dev\uxmal\reko\master\src\Core\Code\CallInstruction.cs:line 66
   at Reko.Analysis.TrashedRegisterFinder.RewriteBlock(Block block) in D:\dev\uxmal\reko\master\src\Decompiler\Analysis\TrashedRegisterFinder.cs:line 219
0B78: error: An error occurred while processing instruction at address 0B78.
    The given key was not present in the dictionary.
       at System.ThrowHelper.ThrowKeyNotFoundException()
   at System.Collections.Generic.Dictionary`2.get_Item(TKey key)
   at Reko.Analysis.ExpressionPropagator.GetStackDepthBeforeCall() in D:\dev\uxmal\reko\master\src\Decompiler\Analysis\ExpressionPropagator.cs:line 152
   at Reko.Analysis.ExpressionPropagator.VisitCallInstruction(CallInstruction ci) in D:\dev\uxmal\reko\master\src\Decompiler\Analysis\ExpressionPropagator.cs:line 108
   at Reko.Core.Code.CallInstruction.Accept[T](InstructionVisitor`1 visitor) in D:\dev\uxmal\reko\master\src\Core\Code\CallInstruction.cs:line 66
   at Reko.Analysis.TrashedRegisterFinder.RewriteBlock(Block block) in D:\dev\uxmal\reko\master\src\Decompiler\Analysis\TrashedRegisterFinder.cs:line 219
0B70: error: An error occurred while processing instruction at address 0B70.
    The given key was not present in the dictionary.
       at System.ThrowHelper.ThrowKeyNotFoundException()
   at System.Collections.Generic.Dictionary`2.get_Item(TKey key)
   at Reko.Analysis.ExpressionPropagator.GetStackDepthBeforeCall() in D:\dev\uxmal\reko\master\src\Decompiler\Analysis\ExpressionPropagator.cs:line 152
   at Reko.Analysis.ExpressionPropagator.VisitCallInstruction(CallInstruction ci) in D:\dev\uxmal\reko\master\src\Decompiler\Analysis\ExpressionPropagator.cs:line 108
   at Reko.Core.Code.CallInstruction.Accept[T](InstructionVisitor`1 visitor) in D:\dev\uxmal\reko\master\src\Core\Code\CallInstruction.cs:line 66
   at Reko.Analysis.TrashedRegisterFinder.RewriteBlock(Block block) in D:\dev\uxmal\reko\master\src\Decompiler\Analysis\TrashedRegisterFinder.cs:line 219
fn0AF6: error: An error occurred during data flow analysis.
    The given key was not present in the dictionary.
       at System.ThrowHelper.ThrowKeyNotFoundException()
   at System.Collections.Generic.Dictionary`2.get_Item(TKey key)
   at Reko.Analysis.SsaIdentifierCollection.get_Item(Identifier id) in D:\dev\uxmal\reko\master\src\Decompiler\Analysis\SsaIdentifierCollection.cs:line 55
   at Reko.Analysis.DeadCode.VisitIdentifier(Identifier id) in D:\dev\uxmal\reko\master\src\Decompiler\Analysis\DeadCode.cs:line 148
   at Reko.Core.Expressions.Identifier.Accept(IExpressionVisitor v) in D:\dev\uxmal\reko\master\src\Core\Expressions\Identifier.cs:line 91
   at Reko.Core.Code.InstructionVisitorBase.VisitMemoryAccess(MemoryAccess access) in D:\dev\uxmal\reko\master\src\Core\Code\InstructionVisitor.cs:line 214
   at Reko.Core.Expressions.MemoryAccess.Accept(IExpressionVisitor v) in D:\dev\uxmal\reko\master\src\Core\Expressions\MemoryAccess.cs:line 76
   at Reko.Analysis.DeadCode.VisitStore(Store store) in D:\dev\uxmal\reko\master\src\Decompiler\Analysis\DeadCode.cs:line 155
   at Reko.Core.Code.Store.Accept(InstructionVisitor v) in D:\dev\uxmal\reko\master\src\Core\Code\Assignment.cs:line 90
   at Reko.Analysis.DeadCode.Eliminate() in D:\dev\uxmal\reko\master\src\Decompiler\Analysis\DeadCode.cs:line 100
   at Reko.Analysis.DeadCode.Eliminate(Procedure proc, SsaState ssa) in D:\dev\uxmal\reko\master\src\Decompiler\Analysis\DeadCode.cs:line 82
   at Reko.Analysis.DataFlowAnalysis.BuildExpressionTrees() in D:\dev\uxmal\reko\master\src\Decompiler\Analysis\DataFlowAnalysis.cs:line 100
fn0AF6_exit: warning: Phi functions will be ignored by type analysis. This may be caused by a failure in a previous stage of the decompilation.
l0888: warning: Non-integral switch expression
0000013E: warning: Expected sizes of arrays to have been determined by now
0000168C: warning: Expected sizes of arrays to have been determined by now
00001696: warning: Expected sizes of arrays to have been determined by now
0000182A: warning: Expected sizes of arrays to have been determined by now
000027B0: warning: Expected sizes of arrays to have been determined by now
000028F0: warning: Expected sizes of arrays to have been determined by now
000028F2: warning: Expected sizes of arrays to have been determined by now
000028F8: warning: Expected sizes of arrays to have been determined by now
000034E0: warning: Expected sizes of arrays to have been determined by now
0000013E: warning: Expected sizes of arrays to have been determined by now
0000168C: warning: Expected sizes of arrays to have been determined by now
00001696: warning: Expected sizes of arrays to have been determined by now
0000182A: warning: Expected sizes of arrays to have been determined by now
000027B0: warning: Expected sizes of arrays to have been determined by now
000028F0: warning: Expected sizes of arrays to have been determined by now
000028F2: warning: Expected sizes of arrays to have been determined by now
000028F8: warning: Expected sizes of arrays to have been determined by now
000034E0: warning: Expected sizes of arrays to have been determined by now
=== PDP-11\space.dcproject
*** PDP-11\space.dcproject
46BE: warning: Unable to determine size of call or jump table; there may be more than 2 entries.
1368: warning: Procedure fn1366 previously had a return address of 2 bytes on the stack, but now seems to have a return address of 0 bytes on the stack.
136C: warning: Procedure fn1366 previously had a return address of 2 bytes on the stack, but now seems to have a return address of 0 bytes on the stack.
1972: warning: Procedure fn1962 previously had a return address of 2 bytes on the stack, but now seems to have a return address of 0 bytes on the stack.
1972: warning: Procedure fn1962 previously had a return address of 2 bytes on the stack, but now seems to have a return address of 0 bytes on the stack.
1924: warning: Procedure fn1900 previously had a return address of 2 bytes on the stack, but now seems to have a return address of 0 bytes on the stack.
1930: warning: Procedure fn1900 previously had a return address of 2 bytes on the stack, but now seems to have a return address of 0 bytes on the stack.
192E: warning: Procedure fn1900 previously had a return address of 2 bytes on the stack, but now seems to have a return address of 0 bytes on the stack.
0AF6: error: An error occurred while processing instruction at address 0AF6.
    The given key was not present in the dictionary.
       at System.ThrowHelper.ThrowKeyNotFoundException()
   at System.Collections.Generic.Dictionary`2.get_Item(TKey key)
   at Reko.Analysis.ExpressionPropagator.GetStackDepthBeforeCall() in D:\dev\uxmal\reko\master\src\Decompiler\Analysis\ExpressionPropagator.cs:line 152
   at Reko.Analysis.ExpressionPropagator.VisitCallInstruction(CallInstruction ci) in D:\dev\uxmal\reko\master\src\Decompiler\Analysis\ExpressionPropagator.cs:line 108
   at Reko.Core.Code.CallInstruction.Accept[T](InstructionVisitor`1 visitor) in D:\dev\uxmal\reko\master\src\Core\Code\CallInstruction.cs:line 66
   at Reko.Analysis.TrashedRegisterFinder.RewriteBlock(Block block) in D:\dev\uxmal\reko\master\src\Decompiler\Analysis\TrashedRegisterFinder.cs:line 219
0AF6: error: An error occurred while processing instruction at address 0AF6.
    The given key was not present in the dictionary.
       at System.ThrowHelper.ThrowKeyNotFoundException()
   at System.Collections.Generic.Dictionary`2.get_Item(TKey key)
   at Reko.Analysis.ExpressionPropagator.GetStackDepthBeforeCall() in D:\dev\uxmal\reko\master\src\Decompiler\Analysis\ExpressionPropagator.cs:line 152
   at Reko.Analysis.ExpressionPropagator.VisitCallInstruction(CallInstruction ci) in D:\dev\uxmal\reko\master\src\Decompiler\Analysis\ExpressionPropagator.cs:line 108
   at Reko.Core.Code.CallInstruction.Accept[T](InstructionVisitor`1 visitor) in D:\dev\uxmal\reko\master\src\Core\Code\CallInstruction.cs:line 66
   at Reko.Analysis.TrashedRegisterFinder.RewriteBlock(Block block) in D:\dev\uxmal\reko\master\src\Decompiler\Analysis\TrashedRegisterFinder.cs:line 219
0FC8: error: An error occurred while processing instruction at address 0FC8.
    The given key was not present in the dictionary.
       at System.ThrowHelper.ThrowKeyNotFoundException()
   at System.Collections.Generic.Dictionary`2.get_Item(TKey key)
   at Reko.Analysis.ExpressionPropagator.GetStackDepthBeforeCall() in D:\dev\uxmal\reko\master\src\Decompiler\Analysis\ExpressionPropagator.cs:line 152
   at Reko.Analysis.ExpressionPropagator.VisitCallInstruction(CallInstruction ci) in D:\dev\uxmal\reko\master\src\Decompiler\Analysis\ExpressionPropagator.cs:line 108
   at Reko.Core.Code.CallInstruction.Accept[T](InstructionVisitor`1 visitor) in D:\dev\uxmal\reko\master\src\Core\Code\CallInstruction.cs:line 66
   at Reko.Analysis.TrashedRegisterFinder.RewriteBlock(Block block) in D:\dev\uxmal\reko\master\src\Decompiler\Analysis\TrashedRegisterFinder.cs:line 219
0FC8: error: An error occurred while processing instruction at address 0FC8.
    The given key was not present in the dictionary.
       at System.ThrowHelper.ThrowKeyNotFoundException()
   at System.Collections.Generic.Dictionary`2.get_Item(TKey key)
   at Reko.Analysis.ExpressionPropagator.GetStackDepthBeforeCall() in D:\dev\uxmal\reko\master\src\Decompiler\Analysis\ExpressionPropagator.cs:line 152
   at Reko.Analysis.ExpressionPropagator.VisitCallInstruction(CallInstruction ci) in D:\dev\uxmal\reko\master\src\Decompiler\Analysis\ExpressionPropagator.cs:line 108
   at Reko.Core.Code.CallInstruction.Accept[T](InstructionVisitor`1 visitor) in D:\dev\uxmal\reko\master\src\Core\Code\CallInstruction.cs:line 66
   at Reko.Analysis.TrashedRegisterFinder.RewriteBlock(Block block) in D:\dev\uxmal\reko\master\src\Decompiler\Analysis\TrashedRegisterFinder.cs:line 219
1F10: error: An error occurred while processing instruction at address 1F10.
    The given key was not present in the dictionary.
       at System.ThrowHelper.ThrowKeyNotFoundException()
   at System.Collections.Generic.Dictionary`2.get_Item(TKey key)
   at Reko.Analysis.ExpressionPropagator.GetStackDepthBeforeCall() in D:\dev\uxmal\reko\master\src\Decompiler\Analysis\ExpressionPropagator.cs:line 152
   at Reko.Analysis.ExpressionPropagator.VisitCallInstruction(CallInstruction ci) in D:\dev\uxmal\reko\master\src\Decompiler\Analysis\ExpressionPropagator.cs:line 108
   at Reko.Core.Code.CallInstruction.Accept[T](InstructionVisitor`1 visitor) in D:\dev\uxmal\reko\master\src\Core\Code\CallInstruction.cs:line 66
   at Reko.Analysis.TrashedRegisterFinder.RewriteBlock(Block block) in D:\dev\uxmal\reko\master\src\Decompiler\Analysis\TrashedRegisterFinder.cs:line 219
1F42: error: An error occurred while processing instruction at address 1F42.
    The given key was not present in the dictionary.
       at System.ThrowHelper.ThrowKeyNotFoundException()
   at System.Collections.Generic.Dictionary`2.get_Item(TKey key)
   at Reko.Analysis.ExpressionPropagator.GetStackDepthBeforeCall() in D:\dev\uxmal\reko\master\src\Decompiler\Analysis\ExpressionPropagator.cs:line 152
   at Reko.Analysis.ExpressionPropagator.VisitCallInstruction(CallInstruction ci) in D:\dev\uxmal\reko\master\src\Decompiler\Analysis\ExpressionPropagator.cs:line 108
   at Reko.Core.Code.CallInstruction.Accept[T](InstructionVisitor`1 visitor) in D:\dev\uxmal\reko\master\src\Core\Code\CallInstruction.cs:line 66
   at Reko.Analysis.TrashedRegisterFinder.RewriteBlock(Block block) in D:\dev\uxmal\reko\master\src\Decompiler\Analysis\TrashedRegisterFinder.cs:line 219
1F4E: error: An error occurred while processing instruction at address 1F4E.
    The given key was not present in the dictionary.
       at System.ThrowHelper.ThrowKeyNotFoundException()
   at System.Collections.Generic.Dictionary`2.get_Item(TKey key)
   at Reko.Analysis.ExpressionPropagator.GetStackDepthBeforeCall() in D:\dev\uxmal\reko\master\src\Decompiler\Analysis\ExpressionPropagator.cs:line 152
   at Reko.Analysis.ExpressionPropagator.VisitCallInstruction(CallInstruction ci) in D:\dev\uxmal\reko\master\src\Decompiler\Analysis\ExpressionPropagator.cs:line 108
   at Reko.Core.Code.CallInstruction.Accept[T](InstructionVisitor`1 visitor) in D:\dev\uxmal\reko\master\src\Core\Code\CallInstruction.cs:line 66
   at Reko.Analysis.TrashedRegisterFinder.RewriteBlock(Block block) in D:\dev\uxmal\reko\master\src\Decompiler\Analysis\TrashedRegisterFinder.cs:line 219
1F5A: error: An error occurred while processing instruction at address 1F5A.
    The given key was not present in the dictionary.
       at System.ThrowHelper.ThrowKeyNotFoundException()
   at System.Collections.Generic.Dictionary`2.get_Item(TKey key)
   at Reko.Analysis.ExpressionPropagator.GetStackDepthBeforeCall() in D:\dev\uxmal\reko\master\src\Decompiler\Analysis\ExpressionPropagator.cs:line 152
   at Reko.Analysis.ExpressionPropagator.VisitCallInstruction(CallInstruction ci) in D:\dev\uxmal\reko\master\src\Decompiler\Analysis\ExpressionPropagator.cs:line 108
   at Reko.Core.Code.CallInstruction.Accept[T](InstructionVisitor`1 visitor) in D:\dev\uxmal\reko\master\src\Core\Code\CallInstruction.cs:line 66
   at Reko.Analysis.TrashedRegisterFinder.RewriteBlock(Block block) in D:\dev\uxmal\reko\master\src\Decompiler\Analysis\TrashedRegisterFinder.cs:line 219
1F66: error: An error occurred while processing instruction at address 1F66.
    The given key was not present in the dictionary.
       at System.ThrowHelper.ThrowKeyNotFoundException()
   at System.Collections.Generic.Dictionary`2.get_Item(TKey key)
   at Reko.Analysis.ExpressionPropagator.GetStackDepthBeforeCall() in D:\dev\uxmal\reko\master\src\Decompiler\Analysis\ExpressionPropagator.cs:line 152
   at Reko.Analysis.ExpressionPropagator.VisitCallInstruction(CallInstruction ci) in D:\dev\uxmal\reko\master\src\Decompiler\Analysis\ExpressionPropagator.cs:line 108
   at Reko.Core.Code.CallInstruction.Accept[T](InstructionVisitor`1 visitor) in D:\dev\uxmal\reko\master\src\Core\Code\CallInstruction.cs:line 66
   at Reko.Analysis.TrashedRegisterFinder.RewriteBlock(Block block) in D:\dev\uxmal\reko\master\src\Decompiler\Analysis\TrashedRegisterFinder.cs:line 219
238C: error: An error occurred while processing instruction at address 238C.
    The given key was not present in the dictionary.
       at System.ThrowHelper.ThrowKeyNotFoundException()
   at System.Collections.Generic.Dictionary`2.get_Item(TKey key)
   at Reko.Analysis.ExpressionPropagator.GetStackDepthBeforeCall() in D:\dev\uxmal\reko\master\src\Decompiler\Analysis\ExpressionPropagator.cs:line 152
   at Reko.Analysis.ExpressionPropagator.VisitCallInstruction(CallInstruction ci) in D:\dev\uxmal\reko\master\src\Decompiler\Analysis\ExpressionPropagator.cs:line 108
   at Reko.Core.Code.CallInstruction.Accept[T](InstructionVisitor`1 visitor) in D:\dev\uxmal\reko\master\src\Core\Code\CallInstruction.cs:line 66
   at Reko.Analysis.TrashedRegisterFinder.RewriteBlock(Block block) in D:\dev\uxmal\reko\master\src\Decompiler\Analysis\TrashedRegisterFinder.cs:line 219
2134: error: An error occurred while processing instruction at address 2134.
    The given key was not present in the dictionary.
       at System.ThrowHelper.ThrowKeyNotFoundException()
   at System.Collections.Generic.Dictionary`2.get_Item(TKey key)
   at Reko.Analysis.ExpressionPropagator.GetStackDepthBeforeCall() in D:\dev\uxmal\reko\master\src\Decompiler\Analysis\ExpressionPropagator.cs:line 152
   at Reko.Analysis.ExpressionPropagator.VisitCallInstruction(CallInstruction ci) in D:\dev\uxmal\reko\master\src\Decompiler\Analysis\ExpressionPropagator.cs:line 108
   at Reko.Core.Code.CallInstruction.Accept[T](InstructionVisitor`1 visitor) in D:\dev\uxmal\reko\master\src\Core\Code\CallInstruction.cs:line 66
   at Reko.Analysis.TrashedRegisterFinder.RewriteBlock(Block block) in D:\dev\uxmal\reko\master\src\Decompiler\Analysis\TrashedRegisterFinder.cs:line 219
215A: error: An error occurred while processing instruction at address 215A.
    The given key was not present in the dictionary.
       at System.ThrowHelper.ThrowKeyNotFoundException()
   at System.Collections.Generic.Dictionary`2.get_Item(TKey key)
   at Reko.Analysis.ExpressionPropagator.GetStackDepthBeforeCall() in D:\dev\uxmal\reko\master\src\Decompiler\Analysis\ExpressionPropagator.cs:line 152
   at Reko.Analysis.ExpressionPropagator.VisitCallInstruction(CallInstruction ci) in D:\dev\uxmal\reko\master\src\Decompiler\Analysis\ExpressionPropagator.cs:line 108
   at Reko.Core.Code.CallInstruction.Accept[T](InstructionVisitor`1 visitor) in D:\dev\uxmal\reko\master\src\Core\Code\CallInstruction.cs:line 66
   at Reko.Analysis.TrashedRegisterFinder.RewriteBlock(Block block) in D:\dev\uxmal\reko\master\src\Decompiler\Analysis\TrashedRegisterFinder.cs:line 219
2174: error: An error occurred while processing instruction at address 2174.
    The given key was not present in the dictionary.
       at System.ThrowHelper.ThrowKeyNotFoundException()
   at System.Collections.Generic.Dictionary`2.get_Item(TKey key)
   at Reko.Analysis.ExpressionPropagator.GetStackDepthBeforeCall() in D:\dev\uxmal\reko\master\src\Decompiler\Analysis\ExpressionPropagator.cs:line 152
   at Reko.Analysis.ExpressionPropagator.VisitCallInstruction(CallInstruction ci) in D:\dev\uxmal\reko\master\src\Decompiler\Analysis\ExpressionPropagator.cs:line 108
   at Reko.Core.Code.CallInstruction.Accept[T](InstructionVisitor`1 visitor) in D:\dev\uxmal\reko\master\src\Core\Code\CallInstruction.cs:line 66
   at Reko.Analysis.TrashedRegisterFinder.RewriteBlock(Block block) in D:\dev\uxmal\reko\master\src\Decompiler\Analysis\TrashedRegisterFinder.cs:line 219
218E: error: An error occurred while processing instruction at address 218E.
    The given key was not present in the dictionary.
       at System.ThrowHelper.ThrowKeyNotFoundException()
   at System.Collections.Generic.Dictionary`2.get_Item(TKey key)
   at Reko.Analysis.ExpressionPropagator.GetStackDepthBeforeCall() in D:\dev\uxmal\reko\master\src\Decompiler\Analysis\ExpressionPropagator.cs:line 152
   at Reko.Analysis.ExpressionPropagator.VisitCallInstruction(CallInstruction ci) in D:\dev\uxmal\reko\master\src\Decompiler\Analysis\ExpressionPropagator.cs:line 108
   at Reko.Core.Code.CallInstruction.Accept[T](InstructionVisitor`1 visitor) in D:\dev\uxmal\reko\master\src\Core\Code\CallInstruction.cs:line 66
   at Reko.Analysis.TrashedRegisterFinder.RewriteBlock(Block block) in D:\dev\uxmal\reko\master\src\Decompiler\Analysis\TrashedRegisterFinder.cs:line 219
2208: error: An error occurred while processing instruction at address 2208.
    The given key was not present in the dictionary.
       at System.ThrowHelper.ThrowKeyNotFoundException()
   at System.Collections.Generic.Dictionary`2.get_Item(TKey key)
   at Reko.Analysis.ExpressionPropagator.GetStackDepthBeforeCall() in D:\dev\uxmal\reko\master\src\Decompiler\Analysis\ExpressionPropagator.cs:line 152
   at Reko.Analysis.ExpressionPropagator.VisitCallInstruction(CallInstruction ci) in D:\dev\uxmal\reko\master\src\Decompiler\Analysis\ExpressionPropagator.cs:line 108
   at Reko.Core.Code.CallInstruction.Accept[T](InstructionVisitor`1 visitor) in D:\dev\uxmal\reko\master\src\Core\Code\CallInstruction.cs:line 66
   at Reko.Analysis.TrashedRegisterFinder.RewriteBlock(Block block) in D:\dev\uxmal\reko\master\src\Decompiler\Analysis\TrashedRegisterFinder.cs:line 219
2216: error: An error occurred while processing instruction at address 2216.
    The given key was not present in the dictionary.
       at System.ThrowHelper.ThrowKeyNotFoundException()
   at System.Collections.Generic.Dictionary`2.get_Item(TKey key)
   at Reko.Analysis.ExpressionPropagator.GetStackDepthBeforeCall() in D:\dev\uxmal\reko\master\src\Decompiler\Analysis\ExpressionPropagator.cs:line 152
   at Reko.Analysis.ExpressionPropagator.VisitCallInstruction(CallInstruction ci) in D:\dev\uxmal\reko\master\src\Decompiler\Analysis\ExpressionPropagator.cs:line 108
   at Reko.Core.Code.CallInstruction.Accept[T](InstructionVisitor`1 visitor) in D:\dev\uxmal\reko\master\src\Core\Code\CallInstruction.cs:line 66
   at Reko.Analysis.TrashedRegisterFinder.RewriteBlock(Block block) in D:\dev\uxmal\reko\master\src\Decompiler\Analysis\TrashedRegisterFinder.cs:line 219
222E: error: An error occurred while processing instruction at address 222E.
    The given key was not present in the dictionary.
       at System.ThrowHelper.ThrowKeyNotFoundException()
   at System.Collections.Generic.Dictionary`2.get_Item(TKey key)
   at Reko.Analysis.ExpressionPropagator.GetStackDepthBeforeCall() in D:\dev\uxmal\reko\master\src\Decompiler\Analysis\ExpressionPropagator.cs:line 152
   at Reko.Analysis.ExpressionPropagator.VisitCallInstruction(CallInstruction ci) in D:\dev\uxmal\reko\master\src\Decompiler\Analysis\ExpressionPropagator.cs:line 108
   at Reko.Core.Code.CallInstruction.Accept[T](InstructionVisitor`1 visitor) in D:\dev\uxmal\reko\master\src\Core\Code\CallInstruction.cs:line 66
   at Reko.Analysis.TrashedRegisterFinder.RewriteBlock(Block block) in D:\dev\uxmal\reko\master\src\Decompiler\Analysis\TrashedRegisterFinder.cs:line 219
223A: error: An error occurred while processing instruction at address 223A.
    The given key was not present in the dictionary.
       at System.ThrowHelper.ThrowKeyNotFoundException()
   at System.Collections.Generic.Dictionary`2.get_Item(TKey key)
   at Reko.Analysis.ExpressionPropagator.GetStackDepthBeforeCall() in D:\dev\uxmal\reko\master\src\Decompiler\Analysis\ExpressionPropagator.cs:line 152
   at Reko.Analysis.ExpressionPropagator.VisitCallInstruction(CallInstruction ci) in D:\dev\uxmal\reko\master\src\Decompiler\Analysis\ExpressionPropagator.cs:line 108
   at Reko.Core.Code.CallInstruction.Accept[T](InstructionVisitor`1 visitor) in D:\dev\uxmal\reko\master\src\Core\Code\CallInstruction.cs:line 66
   at Reko.Analysis.TrashedRegisterFinder.RewriteBlock(Block block) in D:\dev\uxmal\reko\master\src\Decompiler\Analysis\TrashedRegisterFinder.cs:line 219
2246: error: An error occurred while processing instruction at address 2246.
    The given key was not present in the dictionary.
       at System.ThrowHelper.ThrowKeyNotFoundException()
   at System.Collections.Generic.Dictionary`2.get_Item(TKey key)
   at Reko.Analysis.ExpressionPropagator.GetStackDepthBeforeCall() in D:\dev\uxmal\reko\master\src\Decompiler\Analysis\ExpressionPropagator.cs:line 152
   at Reko.Analysis.ExpressionPropagator.VisitCallInstruction(CallInstruction ci) in D:\dev\uxmal\reko\master\src\Decompiler\Analysis\ExpressionPropagator.cs:line 108
   at Reko.Core.Code.CallInstruction.Accept[T](InstructionVisitor`1 visitor) in D:\dev\uxmal\reko\master\src\Core\Code\CallInstruction.cs:line 66
   at Reko.Analysis.TrashedRegisterFinder.RewriteBlock(Block block) in D:\dev\uxmal\reko\master\src\Decompiler\Analysis\TrashedRegisterFinder.cs:line 219
2252: error: An error occurred while processing instruction at address 2252.
    The given key was not present in the dictionary.
       at System.ThrowHelper.ThrowKeyNotFoundException()
   at System.Collections.Generic.Dictionary`2.get_Item(TKey key)
   at Reko.Analysis.ExpressionPropagator.GetStackDepthBeforeCall() in D:\dev\uxmal\reko\master\src\Decompiler\Analysis\ExpressionPropagator.cs:line 152
   at Reko.Analysis.ExpressionPropagator.VisitCallInstruction(CallInstruction ci) in D:\dev\uxmal\reko\master\src\Decompiler\Analysis\ExpressionPropagator.cs:line 108
   at Reko.Core.Code.CallInstruction.Accept[T](InstructionVisitor`1 visitor) in D:\dev\uxmal\reko\master\src\Core\Code\CallInstruction.cs:line 66
   at Reko.Analysis.TrashedRegisterFinder.RewriteBlock(Block block) in D:\dev\uxmal\reko\master\src\Decompiler\Analysis\TrashedRegisterFinder.cs:line 219
225E: error: An error occurred while processing instruction at address 225E.
    The given key was not present in the dictionary.
       at System.ThrowHelper.ThrowKeyNotFoundException()
   at System.Collections.Generic.Dictionary`2.get_Item(TKey key)
   at Reko.Analysis.ExpressionPropagator.GetStackDepthBeforeCall() in D:\dev\uxmal\reko\master\src\Decompiler\Analysis\ExpressionPropagator.cs:line 152
   at Reko.Analysis.ExpressionPropagator.VisitCallInstruction(CallInstruction ci) in D:\dev\uxmal\reko\master\src\Decompiler\Analysis\ExpressionPropagator.cs:line 108
   at Reko.Core.Code.CallInstruction.Accept[T](InstructionVisitor`1 visitor) in D:\dev\uxmal\reko\master\src\Core\Code\CallInstruction.cs:line 66
   at Reko.Analysis.TrashedRegisterFinder.RewriteBlock(Block block) in D:\dev\uxmal\reko\master\src\Decompiler\Analysis\TrashedRegisterFinder.cs:line 219
226A: error: An error occurred while processing instruction at address 226A.
    The given key was not present in the dictionary.
       at System.ThrowHelper.ThrowKeyNotFoundException()
   at System.Collections.Generic.Dictionary`2.get_Item(TKey key)
   at Reko.Analysis.ExpressionPropagator.GetStackDepthBeforeCall() in D:\dev\uxmal\reko\master\src\Decompiler\Analysis\ExpressionPropagator.cs:line 152
   at Reko.Analysis.ExpressionPropagator.VisitCallInstruction(CallInstruction ci) in D:\dev\uxmal\reko\master\src\Decompiler\Analysis\ExpressionPropagator.cs:line 108
   at Reko.Core.Code.CallInstruction.Accept[T](InstructionVisitor`1 visitor) in D:\dev\uxmal\reko\master\src\Core\Code\CallInstruction.cs:line 66
   at Reko.Analysis.TrashedRegisterFinder.RewriteBlock(Block block) in D:\dev\uxmal\reko\master\src\Decompiler\Analysis\TrashedRegisterFinder.cs:line 219
2284: error: An error occurred while processing instruction at address 2284.
    The given key was not present in the dictionary.
       at System.ThrowHelper.ThrowKeyNotFoundException()
   at System.Collections.Generic.Dictionary`2.get_Item(TKey key)
   at Reko.Analysis.ExpressionPropagator.GetStackDepthBeforeCall() in D:\dev\uxmal\reko\master\src\Decompiler\Analysis\ExpressionPropagator.cs:line 152
   at Reko.Analysis.ExpressionPropagator.VisitCallInstruction(CallInstruction ci) in D:\dev\uxmal\reko\master\src\Decompiler\Analysis\ExpressionPropagator.cs:line 108
   at Reko.Core.Code.CallInstruction.Accept[T](InstructionVisitor`1 visitor) in D:\dev\uxmal\reko\master\src\Core\Code\CallInstruction.cs:line 66
   at Reko.Analysis.TrashedRegisterFinder.RewriteBlock(Block block) in D:\dev\uxmal\reko\master\src\Decompiler\Analysis\TrashedRegisterFinder.cs:line 219
2290: error: An error occurred while processing instruction at address 2290.
    The given key was not present in the dictionary.
       at System.ThrowHelper.ThrowKeyNotFoundException()
   at System.Collections.Generic.Dictionary`2.get_Item(TKey key)
   at Reko.Analysis.ExpressionPropagator.GetStackDepthBeforeCall() in D:\dev\uxmal\reko\master\src\Decompiler\Analysis\ExpressionPropagator.cs:line 152
   at Reko.Analysis.ExpressionPropagator.VisitCallInstruction(CallInstruction ci) in D:\dev\uxmal\reko\master\src\Decompiler\Analysis\ExpressionPropagator.cs:line 108
   at Reko.Core.Code.CallInstruction.Accept[T](InstructionVisitor`1 visitor) in D:\dev\uxmal\reko\master\src\Core\Code\CallInstruction.cs:line 66
   at Reko.Analysis.TrashedRegisterFinder.RewriteBlock(Block block) in D:\dev\uxmal\reko\master\src\Decompiler\Analysis\TrashedRegisterFinder.cs:line 219
22DC: error: An error occurred while processing instruction at address 22DC.
    The given key was not present in the dictionary.
       at System.ThrowHelper.ThrowKeyNotFoundException()
   at System.Collections.Generic.Dictionary`2.get_Item(TKey key)
   at Reko.Analysis.ExpressionPropagator.GetStackDepthBeforeCall() in D:\dev\uxmal\reko\master\src\Decompiler\Analysis\ExpressionPropagator.cs:line 152
   at Reko.Analysis.ExpressionPropagator.VisitCallInstruction(CallInstruction ci) in D:\dev\uxmal\reko\master\src\Decompiler\Analysis\ExpressionPropagator.cs:line 108
   at Reko.Core.Code.CallInstruction.Accept[T](InstructionVisitor`1 visitor) in D:\dev\uxmal\reko\master\src\Core\Code\CallInstruction.cs:line 66
   at Reko.Analysis.TrashedRegisterFinder.RewriteBlock(Block block) in D:\dev\uxmal\reko\master\src\Decompiler\Analysis\TrashedRegisterFinder.cs:line 219
22A4: error: An error occurred while processing instruction at address 22A4.
    The given key was not present in the dictionary.
       at System.ThrowHelper.ThrowKeyNotFoundException()
   at System.Collections.Generic.Dictionary`2.get_Item(TKey key)
   at Reko.Analysis.ExpressionPropagator.GetStackDepthBeforeCall() in D:\dev\uxmal\reko\master\src\Decompiler\Analysis\ExpressionPropagator.cs:line 152
   at Reko.Analysis.ExpressionPropagator.VisitCallInstruction(CallInstruction ci) in D:\dev\uxmal\reko\master\src\Decompiler\Analysis\ExpressionPropagator.cs:line 108
   at Reko.Core.Code.CallInstruction.Accept[T](InstructionVisitor`1 visitor) in D:\dev\uxmal\reko\master\src\Core\Code\CallInstruction.cs:line 66
   at Reko.Analysis.TrashedRegisterFinder.RewriteBlock(Block block) in D:\dev\uxmal\reko\master\src\Decompiler\Analysis\TrashedRegisterFinder.cs:line 219
22B0: error: An error occurred while processing instruction at address 22B0.
    The given key was not present in the dictionary.
       at System.ThrowHelper.ThrowKeyNotFoundException()
   at System.Collections.Generic.Dictionary`2.get_Item(TKey key)
   at Reko.Analysis.ExpressionPropagator.GetStackDepthBeforeCall() in D:\dev\uxmal\reko\master\src\Decompiler\Analysis\ExpressionPropagator.cs:line 152
   at Reko.Analysis.ExpressionPropagator.VisitCallInstruction(CallInstruction ci) in D:\dev\uxmal\reko\master\src\Decompiler\Analysis\ExpressionPropagator.cs:line 108
   at Reko.Core.Code.CallInstruction.Accept[T](InstructionVisitor`1 visitor) in D:\dev\uxmal\reko\master\src\Core\Code\CallInstruction.cs:line 66
   at Reko.Analysis.TrashedRegisterFinder.RewriteBlock(Block block) in D:\dev\uxmal\reko\master\src\Decompiler\Analysis\TrashedRegisterFinder.cs:line 219
21B0: error: An error occurred while processing instruction at address 21B0.
    The given key was not present in the dictionary.
       at System.ThrowHelper.ThrowKeyNotFoundException()
   at System.Collections.Generic.Dictionary`2.get_Item(TKey key)
   at Reko.Analysis.ExpressionPropagator.GetStackDepthBeforeCall() in D:\dev\uxmal\reko\master\src\Decompiler\Analysis\ExpressionPropagator.cs:line 152
   at Reko.Analysis.ExpressionPropagator.VisitCallInstruction(CallInstruction ci) in D:\dev\uxmal\reko\master\src\Decompiler\Analysis\ExpressionPropagator.cs:line 108
   at Reko.Core.Code.CallInstruction.Accept[T](InstructionVisitor`1 visitor) in D:\dev\uxmal\reko\master\src\Core\Code\CallInstruction.cs:line 66
   at Reko.Analysis.TrashedRegisterFinder.RewriteBlock(Block block) in D:\dev\uxmal\reko\master\src\Decompiler\Analysis\TrashedRegisterFinder.cs:line 219
21CA: error: An error occurred while processing instruction at address 21CA.
    The given key was not present in the dictionary.
       at System.ThrowHelper.ThrowKeyNotFoundException()
   at System.Collections.Generic.Dictionary`2.get_Item(TKey key)
   at Reko.Analysis.ExpressionPropagator.GetStackDepthBeforeCall() in D:\dev\uxmal\reko\master\src\Decompiler\Analysis\ExpressionPropagator.cs:line 152
   at Reko.Analysis.ExpressionPropagator.VisitCallInstruction(CallInstruction ci) in D:\dev\uxmal\reko\master\src\Decompiler\Analysis\ExpressionPropagator.cs:line 108
   at Reko.Core.Code.CallInstruction.Accept[T](InstructionVisitor`1 visitor) in D:\dev\uxmal\reko\master\src\Core\Code\CallInstruction.cs:line 66
   at Reko.Analysis.TrashedRegisterFinder.RewriteBlock(Block block) in D:\dev\uxmal\reko\master\src\Decompiler\Analysis\TrashedRegisterFinder.cs:line 219
21E4: error: An error occurred while processing instruction at address 21E4.
    The given key was not present in the dictionary.
       at System.ThrowHelper.ThrowKeyNotFoundException()
   at System.Collections.Generic.Dictionary`2.get_Item(TKey key)
   at Reko.Analysis.ExpressionPropagator.GetStackDepthBeforeCall() in D:\dev\uxmal\reko\master\src\Decompiler\Analysis\ExpressionPropagator.cs:line 152
   at Reko.Analysis.ExpressionPropagator.VisitCallInstruction(CallInstruction ci) in D:\dev\uxmal\reko\master\src\Decompiler\Analysis\ExpressionPropagator.cs:line 108
   at Reko.Core.Code.CallInstruction.Accept[T](InstructionVisitor`1 visitor) in D:\dev\uxmal\reko\master\src\Core\Code\CallInstruction.cs:line 66
   at Reko.Analysis.TrashedRegisterFinder.RewriteBlock(Block block) in D:\dev\uxmal\reko\master\src\Decompiler\Analysis\TrashedRegisterFinder.cs:line 219
2BDE: error: An error occurred while processing instruction at address 2BDE.
    The given key was not present in the dictionary.
       at System.ThrowHelper.ThrowKeyNotFoundException()
   at System.Collections.Generic.Dictionary`2.get_Item(TKey key)
   at Reko.Analysis.ExpressionPropagator.GetStackDepthBeforeCall() in D:\dev\uxmal\reko\master\src\Decompiler\Analysis\ExpressionPropagator.cs:line 152
   at Reko.Analysis.ExpressionPropagator.VisitCallInstruction(CallInstruction ci) in D:\dev\uxmal\reko\master\src\Decompiler\Analysis\ExpressionPropagator.cs:line 108
   at Reko.Core.Code.CallInstruction.Accept[T](InstructionVisitor`1 visitor) in D:\dev\uxmal\reko\master\src\Core\Code\CallInstruction.cs:line 66
   at Reko.Analysis.TrashedRegisterFinder.RewriteBlock(Block block) in D:\dev\uxmal\reko\master\src\Decompiler\Analysis\TrashedRegisterFinder.cs:line 219
2BEA: error: An error occurred while processing instruction at address 2BEA.
    The given key was not present in the dictionary.
       at System.ThrowHelper.ThrowKeyNotFoundException()
   at System.Collections.Generic.Dictionary`2.get_Item(TKey key)
   at Reko.Analysis.ExpressionPropagator.GetStackDepthBeforeCall() in D:\dev\uxmal\reko\master\src\Decompiler\Analysis\ExpressionPropagator.cs:line 152
   at Reko.Analysis.ExpressionPropagator.VisitCallInstruction(CallInstruction ci) in D:\dev\uxmal\reko\master\src\Decompiler\Analysis\ExpressionPropagator.cs:line 108
   at Reko.Core.Code.CallInstruction.Accept[T](InstructionVisitor`1 visitor) in D:\dev\uxmal\reko\master\src\Core\Code\CallInstruction.cs:line 66
   at Reko.Analysis.TrashedRegisterFinder.RewriteBlock(Block block) in D:\dev\uxmal\reko\master\src\Decompiler\Analysis\TrashedRegisterFinder.cs:line 219
2D0A: error: An error occurred while processing instruction at address 2D0A.
    The given key was not present in the dictionary.
       at System.ThrowHelper.ThrowKeyNotFoundException()
   at System.Collections.Generic.Dictionary`2.get_Item(TKey key)
   at Reko.Analysis.ExpressionPropagator.GetStackDepthBeforeCall() in D:\dev\uxmal\reko\master\src\Decompiler\Analysis\ExpressionPropagator.cs:line 152
   at Reko.Analysis.ExpressionPropagator.VisitCallInstruction(CallInstruction ci) in D:\dev\uxmal\reko\master\src\Decompiler\Analysis\ExpressionPropagator.cs:line 108
   at Reko.Core.Code.CallInstruction.Accept[T](InstructionVisitor`1 visitor) in D:\dev\uxmal\reko\master\src\Core\Code\CallInstruction.cs:line 66
   at Reko.Analysis.TrashedRegisterFinder.RewriteBlock(Block block) in D:\dev\uxmal\reko\master\src\Decompiler\Analysis\TrashedRegisterFinder.cs:line 219
2D22: error: An error occurred while processing instruction at address 2D22.
    The given key was not present in the dictionary.
       at System.ThrowHelper.ThrowKeyNotFoundException()
   at System.Collections.Generic.Dictionary`2.get_Item(TKey key)
   at Reko.Analysis.ExpressionPropagator.GetStackDepthBeforeCall() in D:\dev\uxmal\reko\master\src\Decompiler\Analysis\ExpressionPropagator.cs:line 152
   at Reko.Analysis.ExpressionPropagator.VisitCallInstruction(CallInstruction ci) in D:\dev\uxmal\reko\master\src\Decompiler\Analysis\ExpressionPropagator.cs:line 108
   at Reko.Core.Code.CallInstruction.Accept[T](InstructionVisitor`1 visitor) in D:\dev\uxmal\reko\master\src\Core\Code\CallInstruction.cs:line 66
   at Reko.Analysis.TrashedRegisterFinder.RewriteBlock(Block block) in D:\dev\uxmal\reko\master\src\Decompiler\Analysis\TrashedRegisterFinder.cs:line 219
2D30: error: An error occurred while processing instruction at address 2D30.
    The given key was not present in the dictionary.
       at System.ThrowHelper.ThrowKeyNotFoundException()
   at System.Collections.Generic.Dictionary`2.get_Item(TKey key)
   at Reko.Analysis.ExpressionPropagator.GetStackDepthBeforeCall() in D:\dev\uxmal\reko\master\src\Decompiler\Analysis\ExpressionPropagator.cs:line 152
   at Reko.Analysis.ExpressionPropagator.VisitCallInstruction(CallInstruction ci) in D:\dev\uxmal\reko\master\src\Decompiler\Analysis\ExpressionPropagator.cs:line 108
   at Reko.Core.Code.CallInstruction.Accept[T](InstructionVisitor`1 visitor) in D:\dev\uxmal\reko\master\src\Core\Code\CallInstruction.cs:line 66
   at Reko.Analysis.TrashedRegisterFinder.RewriteBlock(Block block) in D:\dev\uxmal\reko\master\src\Decompiler\Analysis\TrashedRegisterFinder.cs:line 219
2D3C: error: An error occurred while processing instruction at address 2D3C.
    The given key was not present in the dictionary.
       at System.ThrowHelper.ThrowKeyNotFoundException()
   at System.Collections.Generic.Dictionary`2.get_Item(TKey key)
   at Reko.Analysis.ExpressionPropagator.GetStackDepthBeforeCall() in D:\dev\uxmal\reko\master\src\Decompiler\Analysis\ExpressionPropagator.cs:line 152
   at Reko.Analysis.ExpressionPropagator.VisitCallInstruction(CallInstruction ci) in D:\dev\uxmal\reko\master\src\Decompiler\Analysis\ExpressionPropagator.cs:line 108
   at Reko.Core.Code.CallInstruction.Accept[T](InstructionVisitor`1 visitor) in D:\dev\uxmal\reko\master\src\Core\Code\CallInstruction.cs:line 66
   at Reko.Analysis.TrashedRegisterFinder.RewriteBlock(Block block) in D:\dev\uxmal\reko\master\src\Decompiler\Analysis\TrashedRegisterFinder.cs:line 219
2DCE: error: An error occurred while processing instruction at address 2DCE.
    The given key was not present in the dictionary.
       at System.ThrowHelper.ThrowKeyNotFoundException()
   at System.Collections.Generic.Dictionary`2.get_Item(TKey key)
   at Reko.Analysis.ExpressionPropagator.GetStackDepthBeforeCall() in D:\dev\uxmal\reko\master\src\Decompiler\Analysis\ExpressionPropagator.cs:line 152
   at Reko.Analysis.ExpressionPropagator.VisitCallInstruction(CallInstruction ci) in D:\dev\uxmal\reko\master\src\Decompiler\Analysis\ExpressionPropagator.cs:line 108
   at Reko.Core.Code.CallInstruction.Accept[T](InstructionVisitor`1 visitor) in D:\dev\uxmal\reko\master\src\Core\Code\CallInstruction.cs:line 66
   at Reko.Analysis.TrashedRegisterFinder.RewriteBlock(Block block) in D:\dev\uxmal\reko\master\src\Decompiler\Analysis\TrashedRegisterFinder.cs:line 219
2E96: error: An error occurred while processing instruction at address 2E96.
    The given key was not present in the dictionary.
       at System.ThrowHelper.ThrowKeyNotFoundException()
   at System.Collections.Generic.Dictionary`2.get_Item(TKey key)
   at Reko.Analysis.ExpressionPropagator.GetStackDepthBeforeCall() in D:\dev\uxmal\reko\master\src\Decompiler\Analysis\ExpressionPropagator.cs:line 152
   at Reko.Analysis.ExpressionPropagator.VisitCallInstruction(CallInstruction ci) in D:\dev\uxmal\reko\master\src\Decompiler\Analysis\ExpressionPropagator.cs:line 108
   at Reko.Core.Code.CallInstruction.Accept[T](InstructionVisitor`1 visitor) in D:\dev\uxmal\reko\master\src\Core\Code\CallInstruction.cs:line 66
   at Reko.Analysis.TrashedRegisterFinder.RewriteBlock(Block block) in D:\dev\uxmal\reko\master\src\Decompiler\Analysis\TrashedRegisterFinder.cs:line 219
2EB4: error: An error occurred while processing instruction at address 2EB4.
    The given key was not present in the dictionary.
       at System.ThrowHelper.ThrowKeyNotFoundException()
   at System.Collections.Generic.Dictionary`2.get_Item(TKey key)
   at Reko.Analysis.ExpressionPropagator.GetStackDepthBeforeCall() in D:\dev\uxmal\reko\master\src\Decompiler\Analysis\ExpressionPropagator.cs:line 152
   at Reko.Analysis.ExpressionPropagator.VisitCallInstruction(CallInstruction ci) in D:\dev\uxmal\reko\master\src\Decompiler\Analysis\ExpressionPropagator.cs:line 108
   at Reko.Core.Code.CallInstruction.Accept[T](InstructionVisitor`1 visitor) in D:\dev\uxmal\reko\master\src\Core\Code\CallInstruction.cs:line 66
   at Reko.Analysis.TrashedRegisterFinder.RewriteBlock(Block block) in D:\dev\uxmal\reko\master\src\Decompiler\Analysis\TrashedRegisterFinder.cs:line 219
fn0AE6: error: An error occurred during data flow analysis.
    The given key was not present in the dictionary.
       at System.ThrowHelper.ThrowKeyNotFoundException()
   at System.Collections.Generic.Dictionary`2.get_Item(TKey key)
   at Reko.Analysis.SsaIdentifierCollection.get_Item(Identifier id) in D:\dev\uxmal\reko\master\src\Decompiler\Analysis\SsaIdentifierCollection.cs:line 55
   at Reko.Analysis.DeadCode.VisitIdentifier(Identifier id) in D:\dev\uxmal\reko\master\src\Decompiler\Analysis\DeadCode.cs:line 148
   at Reko.Core.Expressions.Identifier.Accept(IExpressionVisitor v) in D:\dev\uxmal\reko\master\src\Core\Expressions\Identifier.cs:line 91
   at Reko.Core.Code.InstructionVisitorBase.VisitMemoryAccess(MemoryAccess access) in D:\dev\uxmal\reko\master\src\Core\Code\InstructionVisitor.cs:line 213
   at Reko.Core.Expressions.MemoryAccess.Accept(IExpressionVisitor v) in D:\dev\uxmal\reko\master\src\Core\Expressions\MemoryAccess.cs:line 76
   at Reko.Analysis.DeadCode.VisitStore(Store store) in D:\dev\uxmal\reko\master\src\Decompiler\Analysis\DeadCode.cs:line 155
   at Reko.Core.Code.Store.Accept(InstructionVisitor v) in D:\dev\uxmal\reko\master\src\Core\Code\Assignment.cs:line 90
   at Reko.Analysis.DeadCode.Eliminate() in D:\dev\uxmal\reko\master\src\Decompiler\Analysis\DeadCode.cs:line 100
   at Reko.Analysis.DeadCode.Eliminate(Procedure proc, SsaState ssa) in D:\dev\uxmal\reko\master\src\Decompiler\Analysis\DeadCode.cs:line 82
   at Reko.Analysis.DataFlowAnalysis.BuildExpressionTrees() in D:\dev\uxmal\reko\master\src\Decompiler\Analysis\DataFlowAnalysis.cs:line 100
fn0FB2: error: An error occurred during data flow analysis.
    The given key was not present in the dictionary.
       at System.ThrowHelper.ThrowKeyNotFoundException()
   at System.Collections.Generic.Dictionary`2.get_Item(TKey key)
   at Reko.Analysis.SsaIdentifierCollection.get_Item(Identifier id) in D:\dev\uxmal\reko\master\src\Decompiler\Analysis\SsaIdentifierCollection.cs:line 55
   at Reko.Analysis.DeadCode.VisitIdentifier(Identifier id) in D:\dev\uxmal\reko\master\src\Decompiler\Analysis\DeadCode.cs:line 148
   at Reko.Core.Expressions.Identifier.Accept(IExpressionVisitor v) in D:\dev\uxmal\reko\master\src\Core\Expressions\Identifier.cs:line 91
   at Reko.Core.Code.InstructionVisitorBase.VisitMemoryAccess(MemoryAccess access) in D:\dev\uxmal\reko\master\src\Core\Code\InstructionVisitor.cs:line 213
   at Reko.Core.Expressions.MemoryAccess.Accept(IExpressionVisitor v) in D:\dev\uxmal\reko\master\src\Core\Expressions\MemoryAccess.cs:line 76
   at Reko.Analysis.DeadCode.VisitStore(Store store) in D:\dev\uxmal\reko\master\src\Decompiler\Analysis\DeadCode.cs:line 155
   at Reko.Core.Code.Store.Accept(InstructionVisitor v) in D:\dev\uxmal\reko\master\src\Core\Code\Assignment.cs:line 90
   at Reko.Analysis.DeadCode.Eliminate() in D:\dev\uxmal\reko\master\src\Decompiler\Analysis\DeadCode.cs:line 100
   at Reko.Analysis.DeadCode.Eliminate(Procedure proc, SsaState ssa) in D:\dev\uxmal\reko\master\src\Decompiler\Analysis\DeadCode.cs:line 82
   at Reko.Analysis.DataFlowAnalysis.BuildExpressionTrees() in D:\dev\uxmal\reko\master\src\Decompiler\Analysis\DataFlowAnalysis.cs:line 100
02DC: error: An error occurred while processing the statement branch r4_100 - 0x0038 - r2_114 >u 0x0000 l02D8.
    Pulling difference cu16 and (ptr16 (struct 0002 (0 word16 w0000)))
       at Reko.Core.Expressions.ExpressionTypeAscenderBase.PullDiffDataType(DataType dtLeft, DataType dtRight) in D:\dev\uxmal\reko\master\src\Core\Expressions\ExpressionTypeAscenderBase.cs:line 272
   at Reko.Core.Expressions.ExpressionTypeAscenderBase.VisitBinaryExpression(BinaryExpression binExp) in D:\dev\uxmal\reko\master\src\Core\Expressions\ExpressionTypeAscenderBase.cs:line 97
   at Reko.Core.Expressions.BinaryExpression.Accept[T](ExpressionVisitor`1 v) in D:\dev\uxmal\reko\master\src\Core\Expressions\BinaryExpression.cs:line 59
   at Reko.Core.Expressions.ExpressionTypeAscenderBase.VisitBinaryExpression(BinaryExpression binExp) in D:\dev\uxmal\reko\master\src\Core\Expressions\ExpressionTypeAscenderBase.cs:line 84
   at Reko.Core.Expressions.BinaryExpression.Accept[T](ExpressionVisitor`1 v) in D:\dev\uxmal\reko\master\src\Core\Expressions\BinaryExpression.cs:line 59
   at Reko.Typing.TypeCollector.VisitBranch(Branch branch) in D:\dev\uxmal\reko\master\src\Decompiler\Typing\TypeCollector.cs:line 142
   at Reko.Core.Code.Branch.Accept(InstructionVisitor v) in D:\dev\uxmal\reko\master\src\Core\Code\Branch.cs:line 55
   at Reko.Typing.TypeCollector.CollectTypes() in D:\dev\uxmal\reko\master\src\Decompiler\Typing\TypeCollector.cs:line 84
02DE: error: An error occurred while processing the statement Mem122[r4_61 - 0x003E + 0x0000:byte] = 0x0000.
    Not handling (ptr16 (struct (0 T_212 t0000))) and (union (cu16 u0) (ptr16 u1)) yet
       at Reko.Typing.ExpressionTypeDescender.PushSubtrahendDataType(DataType dtDiff, DataType dtMin) in D:\dev\uxmal\reko\master\src\Decompiler\Typing\ExpressionTypeDescender.cs:line 395
   at Reko.Typing.ExpressionTypeDescender.VisitBinaryExpression(BinaryExpression binExp, TypeVariable tv) in D:\dev\uxmal\reko\master\src\Decompiler\Typing\ExpressionTypeDescender.cs:line 229
   at Reko.Core.Expressions.BinaryExpression.Accept[T,C](ExpressionVisitor`2 v, C context) in D:\dev\uxmal\reko\master\src\Core\Expressions\BinaryExpression.cs:line 54
   at Reko.Typing.ExpressionTypeDescender.VisitMemoryAccess(Expression basePointer, TypeVariable tvAccess, Expression effectiveAddress, Expression globals) in D:\dev\uxmal\reko\master\src\Decompiler\Typing\ExpressionTypeDescender.cs:line 553
   at Reko.Typing.ExpressionTypeDescender.VisitMemoryAccess(MemoryAccess access, TypeVariable tv) in D:\dev\uxmal\reko\master\src\Decompiler\Typing\ExpressionTypeDescender.cs:line 496
   at Reko.Core.Expressions.MemoryAccess.Accept[T,C](ExpressionVisitor`2 v, C context) in D:\dev\uxmal\reko\master\src\Core\Expressions\MemoryAccess.cs:line 71
   at Reko.Typing.TypeCollector.VisitStore(Store store) in D:\dev\uxmal\reko\master\src\Decompiler\Typing\TypeCollector.cs:line 231
   at Reko.Core.Code.Store.Accept(InstructionVisitor v) in D:\dev\uxmal\reko\master\src\Core\Code\Assignment.cs:line 90
   at Reko.Typing.TypeCollector.CollectTypes() in D:\dev\uxmal\reko\master\src\Decompiler\Typing\TypeCollector.cs:line 84
fn0AE6_exit: warning: Phi functions will be ignored by type analysis. This may be caused by a failure in a previous stage of the decompilation.
0D22: error: An error occurred while processing the statement word16 r1_71 = (fp - 0x0006 << 1) + (fp - 0x0006).
    Not handling ptr16 and (union (cui16 u1) (ptr16 u0)) yet
       at Reko.Typing.ExpressionTypeDescender.PushMinuendDataType(DataType dtDiff, DataType dtSub) in D:\dev\uxmal\reko\master\src\Decompiler\Typing\ExpressionTypeDescender.cs:line 376
   at Reko.Typing.ExpressionTypeDescender.VisitBinaryExpression(BinaryExpression binExp, TypeVariable tv) in D:\dev\uxmal\reko\master\src\Decompiler\Typing\ExpressionTypeDescender.cs:line 227
   at Reko.Core.Expressions.BinaryExpression.Accept[T,C](ExpressionVisitor`2 v, C context) in D:\dev\uxmal\reko\master\src\Core\Expressions\BinaryExpression.cs:line 54
   at Reko.Typing.ExpressionTypeDescender.VisitBinaryExpression(BinaryExpression binExp, TypeVariable tv) in D:\dev\uxmal\reko\master\src\Decompiler\Typing\ExpressionTypeDescender.cs:line 325
   at Reko.Core.Expressions.BinaryExpression.Accept[T,C](ExpressionVisitor`2 v, C context) in D:\dev\uxmal\reko\master\src\Core\Expressions\BinaryExpression.cs:line 54
   at Reko.Typing.TypeCollector.VisitDeclaration(Declaration decl) in D:\dev\uxmal\reko\master\src\Decompiler\Typing\TypeCollector.cs:line 170
   at Reko.Core.Code.Declaration.Accept(InstructionVisitor v) in D:\dev\uxmal\reko\master\src\Core\Code\Declaration.cs:line 49
   at Reko.Typing.TypeCollector.CollectTypes() in D:\dev\uxmal\reko\master\src\Decompiler\Typing\TypeCollector.cs:line 84
000047E4: warning: Expected sizes of arrays to have been determined by now
0000487E: warning: Expected sizes of arrays to have been determined by now
00004D3E: warning: Expected sizes of arrays to have been determined by now
000051FE: warning: Expected sizes of arrays to have been determined by now
0000531E: warning: Expected sizes of arrays to have been determined by now
0000541C: warning: Expected sizes of arrays to have been determined by now
00005450: warning: Expected sizes of arrays to have been determined by now
00005464: warning: Expected sizes of arrays to have been determined by now
0000550A: warning: Expected sizes of arrays to have been determined by now
00005668: warning: Expected sizes of arrays to have been determined by now
000056C6: warning: Expected sizes of arrays to have been determined by now
00005816: warning: Expected sizes of arrays to have been determined by now
0000581B: warning: Expected sizes of arrays to have been determined by now
00005821: warning: Expected sizes of arrays to have been determined by now
00005828: warning: Expected sizes of arrays to have been determined by now
00005898: warning: Expected sizes of arrays to have been determined by now
000058C2: warning: Expected sizes of arrays to have been determined by now
00005926: warning: Expected sizes of arrays to have been determined by now
0000598A: warning: Expected sizes of arrays to have been determined by now
00005A2C: warning: Expected sizes of arrays to have been determined by now
00005A3E: warning: Expected sizes of arrays to have been determined by now
00005A66: warning: Expected sizes of arrays to have been determined by now
000047E4: warning: Expected sizes of arrays to have been determined by now
0000487E: warning: Expected sizes of arrays to have been determined by now
00004D3E: warning: Expected sizes of arrays to have been determined by now
000051FE: warning: Expected sizes of arrays to have been determined by now
0000531E: warning: Expected sizes of arrays to have been determined by now
0000541C: warning: Expected sizes of arrays to have been determined by now
00005450: warning: Expected sizes of arrays to have been determined by now
00005464: warning: Expected sizes of arrays to have been determined by now
0000550A: warning: Expected sizes of arrays to have been determined by now
00005668: warning: Expected sizes of arrays to have been determined by now
000056C6: warning: Expected sizes of arrays to have been determined by now
00005816: warning: Expected sizes of arrays to have been determined by now
0000581B: warning: Expected sizes of arrays to have been determined by now
00005821: warning: Expected sizes of arrays to have been determined by now
00005828: warning: Expected sizes of arrays to have been determined by now
00005898: warning: Expected sizes of arrays to have been determined by now
000058C2: warning: Expected sizes of arrays to have been determined by now
00005926: warning: Expected sizes of arrays to have been determined by now
0000598A: warning: Expected sizes of arrays to have been determined by now
00005A2C: warning: Expected sizes of arrays to have been determined by now
00005A3E: warning: Expected sizes of arrays to have been determined by now
00005A66: warning: Expected sizes of arrays to have been determined by now
=== PDP-11\spcinv.sav
*** PDP-11\spcinv.sav
02C2: error: An error occurred while processing instruction at address 02C2.
    The given key was not present in the dictionary.
       at System.ThrowHelper.ThrowKeyNotFoundException()
   at System.Collections.Generic.Dictionary`2.get_Item(TKey key)
   at Reko.Analysis.ExpressionPropagator.GetStackDepthBeforeCall() in D:\dev\uxmal\reko\master\src\Decompiler\Analysis\ExpressionPropagator.cs:line 152
   at Reko.Analysis.ExpressionPropagator.VisitCallInstruction(CallInstruction ci) in D:\dev\uxmal\reko\master\src\Decompiler\Analysis\ExpressionPropagator.cs:line 108
   at Reko.Core.Code.CallInstruction.Accept[T](InstructionVisitor`1 visitor) in D:\dev\uxmal\reko\master\src\Core\Code\CallInstruction.cs:line 66
   at Reko.Analysis.TrashedRegisterFinder.RewriteBlock(Block block) in D:\dev\uxmal\reko\master\src\Decompiler\Analysis\TrashedRegisterFinder.cs:line 219
033E: error: An error occurred while processing instruction at address 033E.
    The given key was not present in the dictionary.
       at System.ThrowHelper.ThrowKeyNotFoundException()
   at System.Collections.Generic.Dictionary`2.get_Item(TKey key)
   at Reko.Analysis.ExpressionPropagator.GetStackDepthBeforeCall() in D:\dev\uxmal\reko\master\src\Decompiler\Analysis\ExpressionPropagator.cs:line 152
   at Reko.Analysis.ExpressionPropagator.VisitCallInstruction(CallInstruction ci) in D:\dev\uxmal\reko\master\src\Decompiler\Analysis\ExpressionPropagator.cs:line 108
   at Reko.Core.Code.CallInstruction.Accept[T](InstructionVisitor`1 visitor) in D:\dev\uxmal\reko\master\src\Core\Code\CallInstruction.cs:line 66
   at Reko.Analysis.TrashedRegisterFinder.RewriteBlock(Block block) in D:\dev\uxmal\reko\master\src\Decompiler\Analysis\TrashedRegisterFinder.cs:line 219
0348: error: An error occurred while processing instruction at address 0348.
    The given key was not present in the dictionary.
       at System.ThrowHelper.ThrowKeyNotFoundException()
   at System.Collections.Generic.Dictionary`2.get_Item(TKey key)
   at Reko.Analysis.ExpressionPropagator.GetStackDepthBeforeCall() in D:\dev\uxmal\reko\master\src\Decompiler\Analysis\ExpressionPropagator.cs:line 152
   at Reko.Analysis.ExpressionPropagator.VisitCallInstruction(CallInstruction ci) in D:\dev\uxmal\reko\master\src\Decompiler\Analysis\ExpressionPropagator.cs:line 108
   at Reko.Core.Code.CallInstruction.Accept[T](InstructionVisitor`1 visitor) in D:\dev\uxmal\reko\master\src\Core\Code\CallInstruction.cs:line 66
   at Reko.Analysis.TrashedRegisterFinder.RewriteBlock(Block block) in D:\dev\uxmal\reko\master\src\Decompiler\Analysis\TrashedRegisterFinder.cs:line 219
036C: error: An error occurred while processing instruction at address 036C.
    The given key was not present in the dictionary.
       at System.ThrowHelper.ThrowKeyNotFoundException()
   at System.Collections.Generic.Dictionary`2.get_Item(TKey key)
   at Reko.Analysis.ExpressionPropagator.GetStackDepthBeforeCall() in D:\dev\uxmal\reko\master\src\Decompiler\Analysis\ExpressionPropagator.cs:line 152
   at Reko.Analysis.ExpressionPropagator.VisitCallInstruction(CallInstruction ci) in D:\dev\uxmal\reko\master\src\Decompiler\Analysis\ExpressionPropagator.cs:line 108
   at Reko.Core.Code.CallInstruction.Accept[T](InstructionVisitor`1 visitor) in D:\dev\uxmal\reko\master\src\Core\Code\CallInstruction.cs:line 66
   at Reko.Analysis.TrashedRegisterFinder.RewriteBlock(Block block) in D:\dev\uxmal\reko\master\src\Decompiler\Analysis\TrashedRegisterFinder.cs:line 219
0370: error: An error occurred while processing instruction at address 0370.
    The given key was not present in the dictionary.
       at System.ThrowHelper.ThrowKeyNotFoundException()
   at System.Collections.Generic.Dictionary`2.get_Item(TKey key)
   at Reko.Analysis.ExpressionPropagator.GetStackDepthBeforeCall() in D:\dev\uxmal\reko\master\src\Decompiler\Analysis\ExpressionPropagator.cs:line 152
   at Reko.Analysis.ExpressionPropagator.VisitCallInstruction(CallInstruction ci) in D:\dev\uxmal\reko\master\src\Decompiler\Analysis\ExpressionPropagator.cs:line 108
   at Reko.Core.Code.CallInstruction.Accept[T](InstructionVisitor`1 visitor) in D:\dev\uxmal\reko\master\src\Core\Code\CallInstruction.cs:line 66
   at Reko.Analysis.TrashedRegisterFinder.RewriteBlock(Block block) in D:\dev\uxmal\reko\master\src\Decompiler\Analysis\TrashedRegisterFinder.cs:line 219
0374: error: An error occurred while processing instruction at address 0374.
    The given key was not present in the dictionary.
       at System.ThrowHelper.ThrowKeyNotFoundException()
   at System.Collections.Generic.Dictionary`2.get_Item(TKey key)
   at Reko.Analysis.ExpressionPropagator.GetStackDepthBeforeCall() in D:\dev\uxmal\reko\master\src\Decompiler\Analysis\ExpressionPropagator.cs:line 152
   at Reko.Analysis.ExpressionPropagator.VisitCallInstruction(CallInstruction ci) in D:\dev\uxmal\reko\master\src\Decompiler\Analysis\ExpressionPropagator.cs:line 108
   at Reko.Core.Code.CallInstruction.Accept[T](InstructionVisitor`1 visitor) in D:\dev\uxmal\reko\master\src\Core\Code\CallInstruction.cs:line 66
   at Reko.Analysis.TrashedRegisterFinder.RewriteBlock(Block block) in D:\dev\uxmal\reko\master\src\Decompiler\Analysis\TrashedRegisterFinder.cs:line 219
0378: error: An error occurred while processing instruction at address 0378.
    The given key was not present in the dictionary.
       at System.ThrowHelper.ThrowKeyNotFoundException()
   at System.Collections.Generic.Dictionary`2.get_Item(TKey key)
   at Reko.Analysis.ExpressionPropagator.GetStackDepthBeforeCall() in D:\dev\uxmal\reko\master\src\Decompiler\Analysis\ExpressionPropagator.cs:line 152
   at Reko.Analysis.ExpressionPropagator.VisitCallInstruction(CallInstruction ci) in D:\dev\uxmal\reko\master\src\Decompiler\Analysis\ExpressionPropagator.cs:line 108
   at Reko.Core.Code.CallInstruction.Accept[T](InstructionVisitor`1 visitor) in D:\dev\uxmal\reko\master\src\Core\Code\CallInstruction.cs:line 66
   at Reko.Analysis.TrashedRegisterFinder.RewriteBlock(Block block) in D:\dev\uxmal\reko\master\src\Decompiler\Analysis\TrashedRegisterFinder.cs:line 219
037C: error: An error occurred while processing instruction at address 037C.
    The given key was not present in the dictionary.
       at System.ThrowHelper.ThrowKeyNotFoundException()
   at System.Collections.Generic.Dictionary`2.get_Item(TKey key)
   at Reko.Analysis.ExpressionPropagator.GetStackDepthBeforeCall() in D:\dev\uxmal\reko\master\src\Decompiler\Analysis\ExpressionPropagator.cs:line 152
   at Reko.Analysis.ExpressionPropagator.VisitCallInstruction(CallInstruction ci) in D:\dev\uxmal\reko\master\src\Decompiler\Analysis\ExpressionPropagator.cs:line 108
   at Reko.Core.Code.CallInstruction.Accept[T](InstructionVisitor`1 visitor) in D:\dev\uxmal\reko\master\src\Core\Code\CallInstruction.cs:line 66
   at Reko.Analysis.TrashedRegisterFinder.RewriteBlock(Block block) in D:\dev\uxmal\reko\master\src\Decompiler\Analysis\TrashedRegisterFinder.cs:line 219
038E: error: An error occurred while processing instruction at address 038E.
    The given key was not present in the dictionary.
       at System.ThrowHelper.ThrowKeyNotFoundException()
   at System.Collections.Generic.Dictionary`2.get_Item(TKey key)
   at Reko.Analysis.ExpressionPropagator.GetStackDepthBeforeCall() in D:\dev\uxmal\reko\master\src\Decompiler\Analysis\ExpressionPropagator.cs:line 152
   at Reko.Analysis.ExpressionPropagator.VisitCallInstruction(CallInstruction ci) in D:\dev\uxmal\reko\master\src\Decompiler\Analysis\ExpressionPropagator.cs:line 108
   at Reko.Core.Code.CallInstruction.Accept[T](InstructionVisitor`1 visitor) in D:\dev\uxmal\reko\master\src\Core\Code\CallInstruction.cs:line 66
   at Reko.Analysis.TrashedRegisterFinder.RewriteBlock(Block block) in D:\dev\uxmal\reko\master\src\Decompiler\Analysis\TrashedRegisterFinder.cs:line 219
040A: error: An error occurred while processing instruction at address 040A.
    The given key was not present in the dictionary.
       at System.ThrowHelper.ThrowKeyNotFoundException()
   at System.Collections.Generic.Dictionary`2.get_Item(TKey key)
   at Reko.Analysis.ExpressionPropagator.GetStackDepthBeforeCall() in D:\dev\uxmal\reko\master\src\Decompiler\Analysis\ExpressionPropagator.cs:line 152
   at Reko.Analysis.ExpressionPropagator.VisitCallInstruction(CallInstruction ci) in D:\dev\uxmal\reko\master\src\Decompiler\Analysis\ExpressionPropagator.cs:line 108
   at Reko.Core.Code.CallInstruction.Accept[T](InstructionVisitor`1 visitor) in D:\dev\uxmal\reko\master\src\Core\Code\CallInstruction.cs:line 66
   at Reko.Analysis.TrashedRegisterFinder.RewriteBlock(Block block) in D:\dev\uxmal\reko\master\src\Decompiler\Analysis\TrashedRegisterFinder.cs:line 219
00000DAC: warning: Expected sizes of arrays to have been determined by now
00000DB8: warning: Expected sizes of arrays to have been determined by now
00000DC4: warning: Expected sizes of arrays to have been determined by now
00000DD4: warning: Expected sizes of arrays to have been determined by now
00000DE0: warning: Expected sizes of arrays to have been determined by now
00000DF0: warning: Expected sizes of arrays to have been determined by now
00000E00: warning: Expected sizes of arrays to have been determined by now
00000E10: warning: Expected sizes of arrays to have been determined by now
00000E20: warning: Expected sizes of arrays to have been determined by now
00000E30: warning: Expected sizes of arrays to have been determined by now
00000EE6: warning: Expected sizes of arrays to have been determined by now
00000EE9: warning: Expected sizes of arrays to have been determined by now
00000EEC: warning: Expected sizes of arrays to have been determined by now
00000EF0: warning: Expected sizes of arrays to have been determined by now
00000EF3: warning: Expected sizes of arrays to have been determined by now
00000F2A: warning: Expected sizes of arrays to have been determined by now
00000DAC: warning: Expected sizes of arrays to have been determined by now
00000DB8: warning: Expected sizes of arrays to have been determined by now
00000DC4: warning: Expected sizes of arrays to have been determined by now
00000DD4: warning: Expected sizes of arrays to have been determined by now
00000DE0: warning: Expected sizes of arrays to have been determined by now
00000DF0: warning: Expected sizes of arrays to have been determined by now
00000E00: warning: Expected sizes of arrays to have been determined by now
00000E10: warning: Expected sizes of arrays to have been determined by now
00000E20: warning: Expected sizes of arrays to have been determined by now
00000E30: warning: Expected sizes of arrays to have been determined by now
00000EE6: warning: Expected sizes of arrays to have been determined by now
00000EE9: warning: Expected sizes of arrays to have been determined by now
00000EEC: warning: Expected sizes of arrays to have been determined by now
00000EF0: warning: Expected sizes of arrays to have been determined by now
00000EF3: warning: Expected sizes of arrays to have been determined by now
00000F2A: warning: Expected sizes of arrays to have been determined by now
=== PE\MIPS\swlswr\test.exe
=== PE\PPC\hello_ppc.exe
*** PE\PPC\hello_ppc.exe
hello_ppc.exe: warning: Win32 PowerPC main procedure finder not supported.
fn004020BC: error: An error occurred during data flow analysis.
    Can't add types of disjoint domains int32 and ptr32
       at Reko.Evaluation.ExpressionSimplifier.SimplifyTwoConstants(BinaryOperator op, Constant l, Constant r) in D:\dev\uxmal\reko\master\src\Decompiler\Evaluation\ExpressionSimplifier.cs:line 130
   at Reko.Evaluation.ExpressionSimplifier.VisitBinaryExpression(BinaryExpression binExp) in D:\dev\uxmal\reko\master\src\Decompiler\Evaluation\ExpressionSimplifier.cs:line 331
   at Reko.Core.Expressions.BinaryExpression.Accept[T](ExpressionVisitor`1 v) in D:\dev\uxmal\reko\master\src\Core\Expressions\BinaryExpression.cs:line 59
   at Reko.Analysis.ValuePropagator.VisitBranch(Branch b) in D:\dev\uxmal\reko\master\src\Decompiler\Analysis\ValuePropagator.cs:line 100
   at Reko.Core.Code.Branch.Accept[T](InstructionVisitor`1 visitor) in D:\dev\uxmal\reko\master\src\Core\Code\Branch.cs:line 50
   at Reko.Analysis.ValuePropagator.Transform(Statement stm) in D:\dev\uxmal\reko\master\src\Decompiler\Analysis\ValuePropagator.cs:line 85
   at Reko.Analysis.ValuePropagator.Transform() in D:\dev\uxmal\reko\master\src\Decompiler\Analysis\ValuePropagator.cs:line 76
   at Reko.Analysis.DataFlowAnalysis.BuildExpressionTrees() in D:\dev\uxmal\reko\master\src\Decompiler\Analysis\DataFlowAnalysis.cs:line 102
fn004026B8: error: An error occurred during data flow analysis.
    Can't add types of disjoint domains int32 and ptr32
       at Reko.Evaluation.ExpressionSimplifier.SimplifyTwoConstants(BinaryOperator op, Constant l, Constant r) in D:\dev\uxmal\reko\master\src\Decompiler\Evaluation\ExpressionSimplifier.cs:line 130
   at Reko.Evaluation.ExpressionSimplifier.VisitBinaryExpression(BinaryExpression binExp) in D:\dev\uxmal\reko\master\src\Decompiler\Evaluation\ExpressionSimplifier.cs:line 331
   at Reko.Core.Expressions.BinaryExpression.Accept[T](ExpressionVisitor`1 v) in D:\dev\uxmal\reko\master\src\Core\Expressions\BinaryExpression.cs:line 59
   at Reko.Analysis.ValuePropagator.VisitBranch(Branch b) in D:\dev\uxmal\reko\master\src\Decompiler\Analysis\ValuePropagator.cs:line 100
   at Reko.Core.Code.Branch.Accept[T](InstructionVisitor`1 visitor) in D:\dev\uxmal\reko\master\src\Core\Code\Branch.cs:line 50
   at Reko.Analysis.ValuePropagator.Transform(Statement stm) in D:\dev\uxmal\reko\master\src\Decompiler\Analysis\ValuePropagator.cs:line 85
   at Reko.Analysis.ValuePropagator.Transform() in D:\dev\uxmal\reko\master\src\Decompiler\Analysis\ValuePropagator.cs:line 76
   at Reko.Analysis.DataFlowAnalysis.BuildExpressionTrees() in D:\dev\uxmal\reko\master\src\Decompiler\Analysis\DataFlowAnalysis.cs:line 102
fn00402A24: error: An error occurred during data flow analysis.
    Can't add types of disjoint domains int32 and ptr32
       at Reko.Evaluation.ExpressionSimplifier.SimplifyTwoConstants(BinaryOperator op, Constant l, Constant r) in D:\dev\uxmal\reko\master\src\Decompiler\Evaluation\ExpressionSimplifier.cs:line 130
   at Reko.Evaluation.ExpressionSimplifier.VisitBinaryExpression(BinaryExpression binExp) in D:\dev\uxmal\reko\master\src\Decompiler\Evaluation\ExpressionSimplifier.cs:line 331
   at Reko.Core.Expressions.BinaryExpression.Accept[T](ExpressionVisitor`1 v) in D:\dev\uxmal\reko\master\src\Core\Expressions\BinaryExpression.cs:line 59
   at Reko.Analysis.ValuePropagator.VisitBranch(Branch b) in D:\dev\uxmal\reko\master\src\Decompiler\Analysis\ValuePropagator.cs:line 100
   at Reko.Core.Code.Branch.Accept[T](InstructionVisitor`1 visitor) in D:\dev\uxmal\reko\master\src\Core\Code\Branch.cs:line 50
   at Reko.Analysis.ValuePropagator.Transform(Statement stm) in D:\dev\uxmal\reko\master\src\Decompiler\Analysis\ValuePropagator.cs:line 85
   at Reko.Analysis.ValuePropagator.Transform() in D:\dev\uxmal\reko\master\src\Decompiler\Analysis\ValuePropagator.cs:line 76
   at Reko.Analysis.DataFlowAnalysis.BuildExpressionTrees() in D:\dev\uxmal\reko\master\src\Decompiler\Analysis\DataFlowAnalysis.cs:line 102
fn00403744: error: An error occurred during data flow analysis.
    Can't add types of disjoint domains int32 and ptr32
       at Reko.Evaluation.ExpressionSimplifier.SimplifyTwoConstants(BinaryOperator op, Constant l, Constant r) in D:\dev\uxmal\reko\master\src\Decompiler\Evaluation\ExpressionSimplifier.cs:line 130
   at Reko.Evaluation.ExpressionSimplifier.VisitBinaryExpression(BinaryExpression binExp) in D:\dev\uxmal\reko\master\src\Decompiler\Evaluation\ExpressionSimplifier.cs:line 331
   at Reko.Core.Expressions.BinaryExpression.Accept[T](ExpressionVisitor`1 v) in D:\dev\uxmal\reko\master\src\Core\Expressions\BinaryExpression.cs:line 59
   at Reko.Analysis.ValuePropagator.VisitBranch(Branch b) in D:\dev\uxmal\reko\master\src\Decompiler\Analysis\ValuePropagator.cs:line 100
   at Reko.Core.Code.Branch.Accept[T](InstructionVisitor`1 visitor) in D:\dev\uxmal\reko\master\src\Core\Code\Branch.cs:line 50
   at Reko.Analysis.ValuePropagator.Transform(Statement stm) in D:\dev\uxmal\reko\master\src\Decompiler\Analysis\ValuePropagator.cs:line 85
   at Reko.Analysis.ValuePropagator.Transform() in D:\dev\uxmal\reko\master\src\Decompiler\Analysis\ValuePropagator.cs:line 76
   at Reko.Analysis.DataFlowAnalysis.BuildExpressionTrees() in D:\dev\uxmal\reko\master\src\Decompiler\Analysis\DataFlowAnalysis.cs:line 102
fn00403898: error: An error occurred during data flow analysis.
    Can't add types of disjoint domains int32 and ptr32
       at Reko.Evaluation.ExpressionSimplifier.SimplifyTwoConstants(BinaryOperator op, Constant l, Constant r) in D:\dev\uxmal\reko\master\src\Decompiler\Evaluation\ExpressionSimplifier.cs:line 130
   at Reko.Evaluation.ExpressionSimplifier.VisitBinaryExpression(BinaryExpression binExp) in D:\dev\uxmal\reko\master\src\Decompiler\Evaluation\ExpressionSimplifier.cs:line 331
   at Reko.Core.Expressions.BinaryExpression.Accept[T](ExpressionVisitor`1 v) in D:\dev\uxmal\reko\master\src\Core\Expressions\BinaryExpression.cs:line 59
   at Reko.Analysis.ValuePropagator.VisitBranch(Branch b) in D:\dev\uxmal\reko\master\src\Decompiler\Analysis\ValuePropagator.cs:line 100
   at Reko.Core.Code.Branch.Accept[T](InstructionVisitor`1 visitor) in D:\dev\uxmal\reko\master\src\Core\Code\Branch.cs:line 50
   at Reko.Analysis.ValuePropagator.Transform(Statement stm) in D:\dev\uxmal\reko\master\src\Decompiler\Analysis\ValuePropagator.cs:line 85
   at Reko.Analysis.ValuePropagator.Transform() in D:\dev\uxmal\reko\master\src\Decompiler\Analysis\ValuePropagator.cs:line 76
   at Reko.Analysis.DataFlowAnalysis.BuildExpressionTrees() in D:\dev\uxmal\reko\master\src\Decompiler\Analysis\DataFlowAnalysis.cs:line 102
fn004020BC_exit: warning: Phi functions will be ignored by type analysis. This may be caused by a failure in a previous stage of the decompilation.
=== PE\m68k\hello_m68k.dcproject
=== PE\x86-64\varargs_test\varargs_test.exe
*** PE\x86-64\varargs_test\varargs_test.exe
0000000140001898: warning: Call target address 0000000000002D96 is invalid.
00000001400018A6: warning: Call target address 0000000000002D80 is invalid.
00000001400018B2: warning: Call target address 0000000000002D6A is invalid.
00000001400018C2: warning: Call target address 0000000000002D50 is invalid.
00000001400019B9: warning: Call target address 0000000000002C90 is invalid.
00000001400019D3: warning: Call target address 0000000000002CA4 is invalid.
0000000140001A14: warning: Call target address 0000000000002CBE is invalid.
0000000140001A68: warning: Call target address 0000000000002DC6 is invalid.
0000000140001A89: warning: Call target address 0000000000002CEE is invalid.
0000000140001A94: warning: Call target address 0000000000002CD2 is invalid.
0000000140001E46: warning: Unable to guess parameters of api-ms-win-crt-runtime-l1-1-0.dll!_register_thread_local_exe_atexit_callback.
0000000140001E34: warning: Unable to guess parameters of api-ms-win-crt-runtime-l1-1-0.dll!__p___argv.
0000000140001E2E: warning: Unable to guess parameters of api-ms-win-crt-runtime-l1-1-0.dll!__p___argc.
0000000140001E0A: warning: Unable to guess parameters of api-ms-win-crt-runtime-l1-1-0.dll!_get_initial_narrow_environment.
0000000140001168: warning: Call target address 00000000000029F4 is invalid.
0000000140001187: warning: Call target address 0000000000002A06 is invalid.
00000001400010F5: warning: Call target address 00000000000029F4 is invalid.
0000000140001114: warning: Call target address 0000000000002A20 is invalid.
000000014000155B: warning: Call target address 0000000000002C90 is invalid.
0000000140001575: warning: Call target address 0000000000002CA4 is invalid.
00000001400015AC: warning: Call target address 0000000000002CBE is invalid.
0000000140001453: warning: Call target address 0000000000002CEE is invalid.
000000014000145C: warning: Call target address 0000000000002CD2 is invalid.
0000000140001462: warning: Call target address 0000000000002D0C is invalid.
0000000140001AC6: warning: Call target address 0000000000002DDA is invalid.
0000000140001E3A: warning: Unable to guess parameters of api-ms-win-crt-runtime-l1-1-0.dll!_cexit.
0000000140001E52: warning: Unable to guess parameters of api-ms-win-crt-heap-l1-1-0.dll!_set_new_mode.
0000000140001E5E: warning: Unable to guess parameters of api-ms-win-crt-runtime-l1-1-0.dll!_initialize_onexit_table.
0000000140001E5E: warning: Unable to guess parameters of api-ms-win-crt-runtime-l1-1-0.dll!_initialize_onexit_table.
0000000140001DEC: warning: Unable to guess parameters of api-ms-win-crt-runtime-l1-1-0.dll!_seh_filter_exe.
0000000140001E70: warning: Unable to resolve imported reference api-ms-win-crt-runtime-l1-1-0.dll!terminate.
0000000140001E6A: warning: Unable to guess parameters of api-ms-win-crt-runtime-l1-1-0.dll!_crt_atexit.
0000000140001E64: warning: Unable to guess parameters of api-ms-win-crt-runtime-l1-1-0.dll!_register_onexit_function.
00000001400011CC: warning: Procedure fn00000001400011B0 previously had a return address of 8 bytes on the stack, but now seems to have a return address of 0 bytes on the stack.
0000000140001441: warning: Procedure Win32CrtStartup previously had a return address of 8 bytes on the stack, but now seems to have a return address of 0 bytes on the stack.
0000000140001DF2: warning: Unable to guess parameters of api-ms-win-crt-runtime-l1-1-0.dll!_set_app_type.
0000000140001DFE: warning: Unable to guess parameters of api-ms-win-crt-runtime-l1-1-0.dll!_configure_narrow_argv.
0000000140001E4C: warning: Unable to guess parameters of api-ms-win-crt-locale-l1-1-0.dll!_configthreadlocale.
0000000140001E04: warning: Unable to guess parameters of api-ms-win-crt-runtime-l1-1-0.dll!_initialize_narrow_environment.
0000000140001E40: warning: Unable to guess parameters of api-ms-win-crt-runtime-l1-1-0.dll!_c_exit.
00000001400010B0: error: An error occurred while processing the statement return fn00000001400011B0(rax_5 ^ fp - 200).
    Pulling difference ptr64 and (union (int32 u0) (ui64 u1))
       at Reko.Core.Expressions.ExpressionTypeAscenderBase.PullDiffDataType(DataType dtLeft, DataType dtRight) in D:\dev\uxmal\reko\master\src\Core\Expressions\ExpressionTypeAscenderBase.cs:line 260
   at Reko.Core.Expressions.ExpressionTypeAscenderBase.VisitBinaryExpression(BinaryExpression binExp) in D:\dev\uxmal\reko\master\src\Core\Expressions\ExpressionTypeAscenderBase.cs:line 97
   at Reko.Core.Expressions.BinaryExpression.Accept[T](ExpressionVisitor`1 v) in D:\dev\uxmal\reko\master\src\Core\Expressions\BinaryExpression.cs:line 59
   at Reko.Core.Expressions.ExpressionTypeAscenderBase.VisitBinaryExpression(BinaryExpression binExp) in D:\dev\uxmal\reko\master\src\Core\Expressions\ExpressionTypeAscenderBase.cs:line 85
   at Reko.Core.Expressions.BinaryExpression.Accept[T](ExpressionVisitor`1 v) in D:\dev\uxmal\reko\master\src\Core\Expressions\BinaryExpression.cs:line 59
   at Reko.Core.Expressions.ExpressionTypeAscenderBase.VisitApplication(Application appl) in D:\dev\uxmal\reko\master\src\Core\Expressions\ExpressionTypeAscenderBase.cs:line 64
   at Reko.Core.Expressions.Application.Accept[T](ExpressionVisitor`1 v) in D:\dev\uxmal\reko\master\src\Core\Expressions\Application.cs:line 55
   at Reko.Typing.TypeCollector.VisitReturnInstruction(ReturnInstruction ret) in D:\dev\uxmal\reko\master\src\Decompiler\Typing\TypeCollector.cs:line 210
   at Reko.Core.Code.ReturnInstruction.Accept(InstructionVisitor v) in D:\dev\uxmal\reko\master\src\Core\Code\Instruction.cs:line 134
   at Reko.Typing.TypeCollector.CollectTypes() in D:\dev\uxmal\reko\master\src\Decompiler\Typing\TypeCollector.cs:line 84
=== PE\x86\ExeDll\Executable.exe
=== PE\x86\IncorrectUserSignature\IncorrectUserSignature.dcproject
=== PE\x86\RussianText\RussianText.exe
=== PE\x86\VCExeSample\VCExeSample.dcproject
=== PE\x86\demo_upx\Demo.exe
=== PE\x86\import-ordinals\import-ordinals.dcproject
=== PE\x86\pySample\pySample.dcproject
=== TLCS\900\ngp_iq\NGP_IQ.NGP
=== TLCS\90\TLCS-90.corpus
*** TLCS\90\TLCS-90.corpus
034E: warning: Procedure fn034E previously had a return address of 2 bytes on the stack, but now seems to have a return address of 0 bytes on the stack.
0B71: warning: Procedure fn5A49 previously had a return address of 0 bytes on the stack, but now seems to have a return address of 2 bytes on the stack.
5B21: warning: Procedure fn5A49 previously had a return address of 0 bytes on the stack, but now seems to have a return address of 2 bytes on the stack.
0E0F: warning: Procedure fn0CB7 previously had a return address of 2 bytes on the stack, but now seems to have a return address of 0 bytes on the stack.
0E0F: warning: Procedure fn0CB7 previously had a return address of 2 bytes on the stack, but now seems to have a return address of 0 bytes on the stack.
0B51: error: An error occurred while processing instruction at address 0B51.
    The given key was not present in the dictionary.
       at System.ThrowHelper.ThrowKeyNotFoundException()
   at System.Collections.Generic.Dictionary`2.get_Item(TKey key)
   at Reko.Analysis.ExpressionPropagator.GetStackDepthBeforeCall() in D:\dev\uxmal\reko\master\src\Decompiler\Analysis\ExpressionPropagator.cs:line 152
   at Reko.Analysis.ExpressionPropagator.VisitCallInstruction(CallInstruction ci) in D:\dev\uxmal\reko\master\src\Decompiler\Analysis\ExpressionPropagator.cs:line 108
   at Reko.Core.Code.CallInstruction.Accept[T](InstructionVisitor`1 visitor) in D:\dev\uxmal\reko\master\src\Core\Code\CallInstruction.cs:line 66
   at Reko.Analysis.TrashedRegisterFinder.RewriteBlock(Block block) in D:\dev\uxmal\reko\master\src\Decompiler\Analysis\TrashedRegisterFinder.cs:line 219
0B51: error: An error occurred while processing instruction at address 0B51.
    The given key was not present in the dictionary.
       at System.ThrowHelper.ThrowKeyNotFoundException()
   at System.Collections.Generic.Dictionary`2.get_Item(TKey key)
   at Reko.Analysis.ExpressionPropagator.GetStackDepthBeforeCall() in D:\dev\uxmal\reko\master\src\Decompiler\Analysis\ExpressionPropagator.cs:line 152
   at Reko.Analysis.ExpressionPropagator.VisitCallInstruction(CallInstruction ci) in D:\dev\uxmal\reko\master\src\Decompiler\Analysis\ExpressionPropagator.cs:line 108
   at Reko.Core.Code.CallInstruction.Accept[T](InstructionVisitor`1 visitor) in D:\dev\uxmal\reko\master\src\Core\Code\CallInstruction.cs:line 66
   at Reko.Analysis.TrashedRegisterFinder.RewriteBlock(Block block) in D:\dev\uxmal\reko\master\src\Decompiler\Analysis\TrashedRegisterFinder.cs:line 219
fn03B2: error: An error occurred during data flow analysis.
    The given key was not present in the dictionary.
       at System.ThrowHelper.ThrowKeyNotFoundException()
   at System.Collections.Generic.Dictionary`2.get_Item(TKey key)
   at Reko.Core.Lib.DominatorGraph`1.BuildDominanceFrontiers(DirectedGraph`1 graph, Dictionary`2 idoms) in D:\dev\uxmal\reko\master\src\Core\Lib\DominatorGraph.cs:line 199
   at Reko.Core.Lib.DominatorGraph`1..ctor(DirectedGraph`1 graph, T entryNode) in D:\dev\uxmal\reko\master\src\Core\Lib\DominatorGraph.cs:line 46
   at Reko.Analysis.DataFlowAnalysis.BuildSsaTransform(Procedure proc) in D:\dev\uxmal\reko\master\src\Decompiler\Analysis\DataFlowAnalysis.cs:line 162
   at Reko.Analysis.DataFlowAnalysis.BuildExpressionTrees() in D:\dev\uxmal\reko\master\src\Decompiler\Analysis\DataFlowAnalysis.cs:line 80
fn0B2C: error: An error occurred during data flow analysis.
    The given key was not present in the dictionary.
       at System.ThrowHelper.ThrowKeyNotFoundException()
   at System.Collections.Generic.Dictionary`2.get_Item(TKey key)
   at Reko.Analysis.SsaIdentifierCollection.get_Item(Identifier id) in D:\dev\uxmal\reko\master\src\Decompiler\Analysis\SsaIdentifierCollection.cs:line 55
   at Reko.Analysis.DeadCode.VisitIdentifier(Identifier id) in D:\dev\uxmal\reko\master\src\Decompiler\Analysis\DeadCode.cs:line 148
   at Reko.Core.Expressions.Identifier.Accept(IExpressionVisitor v) in D:\dev\uxmal\reko\master\src\Core\Expressions\Identifier.cs:line 91
   at Reko.Core.Code.InstructionVisitorBase.VisitMemoryAccess(MemoryAccess access) in D:\dev\uxmal\reko\master\src\Core\Code\InstructionVisitor.cs:line 214
   at Reko.Core.Expressions.MemoryAccess.Accept(IExpressionVisitor v) in D:\dev\uxmal\reko\master\src\Core\Expressions\MemoryAccess.cs:line 76
   at Reko.Analysis.DeadCode.VisitStore(Store store) in D:\dev\uxmal\reko\master\src\Decompiler\Analysis\DeadCode.cs:line 155
   at Reko.Core.Code.Store.Accept(InstructionVisitor v) in D:\dev\uxmal\reko\master\src\Core\Code\Assignment.cs:line 90
   at Reko.Analysis.DeadCode.Eliminate() in D:\dev\uxmal\reko\master\src\Decompiler\Analysis\DeadCode.cs:line 100
   at Reko.Analysis.DeadCode.Eliminate(Procedure proc, SsaState ssa) in D:\dev\uxmal\reko\master\src\Decompiler\Analysis\DeadCode.cs:line 82
   at Reko.Analysis.DataFlowAnalysis.BuildExpressionTrees() in D:\dev\uxmal\reko\master\src\Decompiler\Analysis\DataFlowAnalysis.cs:line 100
03B0: error: An error occurred while processing the statement word16 af_90 = DPB(Mem74[v3 - 2 + 0x0000:word16], 0x05, 8).
    Pulling difference ptr32 and (union (int16 u0) (ui32 u1))
       at Reko.Core.Expressions.ExpressionTypeAscenderBase.PullDiffDataType(DataType dtLeft, DataType dtRight) in D:\dev\uxmal\reko\master\src\Core\Expressions\ExpressionTypeAscenderBase.cs:line 260
   at Reko.Core.Expressions.ExpressionTypeAscenderBase.VisitBinaryExpression(BinaryExpression binExp) in D:\dev\uxmal\reko\master\src\Core\Expressions\ExpressionTypeAscenderBase.cs:line 97
   at Reko.Core.Expressions.BinaryExpression.Accept[T](ExpressionVisitor`1 v) in D:\dev\uxmal\reko\master\src\Core\Expressions\BinaryExpression.cs:line 59
   at Reko.Core.Expressions.ExpressionTypeAscenderBase.VisitBinaryExpression(BinaryExpression binExp) in D:\dev\uxmal\reko\master\src\Core\Expressions\ExpressionTypeAscenderBase.cs:line 84
   at Reko.Core.Expressions.BinaryExpression.Accept[T](ExpressionVisitor`1 v) in D:\dev\uxmal\reko\master\src\Core\Expressions\BinaryExpression.cs:line 59
   at Reko.Core.Expressions.ExpressionTypeAscenderBase.VisitMemoryAccessCommon(Expression access, Expression ea) in D:\dev\uxmal\reko\master\src\Core\Expressions\ExpressionTypeAscenderBase.cs:line 347
   at Reko.Core.Expressions.ExpressionTypeAscenderBase.VisitMemoryAccess(MemoryAccess access) in D:\dev\uxmal\reko\master\src\Core\Expressions\ExpressionTypeAscenderBase.cs:line 342
   at Reko.Core.Expressions.MemoryAccess.Accept[T](ExpressionVisitor`1 v) in D:\dev\uxmal\reko\master\src\Core\Expressions\MemoryAccess.cs:line 81
   at Reko.Core.Expressions.ExpressionTypeAscenderBase.VisitDepositBits(DepositBits d) in D:\dev\uxmal\reko\master\src\Core\Expressions\ExpressionTypeAscenderBase.cs:line 313
   at Reko.Core.Expressions.DepositBits.Accept[T](ExpressionVisitor`1 v) in D:\dev\uxmal\reko\master\src\Core\Expressions\DepositBits.cs:line 68
   at Reko.Typing.TypeCollector.VisitDeclaration(Declaration decl) in D:\dev\uxmal\reko\master\src\Decompiler\Typing\TypeCollector.cs:line 168
   at Reko.Core.Code.Declaration.Accept(InstructionVisitor v) in D:\dev\uxmal\reko\master\src\Core\Code\Declaration.cs:line 49
   at Reko.Typing.TypeCollector.CollectTypes() in D:\dev\uxmal\reko\master\src\Decompiler\Typing\TypeCollector.cs:line 84
064E: error: An error occurred while processing the statement word16 af_101 = DPB(Mem64[v3 - 2 + 0x0000:word16], 0x05, 8).
    Pulling difference ptr32 and (union (int16 u0) (ui32 u1))
       at Reko.Core.Expressions.ExpressionTypeAscenderBase.PullDiffDataType(DataType dtLeft, DataType dtRight) in D:\dev\uxmal\reko\master\src\Core\Expressions\ExpressionTypeAscenderBase.cs:line 260
   at Reko.Core.Expressions.ExpressionTypeAscenderBase.VisitBinaryExpression(BinaryExpression binExp) in D:\dev\uxmal\reko\master\src\Core\Expressions\ExpressionTypeAscenderBase.cs:line 97
   at Reko.Core.Expressions.BinaryExpression.Accept[T](ExpressionVisitor`1 v) in D:\dev\uxmal\reko\master\src\Core\Expressions\BinaryExpression.cs:line 59
   at Reko.Core.Expressions.ExpressionTypeAscenderBase.VisitBinaryExpression(BinaryExpression binExp) in D:\dev\uxmal\reko\master\src\Core\Expressions\ExpressionTypeAscenderBase.cs:line 84
   at Reko.Core.Expressions.BinaryExpression.Accept[T](ExpressionVisitor`1 v) in D:\dev\uxmal\reko\master\src\Core\Expressions\BinaryExpression.cs:line 59
   at Reko.Core.Expressions.ExpressionTypeAscenderBase.VisitMemoryAccessCommon(Expression access, Expression ea) in D:\dev\uxmal\reko\master\src\Core\Expressions\ExpressionTypeAscenderBase.cs:line 347
   at Reko.Core.Expressions.ExpressionTypeAscenderBase.VisitMemoryAccess(MemoryAccess access) in D:\dev\uxmal\reko\master\src\Core\Expressions\ExpressionTypeAscenderBase.cs:line 342
   at Reko.Core.Expressions.MemoryAccess.Accept[T](ExpressionVisitor`1 v) in D:\dev\uxmal\reko\master\src\Core\Expressions\MemoryAccess.cs:line 81
   at Reko.Core.Expressions.ExpressionTypeAscenderBase.VisitDepositBits(DepositBits d) in D:\dev\uxmal\reko\master\src\Core\Expressions\ExpressionTypeAscenderBase.cs:line 313
   at Reko.Core.Expressions.DepositBits.Accept[T](ExpressionVisitor`1 v) in D:\dev\uxmal\reko\master\src\Core\Expressions\DepositBits.cs:line 68
   at Reko.Typing.TypeCollector.VisitDeclaration(Declaration decl) in D:\dev\uxmal\reko\master\src\Decompiler\Typing\TypeCollector.cs:line 168
   at Reko.Core.Code.Declaration.Accept(InstructionVisitor v) in D:\dev\uxmal\reko\master\src\Core\Code\Declaration.cs:line 49
   at Reko.Typing.TypeCollector.CollectTypes() in D:\dev\uxmal\reko\master\src\Decompiler\Typing\TypeCollector.cs:line 84
0AD1: error: An error occurred while processing the statement word16 af_42 = DPB(Mem30[v3 - 2 + 0x0000:word16], 0x05, 8).
    Pulling difference ptr32 and (union (int16 u0) (ui32 u1))
       at Reko.Core.Expressions.ExpressionTypeAscenderBase.PullDiffDataType(DataType dtLeft, DataType dtRight) in D:\dev\uxmal\reko\master\src\Core\Expressions\ExpressionTypeAscenderBase.cs:line 260
   at Reko.Core.Expressions.ExpressionTypeAscenderBase.VisitBinaryExpression(BinaryExpression binExp) in D:\dev\uxmal\reko\master\src\Core\Expressions\ExpressionTypeAscenderBase.cs:line 97
   at Reko.Core.Expressions.BinaryExpression.Accept[T](ExpressionVisitor`1 v) in D:\dev\uxmal\reko\master\src\Core\Expressions\BinaryExpression.cs:line 59
   at Reko.Core.Expressions.ExpressionTypeAscenderBase.VisitBinaryExpression(BinaryExpression binExp) in D:\dev\uxmal\reko\master\src\Core\Expressions\ExpressionTypeAscenderBase.cs:line 84
   at Reko.Core.Expressions.BinaryExpression.Accept[T](ExpressionVisitor`1 v) in D:\dev\uxmal\reko\master\src\Core\Expressions\BinaryExpression.cs:line 59
   at Reko.Core.Expressions.ExpressionTypeAscenderBase.VisitMemoryAccessCommon(Expression access, Expression ea) in D:\dev\uxmal\reko\master\src\Core\Expressions\ExpressionTypeAscenderBase.cs:line 347
   at Reko.Core.Expressions.ExpressionTypeAscenderBase.VisitMemoryAccess(MemoryAccess access) in D:\dev\uxmal\reko\master\src\Core\Expressions\ExpressionTypeAscenderBase.cs:line 342
   at Reko.Core.Expressions.MemoryAccess.Accept[T](ExpressionVisitor`1 v) in D:\dev\uxmal\reko\master\src\Core\Expressions\MemoryAccess.cs:line 81
   at Reko.Core.Expressions.ExpressionTypeAscenderBase.VisitDepositBits(DepositBits d) in D:\dev\uxmal\reko\master\src\Core\Expressions\ExpressionTypeAscenderBase.cs:line 313
   at Reko.Core.Expressions.DepositBits.Accept[T](ExpressionVisitor`1 v) in D:\dev\uxmal\reko\master\src\Core\Expressions\DepositBits.cs:line 68
   at Reko.Typing.TypeCollector.VisitDeclaration(Declaration decl) in D:\dev\uxmal\reko\master\src\Decompiler\Typing\TypeCollector.cs:line 168
   at Reko.Core.Code.Declaration.Accept(InstructionVisitor v) in D:\dev\uxmal\reko\master\src\Core\Code\Declaration.cs:line 49
   at Reko.Typing.TypeCollector.CollectTypes() in D:\dev\uxmal\reko\master\src\Decompiler\Typing\TypeCollector.cs:line 84
fn0B2C_exit: warning: Phi functions will be ignored by type analysis. This may be caused by a failure in a previous stage of the decompilation.
0A60: error: An error occurred while processing the statement word16 af_108 = DPB(Mem94[fp - 2 + 0x0000:word16], 0x04, 8).
    Pulling difference ptr32 and (union (int16 u0) (ui32 u1))
       at Reko.Core.Expressions.ExpressionTypeAscenderBase.PullDiffDataType(DataType dtLeft, DataType dtRight) in D:\dev\uxmal\reko\master\src\Core\Expressions\ExpressionTypeAscenderBase.cs:line 260
   at Reko.Core.Expressions.ExpressionTypeAscenderBase.VisitBinaryExpression(BinaryExpression binExp) in D:\dev\uxmal\reko\master\src\Core\Expressions\ExpressionTypeAscenderBase.cs:line 97
   at Reko.Core.Expressions.BinaryExpression.Accept[T](ExpressionVisitor`1 v) in D:\dev\uxmal\reko\master\src\Core\Expressions\BinaryExpression.cs:line 59
   at Reko.Core.Expressions.ExpressionTypeAscenderBase.VisitBinaryExpression(BinaryExpression binExp) in D:\dev\uxmal\reko\master\src\Core\Expressions\ExpressionTypeAscenderBase.cs:line 84
   at Reko.Core.Expressions.BinaryExpression.Accept[T](ExpressionVisitor`1 v) in D:\dev\uxmal\reko\master\src\Core\Expressions\BinaryExpression.cs:line 59
   at Reko.Core.Expressions.ExpressionTypeAscenderBase.VisitMemoryAccessCommon(Expression access, Expression ea) in D:\dev\uxmal\reko\master\src\Core\Expressions\ExpressionTypeAscenderBase.cs:line 347
   at Reko.Core.Expressions.ExpressionTypeAscenderBase.VisitMemoryAccess(MemoryAccess access) in D:\dev\uxmal\reko\master\src\Core\Expressions\ExpressionTypeAscenderBase.cs:line 342
   at Reko.Core.Expressions.MemoryAccess.Accept[T](ExpressionVisitor`1 v) in D:\dev\uxmal\reko\master\src\Core\Expressions\MemoryAccess.cs:line 81
   at Reko.Core.Expressions.ExpressionTypeAscenderBase.VisitDepositBits(DepositBits d) in D:\dev\uxmal\reko\master\src\Core\Expressions\ExpressionTypeAscenderBase.cs:line 313
   at Reko.Core.Expressions.DepositBits.Accept[T](ExpressionVisitor`1 v) in D:\dev\uxmal\reko\master\src\Core\Expressions\DepositBits.cs:line 68
   at Reko.Typing.TypeCollector.VisitDeclaration(Declaration decl) in D:\dev\uxmal\reko\master\src\Decompiler\Typing\TypeCollector.cs:line 168
   at Reko.Core.Code.Declaration.Accept(InstructionVisitor v) in D:\dev\uxmal\reko\master\src\Core\Code\Declaration.cs:line 49
   at Reko.Typing.TypeCollector.CollectTypes() in D:\dev\uxmal\reko\master\src\Decompiler\Typing\TypeCollector.cs:line 84
fn03B2: warning: Structure analysis stopped making progress, quitting. Please report this issue at https://github.com/uxmal/reko
00000823: warning: Expected sizes of arrays to have been determined by now
00000823: warning: Expected sizes of arrays to have been determined by now
=== VMS-vax\unzip.dcproject
=== i8051\rtl8188efw.dcproject
=== regressions\angr-148\test
=== regressions\reko-121\m68k_jump.dcproject
=== regressions\reko-351\a.out
=== regressions\reko-367\code.dcproject
=== regressions\reko-90\PP.EXE
*** regressions\reko-90\PP.EXE
Borland C v3 runtime detected
0800:9016: warning: Procedure fn0800_8F97 previously had a return address of 2 bytes on the stack, but now seems to have a return address of 0 bytes on the stack.
0800:9067: warning: Procedure fn0800_8F97 previously had a return address of 2 bytes on the stack, but now seems to have a return address of 0 bytes on the stack.
0800:9042: warning: Procedure fn0800_8F97 previously had a return address of 2 bytes on the stack, but now seems to have a return address of 0 bytes on the stack.
0800:903F: warning: Procedure fn0800_8F97 previously had a return address of 2 bytes on the stack, but now seems to have a return address of 0 bytes on the stack.
0800:9075: warning: Procedure fn0800_8F97 previously had a return address of 2 bytes on the stack, but now seems to have a return address of 0 bytes on the stack.
0800:906C: warning: Procedure fn0800_8F97 previously had a return address of 2 bytes on the stack, but now seems to have a return address of 0 bytes on the stack.
0800:906C: warning: Procedure fn0800_8F97 previously had a return address of 2 bytes on the stack, but now seems to have a return address of 0 bytes on the stack.
0800:906C: warning: Procedure fn0800_8F97 previously had a return address of 2 bytes on the stack, but now seems to have a return address of 0 bytes on the stack.
0800:9127: warning: Procedure fn0800_8F97 previously had a return address of 2 bytes on the stack, but now seems to have a return address of 0 bytes on the stack.
0800:920B: warning: Procedure fn0800_8F97 previously had a return address of 2 bytes on the stack, but now seems to have a return address of 0 bytes on the stack.
0800:9121: warning: Procedure fn0800_8F97 previously had a return address of 2 bytes on the stack, but now seems to have a return address of 0 bytes on the stack.
0800:9124: warning: Procedure fn0800_8F97 previously had a return address of 2 bytes on the stack, but now seems to have a return address of 0 bytes on the stack.
0800:9313: warning: Procedure fn0800_8F97 previously had a return address of 2 bytes on the stack, but now seems to have a return address of 0 bytes on the stack.
0800:9398: warning: Procedure fn0800_8F97 previously had a return address of 2 bytes on the stack, but now seems to have a return address of 0 bytes on the stack.
0800:939E: warning: Procedure fn0800_8F97 previously had a return address of 2 bytes on the stack, but now seems to have a return address of 0 bytes on the stack.
0800:93A3: warning: Procedure fn0800_8F97 previously had a return address of 2 bytes on the stack, but now seems to have a return address of 0 bytes on the stack.
0800:92AE: warning: Procedure fn0800_8F97 previously had a return address of 2 bytes on the stack, but now seems to have a return address of 0 bytes on the stack.
0800:9208: warning: Procedure fn0800_8F97 previously had a return address of 2 bytes on the stack, but now seems to have a return address of 0 bytes on the stack.
0800:919E: warning: Procedure fn0800_8F97 previously had a return address of 2 bytes on the stack, but now seems to have a return address of 0 bytes on the stack.
0800:8BC8: warning: Procedure fn0800_8BC2 previously had a return address of 4 bytes on the stack, but now seems to have a return address of 0 bytes on the stack.
0800:9F9D: warning: Procedure fn0800_9F89 previously had a return address of 2 bytes on the stack, but now seems to have a return address of 0 bytes on the stack.
0800:9F9D: warning: Procedure fn0800_9F89 previously had a return address of 2 bytes on the stack, but now seems to have a return address of 0 bytes on the stack.
0800:9F8F: warning: Procedure fn0800_9F89 previously had a return address of 2 bytes on the stack, but now seems to have a return address of 0 bytes on the stack.
1483:0CA6: warning: Call target address 1483:FD4E is invalid.
1483:0CD2: warning: Call target address 1483:4FE0 is invalid.
1483:0C8F: warning: Procedure fn1483_0C6C previously had a return address of 2 bytes on the stack, but now seems to have a return address of 0 bytes on the stack.
1483:0C53: warning: Procedure fn1483_0C11 previously had a return address of 2 bytes on the stack, but now seems to have a return address of 0 bytes on the stack.
1483:0CA6: warning: Call target address 1483:FD4E is invalid.
1483:0C9D: warning: Procedure fn1483_0C91 previously had a return address of 2 bytes on the stack, but now seems to have a return address of 0 bytes on the stack.
1483:0CA0: warning: Procedure fn1483_0CA0 previously had a return address of 2 bytes on the stack, but now seems to have a return address of 0 bytes on the stack.
1483:0D6F: warning: Call target address 1483:8A82 is invalid.
1483:0D04: warning: Procedure fn1483_0CFC previously had a return address of 2 bytes on the stack, but now seems to have a return address of 0 bytes on the stack.
1483:0D02: warning: Procedure fn1483_0CFA previously had a return address of 2 bytes on the stack, but now seems to have a return address of 0 bytes on the stack.
1483:0DCF: warning: Procedure fn1483_0D3F previously had a return address of 2 bytes on the stack, but now seems to have a return address of 4 bytes on the stack.
1483:0DCF: warning: Multiple different values of stack delta in procedure fn1483_0D3F when processing RET instruction; was 2 previously.
0800:906C: error: An error occurred while processing instruction at address 0800:906C.
    The given key was not present in the dictionary.
       at System.ThrowHelper.ThrowKeyNotFoundException()
   at System.Collections.Generic.Dictionary`2.get_Item(TKey key)
   at Reko.Analysis.ExpressionPropagator.GetStackDepthBeforeCall() in D:\dev\uxmal\reko\master\src\Decompiler\Analysis\ExpressionPropagator.cs:line 152
   at Reko.Analysis.ExpressionPropagator.VisitCallInstruction(CallInstruction ci) in D:\dev\uxmal\reko\master\src\Decompiler\Analysis\ExpressionPropagator.cs:line 108
   at Reko.Core.Code.CallInstruction.Accept[T](InstructionVisitor`1 visitor) in D:\dev\uxmal\reko\master\src\Core\Code\CallInstruction.cs:line 66
   at Reko.Analysis.TrashedRegisterFinder.RewriteBlock(Block block) in D:\dev\uxmal\reko\master\src\Decompiler\Analysis\TrashedRegisterFinder.cs:line 219
0800:906C: error: An error occurred while processing instruction at address 0800:906C.
    The given key was not present in the dictionary.
       at System.ThrowHelper.ThrowKeyNotFoundException()
   at System.Collections.Generic.Dictionary`2.get_Item(TKey key)
   at Reko.Analysis.ExpressionPropagator.GetStackDepthBeforeCall() in D:\dev\uxmal\reko\master\src\Decompiler\Analysis\ExpressionPropagator.cs:line 152
   at Reko.Analysis.ExpressionPropagator.VisitCallInstruction(CallInstruction ci) in D:\dev\uxmal\reko\master\src\Decompiler\Analysis\ExpressionPropagator.cs:line 108
   at Reko.Core.Code.CallInstruction.Accept[T](InstructionVisitor`1 visitor) in D:\dev\uxmal\reko\master\src\Core\Code\CallInstruction.cs:line 66
   at Reko.Analysis.TrashedRegisterFinder.RewriteBlock(Block block) in D:\dev\uxmal\reko\master\src\Decompiler\Analysis\TrashedRegisterFinder.cs:line 219
0800:9F9D: error: An error occurred while processing instruction at address 0800:9F9D.
    The given key was not present in the dictionary.
       at System.ThrowHelper.ThrowKeyNotFoundException()
   at System.Collections.Generic.Dictionary`2.get_Item(TKey key)
   at Reko.Analysis.ExpressionPropagator.GetStackDepthBeforeCall() in D:\dev\uxmal\reko\master\src\Decompiler\Analysis\ExpressionPropagator.cs:line 152
   at Reko.Analysis.ExpressionPropagator.VisitCallInstruction(CallInstruction ci) in D:\dev\uxmal\reko\master\src\Decompiler\Analysis\ExpressionPropagator.cs:line 108
   at Reko.Core.Code.CallInstruction.Accept[T](InstructionVisitor`1 visitor) in D:\dev\uxmal\reko\master\src\Core\Code\CallInstruction.cs:line 66
   at Reko.Analysis.TrashedRegisterFinder.RewriteBlock(Block block) in D:\dev\uxmal\reko\master\src\Decompiler\Analysis\TrashedRegisterFinder.cs:line 219
0800:9F9D: error: An error occurred while processing instruction at address 0800:9F9D.
    The given key was not present in the dictionary.
       at System.ThrowHelper.ThrowKeyNotFoundException()
   at System.Collections.Generic.Dictionary`2.get_Item(TKey key)
   at Reko.Analysis.ExpressionPropagator.GetStackDepthBeforeCall() in D:\dev\uxmal\reko\master\src\Decompiler\Analysis\ExpressionPropagator.cs:line 152
   at Reko.Analysis.ExpressionPropagator.VisitCallInstruction(CallInstruction ci) in D:\dev\uxmal\reko\master\src\Decompiler\Analysis\ExpressionPropagator.cs:line 108
   at Reko.Core.Code.CallInstruction.Accept[T](InstructionVisitor`1 visitor) in D:\dev\uxmal\reko\master\src\Core\Code\CallInstruction.cs:line 66
   at Reko.Analysis.TrashedRegisterFinder.RewriteBlock(Block block) in D:\dev\uxmal\reko\master\src\Decompiler\Analysis\TrashedRegisterFinder.cs:line 219
1483:0CA6: error: An error occurred while processing instruction at address 1483:0CA6.
    The given key was not present in the dictionary.
       at System.ThrowHelper.ThrowKeyNotFoundException()
   at System.Collections.Generic.Dictionary`2.get_Item(TKey key)
   at Reko.Analysis.ExpressionPropagator.GetStackDepthBeforeCall() in D:\dev\uxmal\reko\master\src\Decompiler\Analysis\ExpressionPropagator.cs:line 152
   at Reko.Analysis.ExpressionPropagator.VisitCallInstruction(CallInstruction ci) in D:\dev\uxmal\reko\master\src\Decompiler\Analysis\ExpressionPropagator.cs:line 108
   at Reko.Core.Code.CallInstruction.Accept[T](InstructionVisitor`1 visitor) in D:\dev\uxmal\reko\master\src\Core\Code\CallInstruction.cs:line 66
   at Reko.Analysis.TrashedRegisterFinder.RewriteBlock(Block block) in D:\dev\uxmal\reko\master\src\Decompiler\Analysis\TrashedRegisterFinder.cs:line 219
1483:0CD2: error: An error occurred while processing instruction at address 1483:0CD2.
    The given key was not present in the dictionary.
       at System.ThrowHelper.ThrowKeyNotFoundException()
   at System.Collections.Generic.Dictionary`2.get_Item(TKey key)
   at Reko.Analysis.ExpressionPropagator.GetStackDepthBeforeCall() in D:\dev\uxmal\reko\master\src\Decompiler\Analysis\ExpressionPropagator.cs:line 152
   at Reko.Analysis.ExpressionPropagator.VisitCallInstruction(CallInstruction ci) in D:\dev\uxmal\reko\master\src\Decompiler\Analysis\ExpressionPropagator.cs:line 108
   at Reko.Core.Code.CallInstruction.Accept[T](InstructionVisitor`1 visitor) in D:\dev\uxmal\reko\master\src\Core\Code\CallInstruction.cs:line 66
   at Reko.Analysis.TrashedRegisterFinder.RewriteBlock(Block block) in D:\dev\uxmal\reko\master\src\Decompiler\Analysis\TrashedRegisterFinder.cs:line 219
1483:0D02: error: An error occurred while processing instruction at address 1483:0D02.
    The given key was not present in the dictionary.
       at System.ThrowHelper.ThrowKeyNotFoundException()
   at System.Collections.Generic.Dictionary`2.get_Item(TKey key)
   at Reko.Analysis.ExpressionPropagator.GetStackDepthBeforeCall() in D:\dev\uxmal\reko\master\src\Decompiler\Analysis\ExpressionPropagator.cs:line 152
   at Reko.Analysis.ExpressionPropagator.VisitCallInstruction(CallInstruction ci) in D:\dev\uxmal\reko\master\src\Decompiler\Analysis\ExpressionPropagator.cs:line 108
   at Reko.Core.Code.CallInstruction.Accept[T](InstructionVisitor`1 visitor) in D:\dev\uxmal\reko\master\src\Core\Code\CallInstruction.cs:line 66
   at Reko.Analysis.TrashedRegisterFinder.RewriteBlock(Block block) in D:\dev\uxmal\reko\master\src\Decompiler\Analysis\TrashedRegisterFinder.cs:line 219
1483:0D04: error: An error occurred while processing instruction at address 1483:0D04.
    The given key was not present in the dictionary.
       at System.ThrowHelper.ThrowKeyNotFoundException()
   at System.Collections.Generic.Dictionary`2.get_Item(TKey key)
   at Reko.Analysis.ExpressionPropagator.GetStackDepthBeforeCall() in D:\dev\uxmal\reko\master\src\Decompiler\Analysis\ExpressionPropagator.cs:line 152
   at Reko.Analysis.ExpressionPropagator.VisitCallInstruction(CallInstruction ci) in D:\dev\uxmal\reko\master\src\Decompiler\Analysis\ExpressionPropagator.cs:line 108
   at Reko.Core.Code.CallInstruction.Accept[T](InstructionVisitor`1 visitor) in D:\dev\uxmal\reko\master\src\Core\Code\CallInstruction.cs:line 66
   at Reko.Analysis.TrashedRegisterFinder.RewriteBlock(Block block) in D:\dev\uxmal\reko\master\src\Decompiler\Analysis\TrashedRegisterFinder.cs:line 219
fn0800_8F97: error: An error occurred during data flow analysis.
    Dominator graph calculation timed out.
       at Reko.Core.Lib.DominatorGraph`1.Intersect(Dictionary`2 postdoms, T b1, T b2) in D:\dev\uxmal\reko\master\src\Core\Lib\DominatorGraph.cs:line 237
   at Reko.Core.Lib.DominatorGraph`1.Build(DirectedGraph`1 graph, T entryNode) in D:\dev\uxmal\reko\master\src\Core\Lib\DominatorGraph.cs:line 163
   at Reko.Core.Lib.DominatorGraph`1..ctor(DirectedGraph`1 graph, T entryNode) in D:\dev\uxmal\reko\master\src\Core\Lib\DominatorGraph.cs:line 44
   at Reko.Analysis.DataFlowAnalysis.BuildSsaTransform(Procedure proc) in D:\dev\uxmal\reko\master\src\Decompiler\Analysis\DataFlowAnalysis.cs:line 162
   at Reko.Analysis.DataFlowAnalysis.BuildExpressionTrees() in D:\dev\uxmal\reko\master\src\Decompiler\Analysis\DataFlowAnalysis.cs:line 80
fn0800_9F92: error: An error occurred during data flow analysis.
    The given key was not present in the dictionary.
       at System.ThrowHelper.ThrowKeyNotFoundException()
   at System.Collections.Generic.Dictionary`2.get_Item(TKey key)
   at Reko.Analysis.SsaIdentifierCollection.get_Item(Identifier id) in D:\dev\uxmal\reko\master\src\Decompiler\Analysis\SsaIdentifierCollection.cs:line 55
   at Reko.Analysis.DeadCode.VisitIdentifier(Identifier id) in D:\dev\uxmal\reko\master\src\Decompiler\Analysis\DeadCode.cs:line 148
   at Reko.Core.Expressions.Identifier.Accept(IExpressionVisitor v) in D:\dev\uxmal\reko\master\src\Core\Expressions\Identifier.cs:line 91
   at Reko.Core.Code.InstructionVisitorBase.VisitSegmentedAccess(SegmentedAccess access) in D:\dev\uxmal\reko\master\src\Core\Code\InstructionVisitor.cs:line 258
   at Reko.Core.Expressions.SegmentedAccess.Accept(IExpressionVisitor visit) in D:\dev\uxmal\reko\master\src\Core\Expressions\MemoryAccess.cs:line 130
   at Reko.Analysis.DeadCode.VisitStore(Store store) in D:\dev\uxmal\reko\master\src\Decompiler\Analysis\DeadCode.cs:line 155
   at Reko.Core.Code.Store.Accept(InstructionVisitor v) in D:\dev\uxmal\reko\master\src\Core\Code\Assignment.cs:line 90
   at Reko.Analysis.DeadCode.Eliminate() in D:\dev\uxmal\reko\master\src\Decompiler\Analysis\DeadCode.cs:line 100
   at Reko.Analysis.DeadCode.Eliminate(Procedure proc, SsaState ssa) in D:\dev\uxmal\reko\master\src\Decompiler\Analysis\DeadCode.cs:line 82
   at Reko.Analysis.DataFlowAnalysis.BuildExpressionTrees() in D:\dev\uxmal\reko\master\src\Decompiler\Analysis\DataFlowAnalysis.cs:line 100
fn1483_0CA1: error: An error occurred during data flow analysis.
    The given key was not present in the dictionary.
       at System.ThrowHelper.ThrowKeyNotFoundException()
   at System.Collections.Generic.Dictionary`2.get_Item(TKey key)
   at Reko.Analysis.SsaIdentifierCollection.get_Item(Identifier id) in D:\dev\uxmal\reko\master\src\Decompiler\Analysis\SsaIdentifierCollection.cs:line 55
   at Reko.Analysis.DeadCode.VisitIdentifier(Identifier id) in D:\dev\uxmal\reko\master\src\Decompiler\Analysis\DeadCode.cs:line 148
   at Reko.Core.Expressions.Identifier.Accept(IExpressionVisitor v) in D:\dev\uxmal\reko\master\src\Core\Expressions\Identifier.cs:line 91
   at Reko.Core.Code.InstructionVisitorBase.VisitSegmentedAccess(SegmentedAccess access) in D:\dev\uxmal\reko\master\src\Core\Code\InstructionVisitor.cs:line 258
   at Reko.Core.Expressions.SegmentedAccess.Accept(IExpressionVisitor visit) in D:\dev\uxmal\reko\master\src\Core\Expressions\MemoryAccess.cs:line 130
   at Reko.Analysis.DeadCode.VisitStore(Store store) in D:\dev\uxmal\reko\master\src\Decompiler\Analysis\DeadCode.cs:line 155
   at Reko.Core.Code.Store.Accept(InstructionVisitor v) in D:\dev\uxmal\reko\master\src\Core\Code\Assignment.cs:line 90
   at Reko.Analysis.DeadCode.Eliminate() in D:\dev\uxmal\reko\master\src\Decompiler\Analysis\DeadCode.cs:line 100
   at Reko.Analysis.DeadCode.Eliminate(Procedure proc, SsaState ssa) in D:\dev\uxmal\reko\master\src\Decompiler\Analysis\DeadCode.cs:line 82
   at Reko.Analysis.DataFlowAnalysis.BuildExpressionTrees() in D:\dev\uxmal\reko\master\src\Decompiler\Analysis\DataFlowAnalysis.cs:line 100
fn1483_0CFC: error: An error occurred during data flow analysis.
    The given key was not present in the dictionary.
       at System.ThrowHelper.ThrowKeyNotFoundException()
   at System.Collections.Generic.Dictionary`2.get_Item(TKey key)
   at Reko.Analysis.SsaIdentifierCollection.get_Item(Identifier id) in D:\dev\uxmal\reko\master\src\Decompiler\Analysis\SsaIdentifierCollection.cs:line 55
   at Reko.Analysis.DeadCode.VisitIdentifier(Identifier id) in D:\dev\uxmal\reko\master\src\Decompiler\Analysis\DeadCode.cs:line 148
   at Reko.Core.Expressions.Identifier.Accept(IExpressionVisitor v) in D:\dev\uxmal\reko\master\src\Core\Expressions\Identifier.cs:line 91
   at Reko.Core.Code.InstructionVisitorBase.VisitSegmentedAccess(SegmentedAccess access) in D:\dev\uxmal\reko\master\src\Core\Code\InstructionVisitor.cs:line 258
   at Reko.Core.Expressions.SegmentedAccess.Accept(IExpressionVisitor visit) in D:\dev\uxmal\reko\master\src\Core\Expressions\MemoryAccess.cs:line 130
   at Reko.Analysis.DeadCode.VisitStore(Store store) in D:\dev\uxmal\reko\master\src\Decompiler\Analysis\DeadCode.cs:line 155
   at Reko.Core.Code.Store.Accept(InstructionVisitor v) in D:\dev\uxmal\reko\master\src\Core\Code\Assignment.cs:line 90
   at Reko.Analysis.DeadCode.Eliminate() in D:\dev\uxmal\reko\master\src\Decompiler\Analysis\DeadCode.cs:line 100
   at Reko.Analysis.DeadCode.Eliminate(Procedure proc, SsaState ssa) in D:\dev\uxmal\reko\master\src\Decompiler\Analysis\DeadCode.cs:line 82
   at Reko.Analysis.DataFlowAnalysis.BuildExpressionTrees() in D:\dev\uxmal\reko\master\src\Decompiler\Analysis\DataFlowAnalysis.cs:line 100
fn1483_1BB9: error: An error occurred during data flow analysis.
    The given key was not present in the dictionary.
       at System.ThrowHelper.ThrowKeyNotFoundException()
   at System.Collections.Generic.Dictionary`2.get_Item(TKey key)
   at Reko.Analysis.Aliases.Def(Identifier idar) in D:\dev\uxmal\reko\master\src\Decompiler\Analysis\Aliases.cs:line 91
   at Reko.Analysis.Aliases.VisitAssignment(Assignment ass) in D:\dev\uxmal\reko\master\src\Decompiler\Analysis\Aliases.cs:line 184
   at Reko.Core.Code.Assignment.Accept(InstructionVisitor v) in D:\dev\uxmal\reko\master\src\Core\Code\Assignment.cs:line 56
   at Reko.Analysis.Aliases.Transform() in D:\dev\uxmal\reko\master\src\Decompiler\Analysis\Aliases.cs:line 177
   at Reko.Analysis.DataFlowAnalysis.BuildSsaTransform(Procedure proc) in D:\dev\uxmal\reko\master\src\Decompiler\Analysis\DataFlowAnalysis.cs:line 160
   at Reko.Analysis.DataFlowAnalysis.BuildExpressionTrees() in D:\dev\uxmal\reko\master\src\Decompiler\Analysis\DataFlowAnalysis.cs:line 80
fn0800_9F92_exit: warning: Phi functions will be ignored by type analysis. This may be caused by a failure in a previous stage of the decompilation.
0800:BBF7: error: An error occurred while processing the statement branch Mem0[ptrArg02 - 0x0001 + 0x0000:byte] != 0x2E l0800_BBFC.
    Not handling (ptr32 (struct (0 T_43069 t0000))) and (union (ptr32 u1) (segptr32 u0)) yet
       at Reko.Typing.ExpressionTypeDescender.PushSubtrahendDataType(DataType dtDiff, DataType dtMin) in D:\dev\uxmal\reko\master\src\Decompiler\Typing\ExpressionTypeDescender.cs:line 395
   at Reko.Typing.ExpressionTypeDescender.VisitBinaryExpression(BinaryExpression binExp, TypeVariable tv) in D:\dev\uxmal\reko\master\src\Decompiler\Typing\ExpressionTypeDescender.cs:line 229
   at Reko.Core.Expressions.BinaryExpression.Accept[T,C](ExpressionVisitor`2 v, C context) in D:\dev\uxmal\reko\master\src\Core\Expressions\BinaryExpression.cs:line 54
   at Reko.Typing.ExpressionTypeDescender.VisitMemoryAccess(Expression basePointer, TypeVariable tvAccess, Expression effectiveAddress, Expression globals) in D:\dev\uxmal\reko\master\src\Decompiler\Typing\ExpressionTypeDescender.cs:line 553
   at Reko.Typing.ExpressionTypeDescender.VisitMemoryAccess(MemoryAccess access, TypeVariable tv) in D:\dev\uxmal\reko\master\src\Decompiler\Typing\ExpressionTypeDescender.cs:line 496
   at Reko.Core.Expressions.MemoryAccess.Accept[T,C](ExpressionVisitor`2 v, C context) in D:\dev\uxmal\reko\master\src\Core\Expressions\MemoryAccess.cs:line 71
   at Reko.Typing.ExpressionTypeDescender.VisitBinaryExpression(BinaryExpression binExp, TypeVariable tv) in D:\dev\uxmal\reko\master\src\Decompiler\Typing\ExpressionTypeDescender.cs:line 324
   at Reko.Core.Expressions.BinaryExpression.Accept[T,C](ExpressionVisitor`2 v, C context) in D:\dev\uxmal\reko\master\src\Core\Expressions\BinaryExpression.cs:line 54
   at Reko.Typing.TypeCollector.VisitBranch(Branch branch) in D:\dev\uxmal\reko\master\src\Decompiler\Typing\TypeCollector.cs:line 144
   at Reko.Core.Code.Branch.Accept(InstructionVisitor v) in D:\dev\uxmal\reko\master\src\Core\Code\Branch.cs:line 55
   at Reko.Typing.TypeCollector.CollectTypes() in D:\dev\uxmal\reko\master\src\Decompiler\Typing\TypeCollector.cs:line 84
0800:C743: error: An error occurred while processing the statement si_251 = wLoc06_165 - (fp - 0x0090).
    Not handling mp16 and mp16 yet
       at Reko.Typing.ExpressionTypeDescender.PushMinuendDataType(DataType dtDiff, DataType dtSub) in D:\dev\uxmal\reko\master\src\Decompiler\Typing\ExpressionTypeDescender.cs:line 382
   at Reko.Typing.ExpressionTypeDescender.VisitBinaryExpression(BinaryExpression binExp, TypeVariable tv) in D:\dev\uxmal\reko\master\src\Decompiler\Typing\ExpressionTypeDescender.cs:line 227
   at Reko.Core.Expressions.BinaryExpression.Accept[T,C](ExpressionVisitor`2 v, C context) in D:\dev\uxmal\reko\master\src\Core\Expressions\BinaryExpression.cs:line 54
   at Reko.Typing.TypeCollector.VisitAssignment(Assignment ass) in D:\dev\uxmal\reko\master\src\Decompiler\Typing\TypeCollector.cs:line 132
   at Reko.Core.Code.Assignment.Accept(InstructionVisitor v) in D:\dev\uxmal\reko\master\src\Core\Code\Assignment.cs:line 56
   at Reko.Typing.TypeCollector.CollectTypes() in D:\dev\uxmal\reko\master\src\Decompiler\Typing\TypeCollector.cs:line 84
0800:C6E6: error: An error occurred while processing the statement word16 dx_281 = v26_276 - (fp - 0x0090).
    Not handling mp16 and mp16 yet
       at Reko.Typing.ExpressionTypeDescender.PushMinuendDataType(DataType dtDiff, DataType dtSub) in D:\dev\uxmal\reko\master\src\Decompiler\Typing\ExpressionTypeDescender.cs:line 382
   at Reko.Typing.ExpressionTypeDescender.VisitBinaryExpression(BinaryExpression binExp, TypeVariable tv) in D:\dev\uxmal\reko\master\src\Decompiler\Typing\ExpressionTypeDescender.cs:line 227
   at Reko.Core.Expressions.BinaryExpression.Accept[T,C](ExpressionVisitor`2 v, C context) in D:\dev\uxmal\reko\master\src\Core\Expressions\BinaryExpression.cs:line 54
   at Reko.Typing.TypeCollector.VisitDeclaration(Declaration decl) in D:\dev\uxmal\reko\master\src\Decompiler\Typing\TypeCollector.cs:line 170
   at Reko.Core.Code.Declaration.Accept(InstructionVisitor v) in D:\dev\uxmal\reko\master\src\Core\Code\Declaration.cs:line 49
   at Reko.Typing.TypeCollector.CollectTypes() in D:\dev\uxmal\reko\master\src\Decompiler\Typing\TypeCollector.cs:line 84
0800:C700: error: An error occurred while processing the statement si_251 = v26_276 - (fp - 0x0090).
    Not handling mp16 and mp16 yet
       at Reko.Typing.ExpressionTypeDescender.PushMinuendDataType(DataType dtDiff, DataType dtSub) in D:\dev\uxmal\reko\master\src\Decompiler\Typing\ExpressionTypeDescender.cs:line 382
   at Reko.Typing.ExpressionTypeDescender.VisitBinaryExpression(BinaryExpression binExp, TypeVariable tv) in D:\dev\uxmal\reko\master\src\Decompiler\Typing\ExpressionTypeDescender.cs:line 227
   at Reko.Core.Expressions.BinaryExpression.Accept[T,C](ExpressionVisitor`2 v, C context) in D:\dev\uxmal\reko\master\src\Core\Expressions\BinaryExpression.cs:line 54
   at Reko.Typing.TypeCollector.VisitAssignment(Assignment ass) in D:\dev\uxmal\reko\master\src\Decompiler\Typing\TypeCollector.cs:line 132
   at Reko.Core.Code.Assignment.Accept(InstructionVisitor v) in D:\dev\uxmal\reko\master\src\Core\Code\Assignment.cs:line 56
   at Reko.Typing.TypeCollector.CollectTypes() in D:\dev\uxmal\reko\master\src\Decompiler\Typing\TypeCollector.cs:line 84
l0800_0663: warning: Non-integral switch expression
l0800_906A: warning: Non-integral switch expression
=== regressions\snowman-51\switch.dcproject
=== regressions\snowman-74\int16.dll
=== regressions\snowman-82\flags
=== regressions\snowman-83\flags3
Decompiled 55 binaries in 68.14 seconds ---
